<?xml version="1.0" encoding="UTF-8"?>
<coverage generated="1760786848552" clover="3.2.0">
  <project timestamp="1760786848552" name="All files">
    <metrics statements="780" coveredstatements="618" conditionals="292" coveredconditionals="188" methods="176" coveredmethods="137" elements="1248" coveredelements="943" complexity="0" loc="780" ncloc="780" packages="4" files="13" classes="13"/>
    <package name="src">
      <metrics statements="340" coveredstatements="248" conditionals="137" coveredconditionals="70" methods="65" coveredmethods="46"/>
      <file name="app.component.ts" path="/home/leospe/PROGETTI/PWA/CLAUDE/easyturno_CLA/src/app.component.ts">
        <metrics statements="340" coveredstatements="248" conditionals="137" coveredconditionals="70" methods="65" coveredmethods="46"/>
        <line num="1" count="1" type="stmt"/>
        <line num="10" count="1" type="stmt"/>
        <line num="11" count="1" type="stmt"/>
        <line num="12" count="1" type="stmt"/>
        <line num="14" count="1" type="stmt"/>
        <line num="15" count="1" type="stmt"/>
        <line num="16" count="1" type="stmt"/>
        <line num="17" count="1" type="stmt"/>
        <line num="18" count="1" type="stmt"/>
        <line num="19" count="1" type="stmt"/>
        <line num="20" count="1" type="stmt"/>
        <line num="21" count="1" type="stmt"/>
        <line num="22" count="1" type="stmt"/>
        <line num="23" count="1" type="stmt"/>
        <line num="71" count="1" type="stmt"/>
        <line num="72" count="55" type="stmt"/>
        <line num="73" count="55" type="stmt"/>
        <line num="74" count="55" type="stmt"/>
        <line num="75" count="55" type="stmt"/>
        <line num="76" count="55" type="stmt"/>
        <line num="77" count="55" type="stmt"/>
        <line num="78" count="55" type="stmt"/>
        <line num="81" count="55" type="stmt"/>
        <line num="84" count="55" type="stmt"/>
        <line num="88" count="55" type="stmt"/>
        <line num="89" count="55" type="stmt"/>
        <line num="90" count="55" type="stmt"/>
        <line num="91" count="55" type="stmt"/>
        <line num="94" count="55" type="stmt"/>
        <line num="95" count="55" type="stmt"/>
        <line num="96" count="55" type="stmt"/>
        <line num="97" count="55" type="stmt"/>
        <line num="98" count="55" type="stmt"/>
        <line num="99" count="55" type="stmt"/>
        <line num="100" count="55" type="stmt"/>
        <line num="101" count="55" type="stmt"/>
        <line num="102" count="55" type="stmt"/>
        <line num="103" count="55" type="stmt"/>
        <line num="104" count="55" type="stmt"/>
        <line num="105" count="55" type="stmt"/>
        <line num="106" count="55" type="stmt"/>
        <line num="109" count="55" type="stmt"/>
        <line num="112" count="55" type="stmt"/>
        <line num="113" count="55" type="stmt"/>
        <line num="116" count="55" type="stmt"/>
        <line num="117" count="55" type="stmt"/>
        <line num="118" count="55" type="stmt"/>
        <line num="121" count="55" type="stmt"/>
        <line num="122" count="55" type="stmt"/>
        <line num="123" count="55" type="stmt"/>
        <line num="124" count="55" type="stmt"/>
        <line num="126" count="55" type="stmt"/>
        <line num="127" count="55" type="stmt"/>
        <line num="128" count="55" type="stmt"/>
        <line num="136" count="55" type="stmt"/>
        <line num="137" count="55" type="stmt"/>
        <line num="142" count="55" type="stmt"/>
        <line num="145" count="55" type="stmt"/>
        <line num="146" count="55" type="stmt"/>
        <line num="147" count="55" type="cond" truecount="4" falsecount="0"/>
        <line num="149" count="55" type="stmt"/>
        <line num="150" count="7" type="stmt"/>
        <line num="151" count="7" type="stmt"/>
        <line num="152" count="7" type="cond" truecount="2" falsecount="0"/>
        <line num="153" count="4" type="stmt"/>
        <line num="155" count="3" type="stmt"/>
        <line num="160" count="55" type="stmt"/>
        <line num="162" count="4" type="stmt"/>
        <line num="164" count="0" type="cond" truecount="0" falsecount="5"/>
        <line num="165" count="0" type="stmt"/>
        <line num="166" count="0" type="stmt"/>
        <line num="169" count="0" type="cond" truecount="0" falsecount="4"/>
        <line num="170" count="0" type="stmt"/>
        <line num="171" count="0" type="stmt"/>
        <line num="174" count="0" type="cond" truecount="0" falsecount="6"/>
        <line num="175" count="0" type="stmt"/>
        <line num="176" count="0" type="stmt"/>
        <line num="180" count="4" type="stmt"/>
        <line num="183" count="4" type="stmt"/>
        <line num="188" count="55" type="stmt"/>
        <line num="191" count="55" type="stmt"/>
        <line num="192" count="55" type="cond" truecount="1" falsecount="1"/>
        <line num="193" count="0" type="stmt"/>
        <line num="194" count="0" type="stmt"/>
        <line num="195" count="0" type="cond" truecount="0" falsecount="2"/>
        <line num="197" count="55" type="stmt"/>
        <line num="201" count="55" type="stmt"/>
        <line num="202" count="55" type="stmt"/>
        <line num="205" count="55" type="stmt"/>
        <line num="206" count="55" type="stmt"/>
        <line num="208" count="55" type="cond" truecount="3" falsecount="1"/>
        <line num="209" count="0" type="stmt"/>
        <line num="210" count="0" type="stmt"/>
        <line num="211" count="0" type="stmt"/>
        <line num="212" count="0" type="cond" truecount="0" falsecount="2"/>
        <line num="213" count="0" type="cond" truecount="0" falsecount="2"/>
        <line num="215" count="55" type="stmt"/>
        <line num="216" count="55" type="stmt"/>
        <line num="220" count="55" type="cond" truecount="1" falsecount="1"/>
        <line num="221" count="0" type="stmt"/>
        <line num="224" count="55" type="stmt"/>
        <line num="228" count="55" type="stmt"/>
        <line num="229" count="55" type="cond" truecount="1" falsecount="1"/>
        <line num="230" count="0" type="stmt"/>
        <line num="232" count="0" type="stmt"/>
        <line num="233" count="0" type="stmt"/>
        <line num="238" count="55" type="stmt"/>
        <line num="239" count="9" type="stmt"/>
        <line num="241" count="397" type="stmt"/>
        <line num="245" count="55" type="stmt"/>
        <line num="246" count="8" type="stmt"/>
        <line num="247" count="8" type="stmt"/>
        <line num="248" count="8" type="stmt"/>
        <line num="252" count="9" type="stmt"/>
        <line num="253" count="9" type="stmt"/>
        <line num="255" count="9" type="cond" truecount="2" falsecount="0"/>
        <line num="256" count="1" type="stmt"/>
        <line num="257" count="1" type="stmt"/>
        <line num="258" count="1" type="stmt"/>
        <line num="260" count="1" type="stmt"/>
        <line num="261" count="1" type="stmt"/>
        <line num="262" count="1" type="stmt"/>
        <line num="264" count="1" type="stmt"/>
        <line num="265" count="100" type="stmt"/>
        <line num="266" count="100" type="stmt"/>
        <line num="268" count="100" type="cond" truecount="2" falsecount="0"/>
        <line num="272" count="8" type="stmt"/>
        <line num="274" count="303" type="stmt"/>
        <line num="278" count="1" type="stmt"/>
        <line num="282" count="35" type="stmt"/>
        <line num="286" count="3" type="stmt"/>
        <line num="291" count="18" type="stmt"/>
        <line num="292" count="18" type="stmt"/>
        <line num="293" count="18" type="stmt"/>
        <line num="297" count="6" type="stmt"/>
        <line num="298" count="6" type="stmt"/>
        <line num="301" count="6" type="stmt"/>
        <line num="302" count="6" type="stmt"/>
        <line num="303" count="6" type="stmt"/>
        <line num="304" count="6" type="stmt"/>
        <line num="306" count="6" type="cond" truecount="5" falsecount="1"/>
        <line num="307" count="0" type="stmt"/>
        <line num="308" count="0" type="stmt"/>
        <line num="309" count="0" type="stmt"/>
        <line num="310" count="0" type="cond" truecount="0" falsecount="2"/>
        <line num="311" count="0" type="stmt"/>
        <line num="312" count="0" type="cond" truecount="0" falsecount="2"/>
        <line num="313" count="0" type="stmt"/>
        <line num="315" count="6" type="stmt"/>
        <line num="316" count="6" type="stmt"/>
        <line num="317" count="6" type="stmt"/>
        <line num="318" count="6" type="stmt"/>
        <line num="321" count="6" type="stmt"/>
        <line num="322" count="6" type="stmt"/>
        <line num="323" count="6" type="cond" truecount="2" falsecount="0"/>
        <line num="324" count="6" type="cond" truecount="2" falsecount="0"/>
        <line num="326" count="6" type="cond" truecount="2" falsecount="0"/>
        <line num="330" count="6" type="stmt"/>
        <line num="331" count="6" type="cond" truecount="2" falsecount="0"/>
        <line num="332" count="1" type="stmt"/>
        <line num="334" count="6" type="stmt"/>
        <line num="339" count="12" type="cond" truecount="2" falsecount="0"/>
        <line num="340" count="1" type="stmt"/>
        <line num="341" count="1" type="stmt"/>
        <line num="344" count="11" type="stmt"/>
        <line num="345" count="11" type="stmt"/>
        <line num="348" count="11" type="cond" truecount="1" falsecount="1"/>
        <line num="349" count="0" type="stmt"/>
        <line num="350" count="0" type="stmt"/>
        <line num="354" count="11" type="stmt"/>
        <line num="356" count="11" type="stmt"/>
        <line num="368" count="3" type="stmt"/>
        <line num="373" count="10" type="stmt"/>
        <line num="374" count="10" type="cond" truecount="2" falsecount="0"/>
        <line num="375" count="3" type="stmt"/>
        <line num="376" count="3" type="cond" truecount="1" falsecount="1"/>
        <line num="377" count="0" type="stmt"/>
        <line num="379" count="3" type="stmt"/>
        <line num="380" count="3" type="stmt"/>
        <line num="381" count="3" type="stmt"/>
        <line num="382" count="3" type="stmt"/>
        <line num="385" count="7" type="stmt"/>
        <line num="386" count="7" type="stmt"/>
        <line num="387" count="7" type="stmt"/>
        <line num="392" count="0" type="stmt"/>
        <line num="393" count="0" type="stmt"/>
        <line num="394" count="0" type="cond" truecount="0" falsecount="4"/>
        <line num="396" count="0" type="cond" truecount="0" falsecount="2"/>
        <line num="397" count="0" type="stmt"/>
        <line num="398" count="0" type="stmt"/>
        <line num="401" count="0" type="stmt"/>
        <line num="407" count="0" type="stmt"/>
        <line num="409" count="0" type="stmt"/>
        <line num="410" count="0" type="stmt"/>
        <line num="414" count="86" type="stmt"/>
        <line num="415" count="86" type="stmt"/>
        <line num="416" count="86" type="stmt"/>
        <line num="419" count="86" type="stmt"/>
        <line num="420" count="86" type="stmt"/>
        <line num="421" count="86" type="stmt"/>
        <line num="422" count="86" type="stmt"/>
        <line num="424" count="86" type="cond" truecount="5" falsecount="1"/>
        <line num="425" count="0" type="stmt"/>
        <line num="426" count="0" type="cond" truecount="0" falsecount="2"/>
        <line num="427" count="0" type="stmt"/>
        <line num="428" count="0" type="cond" truecount="0" falsecount="2"/>
        <line num="429" count="0" type="stmt"/>
        <line num="431" count="86" type="stmt"/>
        <line num="432" count="86" type="stmt"/>
        <line num="433" count="86" type="stmt"/>
        <line num="434" count="86" type="stmt"/>
        <line num="437" count="86" type="stmt"/>
        <line num="438" count="86" type="stmt"/>
        <line num="439" count="86" type="stmt"/>
        <line num="440" count="86" type="stmt"/>
        <line num="441" count="86" type="stmt"/>
        <line num="442" count="86" type="stmt"/>
        <line num="443" count="86" type="stmt"/>
        <line num="444" count="86" type="stmt"/>
        <line num="445" count="86" type="stmt"/>
        <line num="449" count="0" type="stmt"/>
        <line num="450" count="0" type="stmt"/>
        <line num="451" count="0" type="cond" truecount="0" falsecount="3"/>
        <line num="452" count="0" type="stmt"/>
        <line num="456" count="0" type="stmt"/>
        <line num="457" count="0" type="stmt"/>
        <line num="462" count="1" type="stmt"/>
        <line num="467" count="1" type="stmt"/>
        <line num="472" count="5" type="stmt"/>
        <line num="473" count="5" type="cond" truecount="2" falsecount="0"/>
        <line num="474" count="1" type="stmt"/>
        <line num="476" count="4" type="stmt"/>
        <line num="481" count="3" type="stmt"/>
        <line num="482" count="3" type="cond" truecount="1" falsecount="1"/>
        <line num="484" count="3" type="cond" truecount="2" falsecount="0"/>
        <line num="485" count="1" type="stmt"/>
        <line num="487" count="2" type="stmt"/>
        <line num="489" count="3" type="stmt"/>
        <line num="490" count="3" type="stmt"/>
        <line num="495" count="0" type="stmt"/>
        <line num="496" count="0" type="cond" truecount="0" falsecount="2"/>
        <line num="497" count="0" type="stmt"/>
        <line num="498" count="0" type="stmt"/>
        <line num="501" count="0" type="stmt"/>
        <line num="503" count="0" type="stmt"/>
        <line num="506" count="0" type="cond" truecount="0" falsecount="2"/>
        <line num="507" count="0" type="stmt"/>
        <line num="508" count="0" type="stmt"/>
        <line num="512" count="0" type="cond" truecount="0" falsecount="4"/>
        <line num="513" count="0" type="stmt"/>
        <line num="514" count="0" type="stmt"/>
        <line num="517" count="0" type="stmt"/>
        <line num="518" count="0" type="stmt"/>
        <line num="519" count="0" type="stmt"/>
        <line num="521" count="0" type="stmt"/>
        <line num="522" count="0" type="stmt"/>
        <line num="527" count="1" type="stmt"/>
        <line num="528" count="1" type="stmt"/>
        <line num="533" count="1" type="stmt"/>
        <line num="534" count="1" type="stmt"/>
        <line num="535" count="1" type="stmt"/>
        <line num="536" count="1" type="stmt"/>
        <line num="537" count="1" type="stmt"/>
        <line num="538" count="1" type="stmt"/>
        <line num="539" count="1" type="stmt"/>
        <line num="540" count="1" type="stmt"/>
        <line num="541" count="1" type="stmt"/>
        <line num="542" count="1" type="stmt"/>
        <line num="543" count="1" type="stmt"/>
        <line num="545" count="0" type="stmt"/>
        <line num="546" count="0" type="stmt"/>
        <line num="548" count="1" type="stmt"/>
        <line num="553" count="0" type="stmt"/>
        <line num="557" count="1" type="stmt"/>
        <line num="558" count="1" type="cond" truecount="1" falsecount="1"/>
        <line num="560" count="1" type="stmt"/>
        <line num="561" count="1" type="stmt"/>
        <line num="563" count="1" type="stmt"/>
        <line num="564" count="0" type="stmt"/>
        <line num="565" count="0" type="cond" truecount="0" falsecount="2"/>
        <line num="566" count="0" type="stmt"/>
        <line num="567" count="0" type="cond" truecount="0" falsecount="2"/>
        <line num="568" count="0" type="stmt"/>
        <line num="569" count="0" type="stmt"/>
        <line num="571" count="0" type="cond" truecount="0" falsecount="2"/>
        <line num="572" count="0" type="stmt"/>
        <line num="575" count="0" type="stmt"/>
        <line num="576" count="0" type="stmt"/>
        <line num="579" count="1" type="stmt"/>
        <line num="580" count="0" type="stmt"/>
        <line num="581" count="0" type="stmt"/>
        <line num="584" count="1" type="stmt"/>
        <line num="588" count="2" type="stmt"/>
        <line num="592" count="1" type="stmt"/>
        <line num="593" count="1" type="stmt"/>
        <line num="594" count="1" type="stmt"/>
        <line num="599" count="8" type="stmt"/>
        <line num="604" count="8" type="stmt"/>
        <line num="608" count="2" type="stmt"/>
        <line num="612" count="4" type="stmt"/>
        <line num="613" count="4" type="stmt"/>
        <line num="614" count="5" type="cond" truecount="2" falsecount="0"/>
        <line num="619" count="4" type="stmt"/>
        <line num="620" count="4" type="stmt"/>
        <line num="621" count="5" type="cond" truecount="2" falsecount="0"/>
        <line num="627" count="55" type="stmt"/>
        <line num="628" count="8" type="stmt"/>
        <line num="629" count="8" type="stmt"/>
        <line num="630" count="8" type="stmt"/>
        <line num="631" count="8" type="stmt"/>
        <line num="632" count="8" type="stmt"/>
        <line num="639" count="55" type="stmt"/>
        <line num="640" count="8" type="stmt"/>
        <line num="641" count="8" type="stmt"/>
        <line num="642" count="14" type="stmt"/>
        <line num="643" count="14" type="cond" truecount="2" falsecount="0"/>
        <line num="648" count="55" type="stmt"/>
        <line num="649" count="8" type="stmt"/>
        <line num="652" count="8" type="cond" truecount="2" falsecount="0"/>
        <line num="653" count="1" type="stmt"/>
        <line num="663" count="7" type="stmt"/>
        <line num="671" count="7" type="stmt"/>
        <line num="673" count="12" type="stmt"/>
        <line num="674" count="12" type="stmt"/>
        <line num="675" count="12" type="cond" truecount="2" falsecount="0"/>
        <line num="678" count="12" type="cond" truecount="2" falsecount="0"/>
        <line num="681" count="12" type="cond" truecount="2" falsecount="0"/>
        <line num="682" count="10" type="stmt"/>
        <line num="683" count="15" type="cond" truecount="2" falsecount="0"/>
        <line num="688" count="7" type="stmt"/>
        <line num="692" count="55" type="stmt"/>
        <line num="693" count="55" type="stmt"/>
        <line num="696" count="0" type="stmt"/>
        <line num="701" count="0" type="stmt"/>
        <line num="706" count="0" type="cond" truecount="0" falsecount="2"/>
        <line num="710" count="0" type="cond" truecount="0" falsecount="2"/>
        <line num="711" count="0" type="stmt"/>
        <line num="715" count="0" type="stmt"/>
        <line num="721" count="0" type="stmt"/>
        <line num="736" count="0" type="stmt"/>
      </file>
    </package>
    <package name="src.components">
      <metrics statements="61" coveredstatements="13" conditionals="18" coveredconditionals="0" methods="17" coveredmethods="0"/>
      <file name="calendar.component.ts" path="/home/leospe/PROGETTI/PWA/CLAUDE/easyturno_CLA/src/components/calendar.component.ts">
        <metrics statements="48" coveredstatements="5" conditionals="18" coveredconditionals="0" methods="15" coveredmethods="0"/>
        <line num="1" count="1" type="stmt"/>
        <line num="10" count="1" type="stmt"/>
        <line num="11" count="1" type="stmt"/>
        <line num="12" count="1" type="stmt"/>
        <line num="190" count="1" type="stmt"/>
        <line num="191" count="0" type="stmt"/>
        <line num="192" count="0" type="stmt"/>
        <line num="195" count="0" type="stmt"/>
        <line num="196" count="0" type="stmt"/>
        <line num="197" count="0" type="stmt"/>
        <line num="200" count="0" type="stmt"/>
        <line num="202" count="0" type="stmt"/>
        <line num="205" count="0" type="stmt"/>
        <line num="207" count="0" type="stmt"/>
        <line num="208" count="0" type="stmt"/>
        <line num="211" count="0" type="stmt"/>
        <line num="212" count="0" type="stmt"/>
        <line num="213" count="0" type="cond" truecount="0" falsecount="2"/>
        <line num="214" count="0" type="stmt"/>
        <line num="219" count="0" type="stmt"/>
        <line num="220" count="0" type="stmt"/>
        <line num="224" count="0" type="stmt"/>
        <line num="225" count="0" type="stmt"/>
        <line num="229" count="0" type="stmt"/>
        <line num="230" count="0" type="stmt"/>
        <line num="235" count="0" type="stmt"/>
        <line num="236" count="0" type="cond" truecount="0" falsecount="4"/>
        <line num="237" count="0" type="stmt"/>
        <line num="239" count="0" type="stmt"/>
        <line num="240" count="0" type="stmt"/>
        <line num="245" count="0" type="stmt"/>
        <line num="246" count="0" type="stmt"/>
        <line num="250" count="0" type="stmt"/>
        <line num="251" count="0" type="cond" truecount="0" falsecount="2"/>
        <line num="256" count="0" type="stmt"/>
        <line num="257" count="0" type="stmt"/>
        <line num="261" count="0" type="stmt"/>
        <line num="262" count="0" type="cond" truecount="0" falsecount="2"/>
        <line num="263" count="0" type="stmt"/>
        <line num="273" count="0" type="cond" truecount="0" falsecount="2"/>
        <line num="277" count="0" type="cond" truecount="0" falsecount="2"/>
        <line num="281" count="0" type="stmt"/>
        <line num="284" count="0" type="cond" truecount="0" falsecount="2"/>
        <line num="285" count="0" type="stmt"/>
        <line num="289" count="0" type="cond" truecount="0" falsecount="2"/>
        <line num="290" count="0" type="stmt"/>
        <line num="294" count="0" type="stmt"/>
        <line num="295" count="0" type="stmt"/>
      </file>
      <file name="shift-list-item.component.ts" path="/home/leospe/PROGETTI/PWA/CLAUDE/easyturno_CLA/src/components/shift-list-item.component.ts">
        <metrics statements="8" coveredstatements="4" conditionals="0" coveredconditionals="0" methods="1" coveredmethods="0"/>
        <line num="1" count="1" type="stmt"/>
        <line num="3" count="1" type="stmt"/>
        <line num="4" count="1" type="stmt"/>
        <line num="98" count="1" type="stmt"/>
        <line num="99" count="0" type="stmt"/>
        <line num="100" count="0" type="stmt"/>
        <line num="101" count="0" type="stmt"/>
        <line num="102" count="0" type="stmt"/>
      </file>
      <file name="toast-container.component.ts" path="/home/leospe/PROGETTI/PWA/CLAUDE/easyturno_CLA/src/components/toast-container.component.ts">
        <metrics statements="5" coveredstatements="4" conditionals="0" coveredconditionals="0" methods="1" coveredmethods="0"/>
        <line num="1" count="1" type="stmt"/>
        <line num="2" count="1" type="stmt"/>
        <line num="3" count="1" type="stmt"/>
        <line num="149" count="1" type="stmt"/>
        <line num="150" count="0" type="stmt"/>
      </file>
    </package>
    <package name="src.pipes">
      <metrics statements="30" coveredstatements="28" conditionals="14" coveredconditionals="13" methods="4" coveredmethods="4"/>
      <file name="date-format.pipe.ts" path="/home/leospe/PROGETTI/PWA/CLAUDE/easyturno_CLA/src/pipes/date-format.pipe.ts">
        <metrics statements="24" coveredstatements="22" conditionals="14" coveredconditionals="13" methods="2" coveredmethods="2"/>
        <line num="1" count="2" type="stmt"/>
        <line num="2" count="2" type="stmt"/>
        <line num="3" count="2" type="stmt"/>
        <line num="10" count="2" type="stmt"/>
        <line num="11" count="17" type="stmt"/>
        <line num="12" count="17" type="stmt"/>
        <line num="18" count="17" type="stmt"/>
        <line num="19" count="17" type="cond" truecount="2" falsecount="0"/>
        <line num="22" count="17" type="cond" truecount="6" falsecount="1"/>
        <line num="24" count="6" type="cond" truecount="2" falsecount="0"/>
        <line num="25" count="6" type="stmt"/>
        <line num="27" count="1" type="stmt"/>
        <line num="28" count="1" type="stmt"/>
        <line num="30" count="1" type="stmt"/>
        <line num="31" count="1" type="stmt"/>
        <line num="33" count="0" type="stmt"/>
        <line num="34" count="0" type="stmt"/>
        <line num="36" count="1" type="stmt"/>
        <line num="37" count="1" type="stmt"/>
        <line num="39" count="2" type="stmt"/>
        <line num="40" count="2" type="stmt"/>
        <line num="42" count="6" type="cond" truecount="2" falsecount="0"/>
        <line num="43" count="6" type="stmt"/>
        <line num="46" count="17" type="stmt"/>
      </file>
      <file name="translate.pipe.ts" path="/home/leospe/PROGETTI/PWA/CLAUDE/easyturno_CLA/src/pipes/translate.pipe.ts">
        <metrics statements="6" coveredstatements="6" conditionals="0" coveredconditionals="0" methods="2" coveredmethods="2"/>
        <line num="1" count="2" type="stmt"/>
        <line num="2" count="2" type="stmt"/>
        <line num="3" count="2" type="stmt"/>
        <line num="10" count="2" type="stmt"/>
        <line num="11" count="291" type="stmt"/>
        <line num="14" count="40" type="stmt"/>
      </file>
    </package>
    <package name="src.services">
      <metrics statements="349" coveredstatements="329" conditionals="123" coveredconditionals="105" methods="90" coveredmethods="87"/>
      <file name="calendar.service.ts" path="/home/leospe/PROGETTI/PWA/CLAUDE/easyturno_CLA/src/services/calendar.service.ts">
        <metrics statements="56" coveredstatements="56" conditionals="7" coveredconditionals="4" methods="15" coveredmethods="15"/>
        <line num="1" count="2" type="stmt"/>
        <line num="15" count="2" type="stmt"/>
        <line num="17" count="25" type="stmt"/>
        <line num="20" count="25" type="stmt"/>
        <line num="21" count="25" type="stmt"/>
        <line num="27" count="25" type="stmt"/>
        <line num="28" count="11" type="stmt"/>
        <line num="29" count="11" type="stmt"/>
        <line num="30" count="11" type="stmt"/>
        <line num="37" count="2" type="stmt"/>
        <line num="38" count="2" type="stmt"/>
        <line num="39" count="2" type="stmt"/>
        <line num="40" count="2" type="stmt"/>
        <line num="48" count="5" type="stmt"/>
        <line num="49" count="5" type="stmt"/>
        <line num="50" count="5" type="stmt"/>
        <line num="51" count="5" type="stmt"/>
        <line num="59" count="2" type="stmt"/>
        <line num="66" count="10" type="stmt"/>
        <line num="82" count="11" type="stmt"/>
        <line num="83" count="11" type="stmt"/>
        <line num="84" count="11" type="stmt"/>
        <line num="88" count="11" type="stmt"/>
        <line num="89" count="11" type="cond" truecount="1" falsecount="1"/>
        <line num="96" count="11" type="stmt"/>
        <line num="97" count="11" type="stmt"/>
        <line num="98" count="11" type="stmt"/>
        <line num="101" count="11" type="stmt"/>
        <line num="102" count="11" type="stmt"/>
        <line num="103" count="32" type="stmt"/>
        <line num="104" count="32" type="stmt"/>
        <line num="105" count="32" type="stmt"/>
        <line num="114" count="11" type="stmt"/>
        <line num="115" count="332" type="stmt"/>
        <line num="116" count="332" type="stmt"/>
        <line num="117" count="332" type="stmt"/>
        <line num="126" count="11" type="stmt"/>
        <line num="127" count="11" type="stmt"/>
        <line num="128" count="98" type="stmt"/>
        <line num="129" count="98" type="stmt"/>
        <line num="130" count="98" type="stmt"/>
        <line num="138" count="11" type="stmt"/>
        <line num="146" count="2" type="stmt"/>
        <line num="147" count="2" type="stmt"/>
        <line num="149" count="2" type="stmt"/>
        <line num="150" count="14" type="stmt"/>
        <line num="151" count="14" type="stmt"/>
        <line num="152" count="14" type="stmt"/>
        <line num="155" count="2" type="stmt"/>
        <line num="162" count="2" type="stmt"/>
        <line num="163" count="2" type="stmt"/>
        <line num="170" count="2" type="stmt"/>
        <line num="181" count="2" type="stmt"/>
        <line num="182" count="2" type="stmt"/>
        <line num="183" count="2" type="stmt"/>
        <line num="184" count="2" type="stmt"/>
      </file>
      <file name="crypto.service.ts" path="/home/leospe/PROGETTI/PWA/CLAUDE/easyturno_CLA/src/services/crypto.service.ts">
        <metrics statements="53" coveredstatements="53" conditionals="8" coveredconditionals="8" methods="7" coveredmethods="7"/>
        <line num="1" count="3" type="stmt"/>
        <line num="12" count="3" type="stmt"/>
        <line num="13" count="32" type="stmt"/>
        <line num="14" count="32" type="stmt"/>
        <line num="15" count="32" type="stmt"/>
        <line num="16" count="32" type="stmt"/>
        <line num="17" count="32" type="stmt"/>
        <line num="25" count="73" type="stmt"/>
        <line num="27" count="73" type="cond" truecount="2" falsecount="0"/>
        <line num="28" count="50" type="stmt"/>
        <line num="30" count="50" type="stmt"/>
        <line num="31" count="49" type="stmt"/>
        <line num="39" count="1" type="stmt"/>
        <line num="44" count="24" type="stmt"/>
        <line num="51" count="24" type="stmt"/>
        <line num="52" count="24" type="stmt"/>
        <line num="54" count="24" type="stmt"/>
        <line num="63" count="38" type="stmt"/>
        <line num="64" count="38" type="stmt"/>
        <line num="65" count="38" type="stmt"/>
        <line num="66" count="38" type="stmt"/>
        <line num="69" count="38" type="stmt"/>
        <line num="72" count="38" type="stmt"/>
        <line num="75" count="37" type="stmt"/>
        <line num="76" count="37" type="stmt"/>
        <line num="77" count="37" type="stmt"/>
        <line num="80" count="37" type="stmt"/>
        <line num="82" count="1" type="stmt"/>
        <line num="83" count="1" type="stmt"/>
        <line num="93" count="35" type="stmt"/>
        <line num="94" count="35" type="stmt"/>
        <line num="97" count="35" type="stmt"/>
        <line num="98" count="34" type="stmt"/>
        <line num="101" count="34" type="stmt"/>
        <line num="102" count="34" type="stmt"/>
        <line num="105" count="34" type="stmt"/>
        <line num="108" count="32" type="stmt"/>
        <line num="109" count="32" type="stmt"/>
        <line num="111" count="3" type="stmt"/>
        <line num="112" count="3" type="stmt"/>
        <line num="122" count="10" type="cond" truecount="4" falsecount="0"/>
        <line num="124" count="7" type="stmt"/>
        <line num="125" count="7" type="cond" truecount="2" falsecount="0"/>
        <line num="132" count="61" type="stmt"/>
        <line num="133" count="61" type="stmt"/>
        <line num="134" count="61" type="stmt"/>
        <line num="135" count="8134" type="stmt"/>
        <line num="138" count="61" type="stmt"/>
        <line num="146" count="85" type="stmt"/>
        <line num="147" count="83" type="stmt"/>
        <line num="148" count="83" type="stmt"/>
        <line num="149" count="8829" type="stmt"/>
        <line num="151" count="83" type="stmt"/>
      </file>
      <file name="notification.service.ts" path="/home/leospe/PROGETTI/PWA/CLAUDE/easyturno_CLA/src/services/notification.service.ts">
        <metrics statements="72" coveredstatements="60" conditionals="33" coveredconditionals="21" methods="13" coveredmethods="12"/>
        <line num="1" count="3" type="stmt"/>
        <line num="2" count="3" type="stmt"/>
        <line num="3" count="3" type="stmt"/>
        <line num="13" count="3" type="stmt"/>
        <line num="14" count="123" type="stmt"/>
        <line num="15" count="123" type="stmt"/>
        <line num="16" count="123" type="stmt"/>
        <line num="19" count="3" type="cond" truecount="2" falsecount="0"/>
        <line num="20" count="1" type="stmt"/>
        <line num="21" count="1" type="stmt"/>
        <line num="25" count="2" type="stmt"/>
        <line num="26" count="2" type="cond" truecount="2" falsecount="0"/>
        <line num="27" count="1" type="stmt"/>
        <line num="28" count="1" type="stmt"/>
        <line num="32" count="1" type="stmt"/>
        <line num="33" count="0" type="stmt"/>
        <line num="38" count="1" type="stmt"/>
        <line num="40" count="1" type="stmt"/>
        <line num="47" count="1" type="cond" truecount="1" falsecount="1"/>
        <line num="49" count="1" type="stmt"/>
        <line num="50" count="1" type="stmt"/>
        <line num="53" count="1" type="stmt"/>
        <line num="54" count="1" type="stmt"/>
        <line num="55" count="0" type="cond" truecount="0" falsecount="2"/>
        <line num="56" count="0" type="stmt"/>
        <line num="61" count="0" type="stmt"/>
        <line num="63" count="1" type="stmt"/>
        <line num="64" count="1" type="stmt"/>
        <line num="75" count="1" type="stmt"/>
        <line num="77" count="1" type="cond" truecount="1" falsecount="1"/>
        <line num="78" count="1" type="stmt"/>
        <line num="79" count="1" type="stmt"/>
        <line num="82" count="1" type="stmt"/>
        <line num="86" count="682" type="cond" truecount="4" falsecount="0"/>
        <line num="87" count="681" type="stmt"/>
        <line num="90" count="1" type="stmt"/>
        <line num="91" count="1" type="stmt"/>
        <line num="92" count="1" type="stmt"/>
        <line num="93" count="1" type="stmt"/>
        <line num="96" count="1" type="stmt"/>
        <line num="99" count="1" type="cond" truecount="1" falsecount="1"/>
        <line num="100" count="1" type="stmt"/>
        <line num="113" count="1" type="cond" truecount="1" falsecount="1"/>
        <line num="114" count="0" type="stmt"/>
        <line num="115" count="0" type="stmt"/>
        <line num="116" count="0" type="stmt"/>
        <line num="118" count="0" type="cond" truecount="0" falsecount="2"/>
        <line num="119" count="0" type="stmt"/>
        <line num="132" count="1" type="cond" truecount="1" falsecount="1"/>
        <line num="133" count="1" type="stmt"/>
        <line num="134" count="1" type="stmt"/>
        <line num="137" count="0" type="stmt"/>
        <line num="143" count="328" type="cond" truecount="2" falsecount="0"/>
        <line num="145" count="1" type="stmt"/>
        <line num="147" count="1" type="stmt"/>
        <line num="148" count="3" type="stmt"/>
        <line num="150" count="1" type="cond" truecount="1" falsecount="1"/>
        <line num="151" count="1" type="stmt"/>
        <line num="152" count="2" type="stmt"/>
        <line num="154" count="1" type="stmt"/>
        <line num="157" count="0" type="stmt"/>
        <line num="163" count="2" type="cond" truecount="2" falsecount="0"/>
        <line num="165" count="1" type="stmt"/>
        <line num="166" count="1" type="stmt"/>
        <line num="167" count="1" type="cond" truecount="1" falsecount="1"/>
        <line num="168" count="1" type="stmt"/>
        <line num="169" count="3" type="stmt"/>
        <line num="171" count="1" type="stmt"/>
        <line num="174" count="0" type="stmt"/>
        <line num="180" count="634" type="stmt"/>
        <line num="181" count="634" type="cond" truecount="2" falsecount="0"/>
        <line num="191" count="1" type="stmt"/>
      </file>
      <file name="shift.service.ts" path="/home/leospe/PROGETTI/PWA/CLAUDE/easyturno_CLA/src/services/shift.service.ts">
        <metrics statements="114" coveredstatements="107" conditionals="46" coveredconditionals="44" methods="32" coveredmethods="31"/>
        <line num="1" count="2" type="stmt"/>
        <line num="3" count="2" type="stmt"/>
        <line num="4" count="2" type="stmt"/>
        <line num="5" count="2" type="stmt"/>
        <line num="8" count="2" type="stmt"/>
        <line num="9" count="109" type="stmt"/>
        <line num="10" count="109" type="stmt"/>
        <line num="11" count="109" type="stmt"/>
        <line num="12" count="109" type="stmt"/>
        <line num="13" count="109" type="stmt"/>
        <line num="15" count="109" type="stmt"/>
        <line num="16" count="109" type="stmt"/>
        <line num="17" count="109" type="stmt"/>
        <line num="18" count="109" type="stmt"/>
        <line num="21" count="109" type="stmt"/>
        <line num="22" count="109" type="stmt"/>
        <line num="23" count="56" type="stmt"/>
        <line num="28" count="109" type="stmt"/>
        <line num="29" count="109" type="cond" truecount="2" falsecount="0"/>
        <line num="30" count="107" type="stmt"/>
        <line num="31" count="107" type="stmt"/>
        <line num="35" count="2" type="cond" truecount="2" falsecount="0"/>
        <line num="37" count="1" type="stmt"/>
        <line num="40" count="0" type="stmt"/>
        <line num="43" count="1" type="stmt"/>
        <line num="44" count="1" type="stmt"/>
        <line num="45" count="1" type="stmt"/>
        <line num="49" count="1" type="stmt"/>
        <line num="50" count="1" type="stmt"/>
        <line num="51" count="1" type="stmt"/>
        <line num="54" count="0" type="stmt"/>
        <line num="55" count="0" type="stmt"/>
        <line num="61" count="56" type="stmt"/>
        <line num="62" count="56" type="stmt"/>
        <line num="65" count="56" type="stmt"/>
        <line num="68" count="55" type="stmt"/>
        <line num="69" count="55" type="stmt"/>
        <line num="71" count="1" type="cond" truecount="3" falsecount="1"/>
        <line num="72" count="1" type="stmt"/>
        <line num="73" count="1" type="stmt"/>
        <line num="78" count="0" type="stmt"/>
        <line num="83" count="1" type="stmt"/>
        <line num="84" count="1" type="stmt"/>
        <line num="87" count="0" type="stmt"/>
        <line num="88" count="0" type="stmt"/>
        <line num="93" count="1347" type="stmt"/>
        <line num="94" count="1347" type="stmt"/>
        <line num="95" count="1347" type="stmt"/>
        <line num="99" count="33" type="stmt"/>
        <line num="100" count="33" type="stmt"/>
        <line num="101" count="33" type="stmt"/>
        <line num="105" count="16" type="stmt"/>
        <line num="106" count="16" type="stmt"/>
        <line num="107" count="16" type="stmt"/>
        <line num="111" count="577" type="stmt"/>
        <line num="113" count="577" type="cond" truecount="4" falsecount="0"/>
        <line num="114" count="564" type="stmt"/>
        <line num="115" count="564" type="stmt"/>
        <line num="116" count="564" type="stmt"/>
        <line num="119" count="564" type="stmt"/>
        <line num="121" count="13" type="stmt"/>
        <line num="122" count="13" type="stmt"/>
        <line num="123" count="13" type="stmt"/>
        <line num="124" count="13" type="stmt"/>
        <line num="127" count="13" type="stmt"/>
        <line num="129" count="13" type="stmt"/>
        <line num="130" count="13" type="stmt"/>
        <line num="131" count="13" type="cond" truecount="2" falsecount="0"/>
        <line num="133" count="1383" type="stmt"/>
        <line num="134" count="1383" type="stmt"/>
        <line num="141" count="1383" type="stmt"/>
        <line num="143" count="1383" type="cond" truecount="4" falsecount="0"/>
        <line num="145" count="1026" type="stmt"/>
        <line num="146" count="1026" type="stmt"/>
        <line num="148" count="321" type="stmt"/>
        <line num="152" count="321" type="stmt"/>
        <line num="154" count="33" type="stmt"/>
        <line num="155" count="33" type="stmt"/>
        <line num="157" count="3" type="stmt"/>
        <line num="158" count="3" type="stmt"/>
        <line num="160" count="1383" type="stmt"/>
        <line num="164" count="13" type="stmt"/>
        <line num="167" count="13" type="stmt"/>
        <line num="168" count="13" type="stmt"/>
        <line num="169" count="115" type="stmt"/>
        <line num="175" count="6" type="cond" truecount="2" falsecount="0"/>
        <line num="179" count="1" type="stmt"/>
        <line num="180" count="1" type="stmt"/>
        <line num="181" count="1" type="stmt"/>
        <line num="185" count="7" type="stmt"/>
        <line num="186" count="9" type="stmt"/>
        <line num="191" count="319" type="stmt"/>
        <line num="192" count="319" type="stmt"/>
        <line num="193" count="319" type="stmt"/>
        <line num="197" count="14" type="stmt"/>
        <line num="198" count="14" type="stmt"/>
        <line num="200" count="13" type="cond" truecount="2" falsecount="0"/>
        <line num="201" count="1" type="stmt"/>
        <line num="204" count="1011" type="stmt"/>
        <line num="206" count="12" type="cond" truecount="2" falsecount="0"/>
        <line num="207" count="7" type="stmt"/>
        <line num="210" count="5" type="stmt"/>
        <line num="211" count="5" type="stmt"/>
        <line num="213" count="1" type="stmt"/>
        <line num="214" count="1" type="stmt"/>
        <line num="219" count="1011" type="cond" truecount="4" falsecount="0"/>
        <line num="220" count="1" type="stmt"/>
        <line num="223" count="1010" type="stmt"/>
        <line num="225" count="1010" type="stmt"/>
        <line num="246" count="2009" type="cond" truecount="1" falsecount="1"/>
        <line num="247" count="0" type="stmt"/>
        <line num="249" count="2009" type="stmt"/>
        <line num="250" count="2009" type="stmt"/>
        <line num="254" count="20" type="stmt"/>
      </file>
      <file name="sw-update.service.ts" path="/home/leospe/PROGETTI/PWA/CLAUDE/easyturno_CLA/src/services/sw-update.service.ts">
        <metrics statements="20" coveredstatements="19" conditionals="8" coveredconditionals="8" methods="7" coveredmethods="6"/>
        <line num="1" count="2" type="stmt"/>
        <line num="6" count="2" type="stmt"/>
        <line num="7" count="71" type="stmt"/>
        <line num="8" count="71" type="stmt"/>
        <line num="11" count="74" type="cond" truecount="2" falsecount="0"/>
        <line num="12" count="55" type="stmt"/>
        <line num="15" count="19" type="stmt"/>
        <line num="16" count="19" type="stmt"/>
        <line num="20" count="17" type="stmt"/>
        <line num="21" count="5" type="stmt"/>
        <line num="25" count="17" type="stmt"/>
        <line num="26" count="5" type="stmt"/>
        <line num="28" count="5" type="stmt"/>
        <line num="29" count="5" type="cond" truecount="4" falsecount="0"/>
        <line num="31" count="2" type="stmt"/>
        <line num="37" count="17" type="stmt"/>
        <line num="38" count="0" type="stmt"/>
        <line num="41" count="2" type="stmt"/>
        <line num="46" count="3" type="cond" truecount="2" falsecount="0"/>
        <line num="48" count="1" type="stmt"/>
      </file>
      <file name="toast.service.ts" path="/home/leospe/PROGETTI/PWA/CLAUDE/easyturno_CLA/src/services/toast.service.ts">
        <metrics statements="14" coveredstatements="14" conditionals="8" coveredconditionals="8" methods="12" coveredmethods="12"/>
        <line num="1" count="3" type="stmt"/>
        <line num="11" count="3" type="stmt"/>
        <line num="12" count="132" type="stmt"/>
        <line num="15" count="34" type="stmt"/>
        <line num="16" count="34" type="stmt"/>
        <line num="18" count="34" type="stmt"/>
        <line num="20" count="34" type="cond" truecount="2" falsecount="0"/>
        <line num="21" count="33" type="stmt"/>
        <line num="26" count="4" type="stmt"/>
        <line num="30" count="6" type="stmt"/>
        <line num="34" count="2" type="stmt"/>
        <line num="38" count="2" type="stmt"/>
        <line num="42" count="8" type="stmt"/>
        <line num="46" count="2" type="stmt"/>
      </file>
      <file name="translation.service.ts" path="/home/leospe/PROGETTI/PWA/CLAUDE/easyturno_CLA/src/services/translation.service.ts">
        <metrics statements="20" coveredstatements="20" conditionals="13" coveredconditionals="12" methods="4" coveredmethods="4"/>
        <line num="1" count="4" type="stmt"/>
        <line num="4" count="4" type="stmt"/>
        <line num="5" count="4" type="stmt"/>
        <line num="11" count="4" type="stmt"/>
        <line num="12" count="97" type="stmt"/>
        <line num="14" count="97" type="stmt"/>
        <line num="20" count="97" type="stmt"/>
        <line num="21" count="97" type="cond" truecount="4" falsecount="0"/>
        <line num="22" count="26" type="stmt"/>
        <line num="24" count="71" type="stmt"/>
        <line num="25" count="71" type="cond" truecount="2" falsecount="0"/>
        <line num="29" count="39" type="stmt"/>
        <line num="30" count="39" type="stmt"/>
        <line num="34" count="50" type="stmt"/>
        <line num="36" count="50" type="stmt"/>
        <line num="38" count="50" type="stmt"/>
        <line num="39" count="58" type="cond" truecount="5" falsecount="0"/>
        <line num="40" count="34" type="stmt"/>
        <line num="42" count="24" type="stmt"/>
        <line num="46" count="26" type="cond" truecount="1" falsecount="1"/>
      </file>
    </package>
  </project>
</coverage>
