<?xml version="1.0" encoding="UTF-8"?>
<coverage generated="1759473502841" clover="3.2.0">
  <project timestamp="1759473502841" name="All files">
    <metrics statements="504" coveredstatements="451" conditionals="230" coveredconditionals="179" methods="122" coveredmethods="110" elements="856" coveredelements="740" complexity="0" loc="504" ncloc="504" packages="5" files="10" classes="10"/>
    <package name="src">
      <metrics statements="260" coveredstatements="215" conditionals="108" coveredconditionals="67" methods="53" coveredmethods="42"/>
      <file name="app.component.ts" path="/home/leo/PROGETTI/PWA/CLAUDE/easyturno_CLA/src/app.component.ts">
        <metrics statements="260" coveredstatements="215" conditionals="108" coveredconditionals="67" methods="53" coveredmethods="42"/>
        <line num="1" count="1" type="stmt"/>
        <line num="10" count="1" type="stmt"/>
        <line num="11" count="1" type="stmt"/>
        <line num="12" count="1" type="stmt"/>
        <line num="14" count="1" type="stmt"/>
        <line num="15" count="1" type="stmt"/>
        <line num="16" count="1" type="stmt"/>
        <line num="17" count="1" type="stmt"/>
        <line num="18" count="1" type="stmt"/>
        <line num="19" count="1" type="stmt"/>
        <line num="20" count="1" type="stmt"/>
        <line num="21" count="1" type="stmt"/>
        <line num="22" count="1" type="stmt"/>
        <line num="68" count="1" type="stmt"/>
        <line num="69" count="55" type="stmt"/>
        <line num="70" count="55" type="stmt"/>
        <line num="71" count="55" type="stmt"/>
        <line num="72" count="55" type="stmt"/>
        <line num="73" count="55" type="stmt"/>
        <line num="74" count="55" type="stmt"/>
        <line num="77" count="55" type="stmt"/>
        <line num="80" count="55" type="stmt"/>
        <line num="83" count="55" type="stmt"/>
        <line num="87" count="55" type="stmt"/>
        <line num="90" count="55" type="stmt"/>
        <line num="91" count="55" type="stmt"/>
        <line num="92" count="55" type="stmt"/>
        <line num="93" count="55" type="stmt"/>
        <line num="94" count="55" type="stmt"/>
        <line num="95" count="55" type="stmt"/>
        <line num="96" count="55" type="stmt"/>
        <line num="97" count="55" type="stmt"/>
        <line num="98" count="55" type="stmt"/>
        <line num="99" count="55" type="stmt"/>
        <line num="100" count="55" type="stmt"/>
        <line num="101" count="55" type="stmt"/>
        <line num="102" count="55" type="stmt"/>
        <line num="105" count="55" type="stmt"/>
        <line num="108" count="55" type="stmt"/>
        <line num="109" count="55" type="stmt"/>
        <line num="112" count="55" type="stmt"/>
        <line num="113" count="55" type="stmt"/>
        <line num="114" count="55" type="stmt"/>
        <line num="117" count="55" type="stmt"/>
        <line num="118" count="55" type="stmt"/>
        <line num="119" count="55" type="stmt"/>
        <line num="120" count="55" type="stmt"/>
        <line num="122" count="55" type="stmt"/>
        <line num="123" count="55" type="stmt"/>
        <line num="124" count="55" type="stmt"/>
        <line num="132" count="55" type="stmt"/>
        <line num="133" count="55" type="stmt"/>
        <line num="138" count="55" type="stmt"/>
        <line num="139" count="55" type="stmt"/>
        <line num="140" count="55" type="cond" truecount="4" falsecount="0"/>
        <line num="142" count="55" type="stmt"/>
        <line num="143" count="7" type="stmt"/>
        <line num="144" count="7" type="stmt"/>
        <line num="145" count="7" type="cond" truecount="2" falsecount="0"/>
        <line num="146" count="4" type="stmt"/>
        <line num="148" count="3" type="stmt"/>
        <line num="152" count="55" type="stmt"/>
        <line num="153" count="55" type="cond" truecount="1" falsecount="1"/>
        <line num="156" count="55" type="stmt"/>
        <line num="157" count="55" type="stmt"/>
        <line num="160" count="55" type="cond" truecount="1" falsecount="1"/>
        <line num="161" count="55" type="cond" truecount="1" falsecount="1"/>
        <line num="164" count="55" type="cond" truecount="1" falsecount="1"/>
        <line num="165" count="0" type="stmt"/>
        <line num="168" count="55" type="stmt"/>
        <line num="172" count="55" type="stmt"/>
        <line num="173" count="55" type="cond" truecount="1" falsecount="1"/>
        <line num="174" count="0" type="stmt"/>
        <line num="176" count="0" type="stmt"/>
        <line num="177" count="0" type="stmt"/>
        <line num="182" count="55" type="stmt"/>
        <line num="183" count="9" type="stmt"/>
        <line num="185" count="397" type="stmt"/>
        <line num="189" count="55" type="stmt"/>
        <line num="190" count="8" type="stmt"/>
        <line num="191" count="8" type="stmt"/>
        <line num="192" count="8" type="stmt"/>
        <line num="196" count="9" type="stmt"/>
        <line num="197" count="9" type="stmt"/>
        <line num="199" count="9" type="cond" truecount="2" falsecount="0"/>
        <line num="200" count="1" type="stmt"/>
        <line num="201" count="1" type="stmt"/>
        <line num="202" count="1" type="stmt"/>
        <line num="204" count="1" type="stmt"/>
        <line num="205" count="1" type="stmt"/>
        <line num="206" count="1" type="stmt"/>
        <line num="208" count="1" type="stmt"/>
        <line num="209" count="100" type="stmt"/>
        <line num="210" count="100" type="stmt"/>
        <line num="212" count="100" type="cond" truecount="2" falsecount="0"/>
        <line num="216" count="8" type="stmt"/>
        <line num="218" count="303" type="stmt"/>
        <line num="222" count="1" type="stmt"/>
        <line num="226" count="35" type="stmt"/>
        <line num="230" count="3" type="stmt"/>
        <line num="235" count="18" type="stmt"/>
        <line num="236" count="18" type="stmt"/>
        <line num="237" count="18" type="stmt"/>
        <line num="241" count="6" type="stmt"/>
        <line num="242" count="6" type="stmt"/>
        <line num="243" count="6" type="cond" truecount="1" falsecount="1"/>
        <line num="244" count="6" type="cond" truecount="1" falsecount="1"/>
        <line num="245" count="6" type="cond" truecount="1" falsecount="1"/>
        <line num="246" count="6" type="cond" truecount="1" falsecount="1"/>
        <line num="247" count="6" type="stmt"/>
        <line num="248" count="6" type="stmt"/>
        <line num="249" count="6" type="cond" truecount="2" falsecount="0"/>
        <line num="250" count="6" type="cond" truecount="2" falsecount="0"/>
        <line num="251" count="6" type="cond" truecount="2" falsecount="0"/>
        <line num="252" count="6" type="cond" truecount="2" falsecount="0"/>
        <line num="253" count="1" type="stmt"/>
        <line num="255" count="6" type="stmt"/>
        <line num="260" count="12" type="cond" truecount="2" falsecount="0"/>
        <line num="261" count="1" type="stmt"/>
        <line num="262" count="1" type="stmt"/>
        <line num="265" count="11" type="stmt"/>
        <line num="266" count="11" type="stmt"/>
        <line num="269" count="11" type="cond" truecount="1" falsecount="1"/>
        <line num="270" count="0" type="stmt"/>
        <line num="271" count="0" type="stmt"/>
        <line num="275" count="11" type="stmt"/>
        <line num="277" count="11" type="stmt"/>
        <line num="290" count="10" type="stmt"/>
        <line num="291" count="10" type="cond" truecount="2" falsecount="0"/>
        <line num="292" count="3" type="stmt"/>
        <line num="293" count="3" type="cond" truecount="1" falsecount="1"/>
        <line num="294" count="0" type="stmt"/>
        <line num="296" count="3" type="stmt"/>
        <line num="297" count="3" type="stmt"/>
        <line num="298" count="3" type="stmt"/>
        <line num="299" count="3" type="stmt"/>
        <line num="302" count="7" type="stmt"/>
        <line num="303" count="7" type="stmt"/>
        <line num="304" count="7" type="stmt"/>
        <line num="309" count="0" type="stmt"/>
        <line num="310" count="0" type="stmt"/>
        <line num="311" count="0" type="cond" truecount="0" falsecount="4"/>
        <line num="313" count="0" type="cond" truecount="0" falsecount="2"/>
        <line num="314" count="0" type="stmt"/>
        <line num="315" count="0" type="stmt"/>
        <line num="318" count="0" type="stmt"/>
        <line num="324" count="0" type="stmt"/>
        <line num="326" count="0" type="stmt"/>
        <line num="327" count="0" type="stmt"/>
        <line num="331" count="86" type="stmt"/>
        <line num="332" count="86" type="stmt"/>
        <line num="333" count="86" type="stmt"/>
        <line num="334" count="86" type="cond" truecount="1" falsecount="1"/>
        <line num="335" count="86" type="cond" truecount="1" falsecount="1"/>
        <line num="336" count="86" type="cond" truecount="1" falsecount="1"/>
        <line num="337" count="86" type="cond" truecount="1" falsecount="1"/>
        <line num="338" count="86" type="stmt"/>
        <line num="339" count="86" type="stmt"/>
        <line num="340" count="86" type="stmt"/>
        <line num="341" count="86" type="stmt"/>
        <line num="342" count="86" type="stmt"/>
        <line num="343" count="86" type="stmt"/>
        <line num="344" count="86" type="stmt"/>
        <line num="345" count="86" type="stmt"/>
        <line num="346" count="86" type="stmt"/>
        <line num="350" count="0" type="stmt"/>
        <line num="351" count="0" type="stmt"/>
        <line num="352" count="0" type="cond" truecount="0" falsecount="3"/>
        <line num="353" count="0" type="stmt"/>
        <line num="357" count="0" type="stmt"/>
        <line num="358" count="0" type="stmt"/>
        <line num="362" count="1" type="stmt"/>
        <line num="363" count="1" type="stmt"/>
        <line num="365" count="1" type="stmt"/>
        <line num="369" count="1" type="stmt"/>
        <line num="370" count="1" type="stmt"/>
        <line num="372" count="1" type="stmt"/>
        <line num="377" count="5" type="stmt"/>
        <line num="378" count="5" type="cond" truecount="2" falsecount="0"/>
        <line num="379" count="1" type="stmt"/>
        <line num="381" count="4" type="stmt"/>
        <line num="386" count="3" type="stmt"/>
        <line num="387" count="3" type="cond" truecount="1" falsecount="1"/>
        <line num="389" count="3" type="cond" truecount="2" falsecount="0"/>
        <line num="390" count="1" type="stmt"/>
        <line num="392" count="2" type="stmt"/>
        <line num="394" count="3" type="stmt"/>
        <line num="395" count="3" type="stmt"/>
        <line num="400" count="0" type="cond" truecount="0" falsecount="2"/>
        <line num="401" count="0" type="stmt"/>
        <line num="402" count="0" type="cond" truecount="0" falsecount="2"/>
        <line num="403" count="0" type="cond" truecount="0" falsecount="2"/>
        <line num="404" count="0" type="cond" truecount="0" falsecount="2"/>
        <line num="405" count="0" type="stmt"/>
        <line num="406" count="0" type="stmt"/>
        <line num="408" count="0" type="stmt"/>
        <line num="412" count="1" type="stmt"/>
        <line num="413" count="1" type="stmt"/>
        <line num="418" count="1" type="stmt"/>
        <line num="419" count="1" type="stmt"/>
        <line num="420" count="1" type="stmt"/>
        <line num="421" count="1" type="stmt"/>
        <line num="422" count="1" type="stmt"/>
        <line num="423" count="1" type="stmt"/>
        <line num="424" count="1" type="stmt"/>
        <line num="425" count="1" type="stmt"/>
        <line num="429" count="0" type="stmt"/>
        <line num="433" count="1" type="stmt"/>
        <line num="434" count="1" type="cond" truecount="1" falsecount="1"/>
        <line num="436" count="1" type="stmt"/>
        <line num="437" count="1" type="stmt"/>
        <line num="438" count="0" type="stmt"/>
        <line num="439" count="0" type="cond" truecount="0" falsecount="2"/>
        <line num="440" count="0" type="stmt"/>
        <line num="441" count="0" type="cond" truecount="0" falsecount="2"/>
        <line num="442" count="0" type="stmt"/>
        <line num="443" count="0" type="stmt"/>
        <line num="445" count="0" type="cond" truecount="0" falsecount="2"/>
        <line num="446" count="0" type="stmt"/>
        <line num="449" count="0" type="stmt"/>
        <line num="451" count="1" type="stmt"/>
        <line num="455" count="2" type="stmt"/>
        <line num="459" count="1" type="stmt"/>
        <line num="460" count="1" type="stmt"/>
        <line num="461" count="1" type="stmt"/>
        <line num="466" count="8" type="stmt"/>
        <line num="467" count="8" type="stmt"/>
        <line num="471" count="2" type="stmt"/>
        <line num="475" count="4" type="stmt"/>
        <line num="476" count="4" type="stmt"/>
        <line num="477" count="5" type="cond" truecount="2" falsecount="0"/>
        <line num="482" count="4" type="stmt"/>
        <line num="483" count="4" type="stmt"/>
        <line num="484" count="5" type="cond" truecount="2" falsecount="0"/>
        <line num="490" count="55" type="stmt"/>
        <line num="491" count="8" type="stmt"/>
        <line num="492" count="8" type="stmt"/>
        <line num="493" count="8" type="stmt"/>
        <line num="495" count="8" type="stmt"/>
        <line num="496" count="8" type="stmt"/>
        <line num="497" count="8" type="stmt"/>
        <line num="500" count="8" type="stmt"/>
        <line num="502" count="14" type="stmt"/>
        <line num="505" count="14" type="cond" truecount="4" falsecount="0"/>
        <line num="507" count="12" type="stmt"/>
        <line num="510" count="12" type="stmt"/>
        <line num="511" count="12" type="stmt"/>
        <line num="512" count="12" type="stmt"/>
        <line num="515" count="12" type="cond" truecount="2" falsecount="0"/>
        <line num="518" count="12" type="stmt"/>
        <line num="519" count="12" type="cond" truecount="2" falsecount="0"/>
        <line num="522" count="12" type="cond" truecount="2" falsecount="0"/>
        <line num="523" count="10" type="stmt"/>
        <line num="524" count="15" type="stmt"/>
        <line num="525" count="15" type="stmt"/>
        <line num="531" count="14" type="stmt"/>
        <line num="544" count="0" type="stmt"/>
        <line num="549" count="0" type="stmt"/>
        <line num="554" count="0" type="stmt"/>
        <line num="569" count="0" type="stmt"/>
      </file>
    </package>
    <package name="src.components">
      <metrics statements="12" coveredstatements="12" conditionals="0" coveredconditionals="0" methods="2" coveredmethods="2"/>
      <file name="shift-list-item.component.ts" path="/home/leo/PROGETTI/PWA/CLAUDE/easyturno_CLA/src/components/shift-list-item.component.ts">
        <metrics statements="7" coveredstatements="7" conditionals="0" coveredconditionals="0" methods="1" coveredmethods="1"/>
        <line num="1" count="1" type="stmt"/>
        <line num="2" count="1" type="stmt"/>
        <line num="4" count="1" type="stmt"/>
        <line num="5" count="1" type="stmt"/>
        <line num="92" count="1" type="stmt"/>
        <line num="94" count="1" type="stmt"/>
        <line num="95" count="1" type="stmt"/>
      </file>
      <file name="toast-container.component.ts" path="/home/leo/PROGETTI/PWA/CLAUDE/easyturno_CLA/src/components/toast-container.component.ts">
        <metrics statements="5" coveredstatements="5" conditionals="0" coveredconditionals="0" methods="1" coveredmethods="1"/>
        <line num="1" count="1" type="stmt"/>
        <line num="2" count="1" type="stmt"/>
        <line num="3" count="1" type="stmt"/>
        <line num="149" count="1" type="stmt"/>
        <line num="150" count="55" type="stmt"/>
      </file>
    </package>
    <package name="src.directives">
      <metrics statements="34" coveredstatements="33" conditionals="22" coveredconditionals="20" methods="8" coveredmethods="8"/>
      <file name="modal-focus.directive.ts" path="/home/leo/PROGETTI/PWA/CLAUDE/easyturno_CLA/src/directives/modal-focus.directive.ts">
        <metrics statements="34" coveredstatements="33" conditionals="22" coveredconditionals="20" methods="8" coveredmethods="8"/>
        <line num="1" count="2" type="stmt"/>
        <line num="7" count="2" type="stmt"/>
        <line num="8" count="14" type="stmt"/>
        <line num="9" count="14" type="stmt"/>
        <line num="11" count="14" type="stmt"/>
        <line num="15" count="14" type="stmt"/>
        <line num="18" count="14" type="stmt"/>
        <line num="19" count="14" type="stmt"/>
        <line num="20" count="14" type="stmt"/>
        <line num="26" count="14" type="cond" truecount="2" falsecount="0"/>
        <line num="30" count="13" type="stmt"/>
        <line num="36" count="15" type="cond" truecount="2" falsecount="0"/>
        <line num="37" count="11" type="stmt"/>
        <line num="38" count="4" type="cond" truecount="2" falsecount="0"/>
        <line num="41" count="1" type="stmt"/>
        <line num="46" count="14" type="stmt"/>
        <line num="55" count="14" type="stmt"/>
        <line num="61" count="14" type="stmt"/>
        <line num="62" count="14" type="cond" truecount="2" falsecount="0"/>
        <line num="63" count="13" type="stmt"/>
        <line num="68" count="11" type="cond" truecount="2" falsecount="0"/>
        <line num="69" count="1" type="stmt"/>
        <line num="72" count="10" type="stmt"/>
        <line num="73" count="10" type="stmt"/>
        <line num="74" count="10" type="stmt"/>
        <line num="76" count="10" type="cond" truecount="3" falsecount="1"/>
        <line num="77" count="0" type="stmt"/>
        <line num="80" count="10" type="cond" truecount="2" falsecount="0"/>
        <line num="82" count="1" type="cond" truecount="1" falsecount="1"/>
        <line num="83" count="1" type="stmt"/>
        <line num="84" count="1" type="stmt"/>
        <line num="88" count="9" type="cond" truecount="2" falsecount="0"/>
        <line num="89" count="8" type="stmt"/>
        <line num="90" count="8" type="stmt"/>
      </file>
    </package>
    <package name="src.pipes">
      <metrics statements="30" coveredstatements="30" conditionals="14" coveredconditionals="14" methods="4" coveredmethods="4"/>
      <file name="date-format.pipe.ts" path="/home/leo/PROGETTI/PWA/CLAUDE/easyturno_CLA/src/pipes/date-format.pipe.ts">
        <metrics statements="24" coveredstatements="24" conditionals="14" coveredconditionals="14" methods="2" coveredmethods="2"/>
        <line num="1" count="2" type="stmt"/>
        <line num="2" count="2" type="stmt"/>
        <line num="3" count="2" type="stmt"/>
        <line num="10" count="2" type="stmt"/>
        <line num="11" count="22" type="stmt"/>
        <line num="12" count="22" type="stmt"/>
        <line num="18" count="22" type="stmt"/>
        <line num="19" count="22" type="cond" truecount="2" falsecount="0"/>
        <line num="22" count="22" type="cond" truecount="7" falsecount="0"/>
        <line num="24" count="6" type="cond" truecount="2" falsecount="0"/>
        <line num="25" count="6" type="stmt"/>
        <line num="27" count="2" type="stmt"/>
        <line num="28" count="2" type="stmt"/>
        <line num="30" count="1" type="stmt"/>
        <line num="31" count="1" type="stmt"/>
        <line num="33" count="1" type="stmt"/>
        <line num="34" count="1" type="stmt"/>
        <line num="36" count="2" type="stmt"/>
        <line num="37" count="2" type="stmt"/>
        <line num="39" count="4" type="stmt"/>
        <line num="40" count="4" type="stmt"/>
        <line num="42" count="6" type="cond" truecount="2" falsecount="0"/>
        <line num="43" count="6" type="stmt"/>
        <line num="46" count="22" type="stmt"/>
      </file>
      <file name="translate.pipe.ts" path="/home/leo/PROGETTI/PWA/CLAUDE/easyturno_CLA/src/pipes/translate.pipe.ts">
        <metrics statements="6" coveredstatements="6" conditionals="0" coveredconditionals="0" methods="2" coveredmethods="2"/>
        <line num="1" count="2" type="stmt"/>
        <line num="2" count="2" type="stmt"/>
        <line num="3" count="2" type="stmt"/>
        <line num="10" count="2" type="stmt"/>
        <line num="11" count="292" type="stmt"/>
        <line num="14" count="41" type="stmt"/>
      </file>
    </package>
    <package name="src.services">
      <metrics statements="168" coveredstatements="161" conditionals="86" coveredconditionals="78" methods="55" coveredmethods="54"/>
      <file name="notification.service.ts" path="/home/leo/PROGETTI/PWA/CLAUDE/easyturno_CLA/src/services/notification.service.ts">
        <metrics statements="46" coveredstatements="40" conditionals="26" coveredconditionals="19" methods="11" coveredmethods="10"/>
        <line num="1" count="3" type="stmt"/>
        <line num="2" count="3" type="stmt"/>
        <line num="3" count="3" type="stmt"/>
        <line num="13" count="3" type="stmt"/>
        <line num="14" count="123" type="stmt"/>
        <line num="17" count="3" type="cond" truecount="2" falsecount="0"/>
        <line num="18" count="1" type="stmt"/>
        <line num="19" count="1" type="stmt"/>
        <line num="23" count="2" type="stmt"/>
        <line num="24" count="2" type="cond" truecount="2" falsecount="0"/>
        <line num="25" count="1" type="stmt"/>
        <line num="26" count="1" type="stmt"/>
        <line num="30" count="1" type="stmt"/>
        <line num="31" count="0" type="stmt"/>
        <line num="35" count="1" type="stmt"/>
        <line num="39" count="682" type="cond" truecount="4" falsecount="0"/>
        <line num="40" count="681" type="stmt"/>
        <line num="43" count="1" type="stmt"/>
        <line num="44" count="1" type="stmt"/>
        <line num="45" count="1" type="stmt"/>
        <line num="48" count="1" type="stmt"/>
        <line num="51" count="1" type="cond" truecount="1" falsecount="1"/>
        <line num="52" count="1" type="stmt"/>
        <line num="65" count="1" type="cond" truecount="1" falsecount="1"/>
        <line num="66" count="0" type="stmt"/>
        <line num="67" count="0" type="stmt"/>
        <line num="68" count="0" type="stmt"/>
        <line num="70" count="0" type="cond" truecount="0" falsecount="2"/>
        <line num="71" count="0" type="stmt"/>
        <line num="84" count="1" type="cond" truecount="1" falsecount="1"/>
        <line num="85" count="1" type="stmt"/>
        <line num="86" count="1" type="stmt"/>
        <line num="91" count="322" type="cond" truecount="2" falsecount="0"/>
        <line num="94" count="1" type="stmt"/>
        <line num="95" count="3" type="stmt"/>
        <line num="97" count="1" type="cond" truecount="1" falsecount="1"/>
        <line num="98" count="1" type="stmt"/>
        <line num="99" count="2" type="stmt"/>
        <line num="105" count="2" type="cond" truecount="2" falsecount="0"/>
        <line num="106" count="1" type="stmt"/>
        <line num="107" count="1" type="cond" truecount="1" falsecount="1"/>
        <line num="108" count="1" type="stmt"/>
        <line num="109" count="3" type="stmt"/>
        <line num="115" count="634" type="stmt"/>
        <line num="116" count="634" type="cond" truecount="2" falsecount="0"/>
        <line num="126" count="1" type="stmt"/>
      </file>
      <file name="shift.service.ts" path="/home/leo/PROGETTI/PWA/CLAUDE/easyturno_CLA/src/services/shift.service.ts">
        <metrics statements="94" coveredstatements="93" conditionals="44" coveredconditionals="43" methods="28" coveredmethods="28"/>
        <line num="1" count="2" type="stmt"/>
        <line num="3" count="2" type="stmt"/>
        <line num="4" count="2" type="stmt"/>
        <line num="7" count="2" type="stmt"/>
        <line num="8" count="109" type="stmt"/>
        <line num="9" count="109" type="stmt"/>
        <line num="10" count="109" type="stmt"/>
        <line num="11" count="109" type="stmt"/>
        <line num="12" count="109" type="stmt"/>
        <line num="14" count="109" type="stmt"/>
        <line num="15" count="109" type="stmt"/>
        <line num="16" count="109" type="stmt"/>
        <line num="19" count="109" type="stmt"/>
        <line num="20" count="108" type="stmt"/>
        <line num="21" count="56" type="stmt"/>
        <line num="26" count="109" type="stmt"/>
        <line num="27" count="109" type="cond" truecount="2" falsecount="0"/>
        <line num="31" count="56" type="stmt"/>
        <line num="32" count="56" type="stmt"/>
        <line num="33" count="56" type="stmt"/>
        <line num="35" count="2" type="cond" truecount="4" falsecount="0"/>
        <line num="36" count="1" type="stmt"/>
        <line num="37" count="1" type="stmt"/>
        <line num="42" count="1" type="stmt"/>
        <line num="43" count="1" type="stmt"/>
        <line num="49" count="1333" type="stmt"/>
        <line num="50" count="1333" type="stmt"/>
        <line num="51" count="1333" type="stmt"/>
        <line num="55" count="32" type="stmt"/>
        <line num="56" count="32" type="stmt"/>
        <line num="57" count="32" type="stmt"/>
        <line num="61" count="16" type="stmt"/>
        <line num="62" count="16" type="stmt"/>
        <line num="63" count="16" type="stmt"/>
        <line num="67" count="577" type="stmt"/>
        <line num="69" count="577" type="cond" truecount="4" falsecount="0"/>
        <line num="70" count="564" type="stmt"/>
        <line num="71" count="564" type="stmt"/>
        <line num="72" count="564" type="stmt"/>
        <line num="75" count="564" type="stmt"/>
        <line num="77" count="13" type="stmt"/>
        <line num="78" count="13" type="stmt"/>
        <line num="79" count="13" type="stmt"/>
        <line num="80" count="13" type="stmt"/>
        <line num="83" count="13" type="stmt"/>
        <line num="85" count="13" type="stmt"/>
        <line num="86" count="13" type="stmt"/>
        <line num="87" count="13" type="cond" truecount="2" falsecount="0"/>
        <line num="89" count="1368" type="stmt"/>
        <line num="90" count="1368" type="stmt"/>
        <line num="97" count="1368" type="stmt"/>
        <line num="99" count="1368" type="cond" truecount="4" falsecount="0"/>
        <line num="101" count="1018" type="stmt"/>
        <line num="102" count="1018" type="stmt"/>
        <line num="104" count="315" type="stmt"/>
        <line num="108" count="315" type="stmt"/>
        <line num="110" count="32" type="stmt"/>
        <line num="111" count="32" type="stmt"/>
        <line num="113" count="3" type="stmt"/>
        <line num="114" count="3" type="stmt"/>
        <line num="116" count="1368" type="stmt"/>
        <line num="120" count="13" type="stmt"/>
        <line num="123" count="13" type="stmt"/>
        <line num="124" count="13" type="stmt"/>
        <line num="125" count="115" type="stmt"/>
        <line num="131" count="6" type="cond" truecount="2" falsecount="0"/>
        <line num="135" count="1" type="stmt"/>
        <line num="136" count="1" type="stmt"/>
        <line num="137" count="1" type="stmt"/>
        <line num="141" count="7" type="stmt"/>
        <line num="142" count="9" type="stmt"/>
        <line num="147" count="313" type="stmt"/>
        <line num="148" count="313" type="stmt"/>
        <line num="149" count="313" type="stmt"/>
        <line num="153" count="14" type="stmt"/>
        <line num="154" count="14" type="stmt"/>
        <line num="156" count="13" type="cond" truecount="2" falsecount="0"/>
        <line num="157" count="1" type="stmt"/>
        <line num="160" count="1011" type="stmt"/>
        <line num="162" count="12" type="cond" truecount="2" falsecount="0"/>
        <line num="163" count="7" type="stmt"/>
        <line num="166" count="5" type="stmt"/>
        <line num="167" count="5" type="stmt"/>
        <line num="169" count="1" type="stmt"/>
        <line num="170" count="1" type="stmt"/>
        <line num="175" count="1011" type="cond" truecount="4" falsecount="0"/>
        <line num="176" count="1" type="stmt"/>
        <line num="179" count="1010" type="stmt"/>
        <line num="181" count="1010" type="stmt"/>
        <line num="202" count="2009" type="cond" truecount="1" falsecount="1"/>
        <line num="203" count="0" type="stmt"/>
        <line num="205" count="2009" type="stmt"/>
        <line num="206" count="2009" type="stmt"/>
        <line num="210" count="20" type="stmt"/>
      </file>
      <file name="toast.service.ts" path="/home/leo/PROGETTI/PWA/CLAUDE/easyturno_CLA/src/services/toast.service.ts">
        <metrics statements="14" coveredstatements="14" conditionals="8" coveredconditionals="8" methods="12" coveredmethods="12"/>
        <line num="1" count="3" type="stmt"/>
        <line num="11" count="3" type="stmt"/>
        <line num="12" count="132" type="stmt"/>
        <line num="15" count="32" type="stmt"/>
        <line num="16" count="32" type="stmt"/>
        <line num="18" count="32" type="stmt"/>
        <line num="20" count="32" type="cond" truecount="2" falsecount="0"/>
        <line num="21" count="31" type="stmt"/>
        <line num="26" count="3" type="stmt"/>
        <line num="30" count="5" type="stmt"/>
        <line num="34" count="2" type="stmt"/>
        <line num="38" count="2" type="stmt"/>
        <line num="42" count="8" type="stmt"/>
        <line num="46" count="2" type="stmt"/>
      </file>
      <file name="translation.service.ts" path="/home/leo/PROGETTI/PWA/CLAUDE/easyturno_CLA/src/services/translation.service.ts">
        <metrics statements="14" coveredstatements="14" conditionals="8" coveredconditionals="8" methods="4" coveredmethods="4"/>
        <line num="1" count="4" type="stmt"/>
        <line num="4" count="4" type="stmt"/>
        <line num="5" count="4" type="stmt"/>
        <line num="8" count="4" type="stmt"/>
        <line num="9" count="97" type="stmt"/>
        <line num="11" count="97" type="stmt"/>
        <line num="17" count="97" type="stmt"/>
        <line num="18" count="97" type="cond" truecount="4" falsecount="0"/>
        <line num="19" count="26" type="stmt"/>
        <line num="21" count="71" type="stmt"/>
        <line num="22" count="71" type="cond" truecount="2" falsecount="0"/>
        <line num="26" count="39" type="stmt"/>
        <line num="27" count="39" type="stmt"/>
        <line num="31" count="50" type="cond" truecount="2" falsecount="0"/>
      </file>
    </package>
  </project>
</coverage>
