{"/home/leospe/PROGETTI/PWA/CLAUDE/easyturno_CLA/src/app.component.ts": {"path":"/home/leospe/PROGETTI/PWA/CLAUDE/easyturno_CLA/src/app.component.ts","statementMap":{"0":{"start":{"line":1,"column":0},"end":{"line":1,"column":null}},"1":{"start":{"line":10,"column":0},"end":{"line":10,"column":67}},"2":{"start":{"line":11,"column":0},"end":{"line":11,"column":45}},"3":{"start":{"line":12,"column":0},"end":{"line":12,"column":44}},"4":{"start":{"line":14,"column":0},"end":{"line":14,"column":56}},"5":{"start":{"line":15,"column":0},"end":{"line":15,"column":68}},"6":{"start":{"line":16,"column":0},"end":{"line":16,"column":56}},"7":{"start":{"line":17,"column":0},"end":{"line":17,"column":92}},"8":{"start":{"line":18,"column":0},"end":{"line":18,"column":63}},"9":{"start":{"line":19,"column":0},"end":{"line":19,"column":55}},"10":{"start":{"line":20,"column":0},"end":{"line":20,"column":56}},"11":{"start":{"line":21,"column":0},"end":{"line":21,"column":81}},"12":{"start":{"line":22,"column":0},"end":{"line":22,"column":80}},"13":{"start":{"line":23,"column":0},"end":{"line":23,"column":68}},"14":{"start":{"line":72,"column":2},"end":{"line":72,"column":38}},"15":{"start":{"line":73,"column":2},"end":{"line":73,"column":50}},"16":{"start":{"line":74,"column":2},"end":{"line":74,"column":38}},"17":{"start":{"line":75,"column":2},"end":{"line":75,"column":52}},"18":{"start":{"line":76,"column":2},"end":{"line":76,"column":44}},"19":{"start":{"line":77,"column":2},"end":{"line":77,"column":30}},"20":{"start":{"line":78,"column":10},"end":{"line":78,"column":38}},"21":{"start":{"line":81,"column":2},"end":{"line":81,"column":48}},"22":{"start":{"line":84,"column":2},"end":{"line":84,"column":94}},"23":{"start":{"line":88,"column":2},"end":{"line":88,"column":38}},"24":{"start":{"line":89,"column":2},"end":{"line":89,"column":38}},"25":{"start":{"line":90,"column":2},"end":{"line":90,"column":30}},"26":{"start":{"line":91,"column":2},"end":{"line":91,"column":30}},"27":{"start":{"line":94,"column":2},"end":{"line":94,"column":60}},"28":{"start":{"line":95,"column":2},"end":{"line":95,"column":57}},"29":{"start":{"line":96,"column":2},"end":{"line":96,"column":26}},"30":{"start":{"line":97,"column":2},"end":{"line":97,"column":30}},"31":{"start":{"line":98,"column":2},"end":{"line":98,"column":30}},"32":{"start":{"line":99,"column":2},"end":{"line":99,"column":28}},"33":{"start":{"line":100,"column":2},"end":{"line":100,"column":28}},"34":{"start":{"line":101,"column":2},"end":{"line":101,"column":41}},"35":{"start":{"line":102,"column":2},"end":{"line":102,"column":35}},"36":{"start":{"line":103,"column":2},"end":{"line":103,"column":75}},"37":{"start":{"line":104,"column":2},"end":{"line":104,"column":26}},"38":{"start":{"line":105,"column":2},"end":{"line":105,"column":41}},"39":{"start":{"line":106,"column":2},"end":{"line":106,"column":50}},"40":{"start":{"line":109,"column":2},"end":{"line":109,"column":45}},"41":{"start":{"line":112,"column":2},"end":{"line":112,"column":30}},"42":{"start":{"line":113,"column":2},"end":{"line":113,"column":28}},"43":{"start":{"line":116,"column":2},"end":{"line":116,"column":32}},"44":{"start":{"line":117,"column":2},"end":{"line":117,"column":41}},"45":{"start":{"line":118,"column":2},"end":{"line":118,"column":31}},"46":{"start":{"line":121,"column":19},"end":{"line":121,"column":43}},"47":{"start":{"line":122,"column":19},"end":{"line":122,"column":42}},"48":{"start":{"line":123,"column":19},"end":{"line":123,"column":44}},"49":{"start":{"line":124,"column":19},"end":{"line":124,"column":48}},"50":{"start":{"line":126,"column":2},"end":{"line":126,"column":97}},"51":{"start":{"line":127,"column":2},"end":{"line":127,"column":55}},"52":{"start":{"line":128,"column":2},"end":{"line":133,"column":4}},"53":{"start":{"line":136,"column":2},"end":{"line":136,"column":54}},"54":{"start":{"line":136,"column":33},"end":{"line":136,"column":52}},"55":{"start":{"line":137,"column":2},"end":{"line":137,"column":86}},"56":{"start":{"line":137,"column":30},"end":{"line":137,"column":84}},"57":{"start":{"line":238,"column":10},"end":{"line":242,"column":5}},"58":{"start":{"line":239,"column":4},"end":{"line":241,"column":81}},"59":{"start":{"line":241,"column":22},"end":{"line":241,"column":79}},"60":{"start":{"line":245,"column":10},"end":{"line":249,"column":5}},"61":{"start":{"line":246,"column":18},"end":{"line":246,"column":28}},"62":{"start":{"line":247,"column":4},"end":{"line":247,"column":31}},"63":{"start":{"line":248,"column":4},"end":{"line":248,"column":27}},"64":{"start":{"line":627,"column":10},"end":{"line":636,"column":5}},"65":{"start":{"line":628,"column":18},"end":{"line":628,"column":49}},"66":{"start":{"line":629,"column":4},"end":{"line":629,"column":31}},"67":{"start":{"line":630,"column":16},"end":{"line":630,"column":45}},"68":{"start":{"line":631,"column":4},"end":{"line":631,"column":34}},"69":{"start":{"line":632,"column":4},"end":{"line":635,"column":6}},"70":{"start":{"line":639,"column":10},"end":{"line":645,"column":5}},"71":{"start":{"line":640,"column":35},"end":{"line":640,"column":56}},"72":{"start":{"line":641,"column":4},"end":{"line":644,"column":7}},"73":{"start":{"line":642,"column":25},"end":{"line":642,"column":56}},"74":{"start":{"line":643,"column":6},"end":{"line":643,"column":62}},"75":{"start":{"line":648,"column":2},"end":{"line":689,"column":5}},"76":{"start":{"line":649,"column":19},"end":{"line":649,"column":45}},"77":{"start":{"line":652,"column":4},"end":{"line":660,"column":5}},"78":{"start":{"line":653,"column":6},"end":{"line":659,"column":8}},"79":{"start":{"line":663,"column":18},"end":{"line":669,"column":6}},"80":{"start":{"line":671,"column":4},"end":{"line":686,"column":5}},"81":{"start":{"line":673,"column":20},"end":{"line":673,"column":97}},"82":{"start":{"line":674,"column":6},"end":{"line":674,"column":32}},"83":{"start":{"line":675,"column":6},"end":{"line":675,"column":54}},"84":{"start":{"line":678,"column":6},"end":{"line":678,"column":85}},"85":{"start":{"line":681,"column":6},"end":{"line":685,"column":7}},"86":{"start":{"line":682,"column":8},"end":{"line":684,"column":9}},"87":{"start":{"line":683,"column":10},"end":{"line":683,"column":86}},"88":{"start":{"line":688,"column":4},"end":{"line":688,"column":17}},"89":{"start":{"line":692,"column":2},"end":{"line":692,"column":81}},"90":{"start":{"line":692,"column":36},"end":{"line":692,"column":79}},"91":{"start":{"line":693,"column":2},"end":{"line":693,"column":87}},"92":{"start":{"line":693,"column":39},"end":{"line":693,"column":85}},"93":{"start":{"line":142,"column":4},"end":{"line":142,"column":48}},"94":{"start":{"line":145,"column":24},"end":{"line":145,"column":90}},"95":{"start":{"line":146,"column":24},"end":{"line":146,"column":81}},"96":{"start":{"line":147,"column":4},"end":{"line":147,"column":73}},"97":{"start":{"line":149,"column":4},"end":{"line":157,"column":7}},"98":{"start":{"line":150,"column":27},"end":{"line":150,"column":39}},"99":{"start":{"line":151,"column":6},"end":{"line":151,"column":60}},"100":{"start":{"line":152,"column":6},"end":{"line":156,"column":7}},"101":{"start":{"line":153,"column":8},"end":{"line":153,"column":60}},"102":{"start":{"line":155,"column":8},"end":{"line":155,"column":63}},"103":{"start":{"line":160,"column":4},"end":{"line":186,"column":6}},"104":{"start":{"line":162,"column":31},"end":{"line":178,"column":9}},"105":{"start":{"line":164,"column":10},"end":{"line":167,"column":11}},"106":{"start":{"line":165,"column":12},"end":{"line":165,"column":31}},"107":{"start":{"line":166,"column":12},"end":{"line":166,"column":36}},"108":{"start":{"line":169,"column":10},"end":{"line":172,"column":11}},"109":{"start":{"line":170,"column":12},"end":{"line":170,"column":31}},"110":{"start":{"line":171,"column":12},"end":{"line":171,"column":30}},"111":{"start":{"line":174,"column":10},"end":{"line":177,"column":11}},"112":{"start":{"line":175,"column":12},"end":{"line":175,"column":31}},"113":{"start":{"line":176,"column":12},"end":{"line":176,"column":34}},"114":{"start":{"line":180,"column":8},"end":{"line":180,"column":59}},"115":{"start":{"line":183,"column":8},"end":{"line":183,"column":75}},"116":{"start":{"line":183,"column":21},"end":{"line":183,"column":74}},"117":{"start":{"line":188,"column":4},"end":{"line":188,"column":21}},"118":{"start":{"line":191,"column":23},"end":{"line":191,"column":72}},"119":{"start":{"line":192,"column":4},"end":{"line":198,"column":5}},"120":{"start":{"line":193,"column":6},"end":{"line":193,"column":68}},"121":{"start":{"line":194,"column":23},"end":{"line":194,"column":61}},"122":{"start":{"line":195,"column":6},"end":{"line":195,"column":47}},"123":{"start":{"line":197,"column":6},"end":{"line":197,"column":43}},"124":{"start":{"line":201,"column":18},"end":{"line":201,"column":28}},"125":{"start":{"line":202,"column":27},"end":{"line":203,"column":null}},"126":{"start":{"line":205,"column":23},"end":{"line":205,"column":76}},"127":{"start":{"line":206,"column":21},"end":{"line":206,"column":65}},"128":{"start":{"line":208,"column":4},"end":{"line":217,"column":5}},"129":{"start":{"line":209,"column":6},"end":{"line":209,"column":68}},"130":{"start":{"line":210,"column":28},"end":{"line":210,"column":70}},"131":{"start":{"line":211,"column":26},"end":{"line":211,"column":59}},"132":{"start":{"line":212,"column":6},"end":{"line":212,"column":51}},"133":{"start":{"line":213,"column":6},"end":{"line":213,"column":47}},"134":{"start":{"line":215,"column":6},"end":{"line":215,"column":42}},"135":{"start":{"line":216,"column":6},"end":{"line":216,"column":38}},"136":{"start":{"line":220,"column":4},"end":{"line":222,"column":5}},"137":{"start":{"line":221,"column":6},"end":{"line":221,"column":49}},"138":{"start":{"line":224,"column":4},"end":{"line":224,"column":30}},"139":{"start":{"line":228,"column":22},"end":{"line":228,"column":72}},"140":{"start":{"line":229,"column":4},"end":{"line":234,"column":5}},"141":{"start":{"line":230,"column":6},"end":{"line":230,"column":30}},"142":{"start":{"line":232,"column":21},"end":{"line":232,"column":52}},"143":{"start":{"line":233,"column":6},"end":{"line":233,"column":50}},"144":{"start":{"line":252,"column":22},"end":{"line":252,"column":41}},"145":{"start":{"line":253,"column":19},"end":{"line":253,"column":36}},"146":{"start":{"line":255,"column":4},"end":{"line":270,"column":5}},"147":{"start":{"line":256,"column":29},"end":{"line":256,"column":45}},"148":{"start":{"line":257,"column":6},"end":{"line":257,"column":42}},"149":{"start":{"line":258,"column":33},"end":{"line":258,"column":57}},"150":{"start":{"line":260,"column":27},"end":{"line":260,"column":43}},"151":{"start":{"line":261,"column":6},"end":{"line":261,"column":45}},"152":{"start":{"line":262,"column":31},"end":{"line":262,"column":53}},"153":{"start":{"line":264,"column":6},"end":{"line":269,"column":9}},"154":{"start":{"line":265,"column":31},"end":{"line":265,"column":58}},"155":{"start":{"line":266,"column":29},"end":{"line":266,"column":54}},"156":{"start":{"line":268,"column":8},"end":{"line":268,"column":88}},"157":{"start":{"line":272,"column":22},"end":{"line":272,"column":42}},"158":{"start":{"line":274,"column":4},"end":{"line":274,"column":73}},"159":{"start":{"line":274,"column":33},"end":{"line":274,"column":71}},"160":{"start":{"line":278,"column":4},"end":{"line":278,"column":68}},"161":{"start":{"line":278,"column":38},"end":{"line":278,"column":66}},"162":{"start":{"line":282,"column":4},"end":{"line":282,"column":32}},"163":{"start":{"line":286,"column":4},"end":{"line":286,"column":33}},"164":{"start":{"line":291,"column":4},"end":{"line":291,"column":21}},"165":{"start":{"line":292,"column":4},"end":{"line":292,"column":32}},"166":{"start":{"line":293,"column":4},"end":{"line":293,"column":27}},"167":{"start":{"line":297,"column":4},"end":{"line":297,"column":33}},"168":{"start":{"line":298,"column":4},"end":{"line":298,"column":37}},"169":{"start":{"line":301,"column":22},"end":{"line":301,"column":72}},"170":{"start":{"line":302,"column":22},"end":{"line":302,"column":67}},"171":{"start":{"line":303,"column":20},"end":{"line":303,"column":68}},"172":{"start":{"line":304,"column":20},"end":{"line":304,"column":63}},"173":{"start":{"line":306,"column":4},"end":{"line":319,"column":5}},"174":{"start":{"line":307,"column":6},"end":{"line":307,"column":72}},"175":{"start":{"line":308,"column":20},"end":{"line":308,"column":41}},"176":{"start":{"line":309,"column":18},"end":{"line":309,"column":37}},"177":{"start":{"line":310,"column":6},"end":{"line":310,"column":71}},"178":{"start":{"line":311,"column":6},"end":{"line":311,"column":64}},"179":{"start":{"line":312,"column":6},"end":{"line":312,"column":67}},"180":{"start":{"line":313,"column":6},"end":{"line":313,"column":60}},"181":{"start":{"line":315,"column":6},"end":{"line":315,"column":41}},"182":{"start":{"line":316,"column":6},"end":{"line":316,"column":41}},"183":{"start":{"line":317,"column":6},"end":{"line":317,"column":37}},"184":{"start":{"line":318,"column":6},"end":{"line":318,"column":37}},"185":{"start":{"line":321,"column":4},"end":{"line":321,"column":37}},"186":{"start":{"line":322,"column":4},"end":{"line":322,"column":49}},"187":{"start":{"line":323,"column":4},"end":{"line":323,"column":43}},"188":{"start":{"line":324,"column":4},"end":{"line":324,"column":58}},"189":{"start":{"line":326,"column":48},"end":{"line":329,"column":7}},"190":{"start":{"line":326,"column":83},"end":{"line":329,"column":6}},"191":{"start":{"line":330,"column":4},"end":{"line":330,"column":47}},"192":{"start":{"line":331,"column":4},"end":{"line":333,"column":5}},"193":{"start":{"line":332,"column":6},"end":{"line":332,"column":49}},"194":{"start":{"line":334,"column":4},"end":{"line":334,"column":27}},"195":{"start":{"line":339,"column":4},"end":{"line":342,"column":5}},"196":{"start":{"line":340,"column":6},"end":{"line":340,"column":82}},"197":{"start":{"line":341,"column":6},"end":{"line":341,"column":13}},"198":{"start":{"line":344,"column":18},"end":{"line":344,"column":79}},"199":{"start":{"line":345,"column":16},"end":{"line":345,"column":73}},"200":{"start":{"line":348,"column":4},"end":{"line":351,"column":5}},"201":{"start":{"line":349,"column":6},"end":{"line":349,"column":88}},"202":{"start":{"line":350,"column":6},"end":{"line":350,"column":13}},"203":{"start":{"line":354,"column":25},"end":{"line":354,"column":73}},"204":{"start":{"line":356,"column":22},"end":{"line":371,"column":6}},"205":{"start":{"line":368,"column":66},"end":{"line":368,"column":75}},"206":{"start":{"line":373,"column":20},"end":{"line":373,"column":39}},"207":{"start":{"line":374,"column":4},"end":{"line":388,"column":5}},"208":{"start":{"line":375,"column":6},"end":{"line":375,"column":43}},"209":{"start":{"line":376,"column":6},"end":{"line":383,"column":7}},"210":{"start":{"line":377,"column":8},"end":{"line":377,"column":44}},"211":{"start":{"line":379,"column":36},"end":{"line":379,"column":64}},"212":{"start":{"line":380,"column":8},"end":{"line":380,"column":52}},"213":{"start":{"line":381,"column":8},"end":{"line":381,"column":37}},"214":{"start":{"line":382,"column":8},"end":{"line":382,"column":25}},"215":{"start":{"line":385,"column":6},"end":{"line":385,"column":44}},"216":{"start":{"line":386,"column":6},"end":{"line":386,"column":35}},"217":{"start":{"line":387,"column":6},"end":{"line":387,"column":23}},"218":{"start":{"line":392,"column":20},"end":{"line":392,"column":39}},"219":{"start":{"line":393,"column":22},"end":{"line":393,"column":45}},"220":{"start":{"line":394,"column":4},"end":{"line":394,"column":39}},"221":{"start":{"line":394,"column":32},"end":{"line":394,"column":39}},"222":{"start":{"line":396,"column":4},"end":{"line":408,"column":5}},"223":{"start":{"line":397,"column":34},"end":{"line":397,"column":62}},"224":{"start":{"line":398,"column":6},"end":{"line":398,"column":56}},"225":{"start":{"line":401,"column":34},"end":{"line":406,"column":8}},"226":{"start":{"line":407,"column":6},"end":{"line":407,"column":50}},"227":{"start":{"line":409,"column":4},"end":{"line":409,"column":33}},"228":{"start":{"line":410,"column":4},"end":{"line":410,"column":21}},"229":{"start":{"line":414,"column":16},"end":{"line":414,"column":26}},"230":{"start":{"line":415,"column":25},"end":{"line":415,"column":67}},"231":{"start":{"line":416,"column":4},"end":{"line":416,"column":28}},"232":{"start":{"line":419,"column":22},"end":{"line":419,"column":64}},"233":{"start":{"line":420,"column":22},"end":{"line":420,"column":59}},"234":{"start":{"line":421,"column":20},"end":{"line":421,"column":71}},"235":{"start":{"line":422,"column":20},"end":{"line":422,"column":66}},"236":{"start":{"line":424,"column":4},"end":{"line":435,"column":5}},"237":{"start":{"line":425,"column":6},"end":{"line":425,"column":72}},"238":{"start":{"line":426,"column":6},"end":{"line":426,"column":69}},"239":{"start":{"line":427,"column":6},"end":{"line":427,"column":62}},"240":{"start":{"line":428,"column":6},"end":{"line":428,"column":76}},"241":{"start":{"line":429,"column":6},"end":{"line":429,"column":69}},"242":{"start":{"line":431,"column":6},"end":{"line":431,"column":41}},"243":{"start":{"line":432,"column":6},"end":{"line":432,"column":41}},"244":{"start":{"line":433,"column":6},"end":{"line":433,"column":37}},"245":{"start":{"line":434,"column":6},"end":{"line":434,"column":37}},"246":{"start":{"line":437,"column":4},"end":{"line":437,"column":34}},"247":{"start":{"line":438,"column":4},"end":{"line":438,"column":37}},"248":{"start":{"line":439,"column":4},"end":{"line":439,"column":65}},"249":{"start":{"line":440,"column":4},"end":{"line":440,"column":28}},"250":{"start":{"line":441,"column":4},"end":{"line":441,"column":35}},"251":{"start":{"line":442,"column":4},"end":{"line":442,"column":33}},"252":{"start":{"line":443,"column":4},"end":{"line":443,"column":32}},"253":{"start":{"line":444,"column":4},"end":{"line":444,"column":36}},"254":{"start":{"line":445,"column":4},"end":{"line":445,"column":33}},"255":{"start":{"line":449,"column":18},"end":{"line":449,"column":85}},"256":{"start":{"line":450,"column":29},"end":{"line":450,"column":52}},"257":{"start":{"line":451,"column":32},"end":{"line":451,"column":78}},"258":{"start":{"line":452,"column":4},"end":{"line":452,"column":89}},"259":{"start":{"line":452,"column":38},"end":{"line":452,"column":86}},"260":{"start":{"line":456,"column":21},"end":{"line":456,"column":70}},"261":{"start":{"line":457,"column":4},"end":{"line":457,"column":59}},"262":{"start":{"line":457,"column":38},"end":{"line":457,"column":56}},"263":{"start":{"line":462,"column":4},"end":{"line":462,"column":40}},"264":{"start":{"line":467,"column":4},"end":{"line":467,"column":40}},"265":{"start":{"line":472,"column":4},"end":{"line":472,"column":34}},"266":{"start":{"line":473,"column":4},"end":{"line":477,"column":5}},"267":{"start":{"line":474,"column":6},"end":{"line":474,"column":44}},"268":{"start":{"line":476,"column":6},"end":{"line":476,"column":38}},"269":{"start":{"line":481,"column":18},"end":{"line":481,"column":38}},"270":{"start":{"line":482,"column":4},"end":{"line":482,"column":23}},"271":{"start":{"line":482,"column":16},"end":{"line":482,"column":23}},"272":{"start":{"line":484,"column":4},"end":{"line":488,"column":5}},"273":{"start":{"line":485,"column":6},"end":{"line":485,"column":58}},"274":{"start":{"line":487,"column":6},"end":{"line":487,"column":46}},"275":{"start":{"line":489,"column":4},"end":{"line":489,"column":33}},"276":{"start":{"line":490,"column":4},"end":{"line":490,"column":21}},"277":{"start":{"line":495,"column":18},"end":{"line":495,"column":40}},"278":{"start":{"line":496,"column":4},"end":{"line":499,"column":5}},"279":{"start":{"line":497,"column":6},"end":{"line":497,"column":24}},"280":{"start":{"line":498,"column":6},"end":{"line":498,"column":13}},"281":{"start":{"line":501,"column":4},"end":{"line":523,"column":5}},"282":{"start":{"line":503,"column":19},"end":{"line":503,"column":34}},"283":{"start":{"line":506,"column":6},"end":{"line":509,"column":7}},"284":{"start":{"line":507,"column":8},"end":{"line":507,"column":79}},"285":{"start":{"line":508,"column":8},"end":{"line":508,"column":15}},"286":{"start":{"line":512,"column":6},"end":{"line":515,"column":7}},"287":{"start":{"line":513,"column":8},"end":{"line":513,"column":78}},"288":{"start":{"line":514,"column":8},"end":{"line":514,"column":15}},"289":{"start":{"line":517,"column":6},"end":{"line":517,"column":32}},"290":{"start":{"line":518,"column":6},"end":{"line":518,"column":56}},"291":{"start":{"line":519,"column":6},"end":{"line":519,"column":24}},"292":{"start":{"line":521,"column":6},"end":{"line":521,"column":50}},"293":{"start":{"line":522,"column":6},"end":{"line":522,"column":80}},"294":{"start":{"line":527,"column":4},"end":{"line":527,"column":30}},"295":{"start":{"line":528,"column":4},"end":{"line":528,"column":54}},"296":{"start":{"line":533,"column":4},"end":{"line":533,"column":31}},"297":{"start":{"line":534,"column":4},"end":{"line":549,"column":5}},"298":{"start":{"line":535,"column":19},"end":{"line":535,"column":70}},"299":{"start":{"line":536,"column":19},"end":{"line":536,"column":65}},"300":{"start":{"line":537,"column":18},"end":{"line":537,"column":43}},"301":{"start":{"line":538,"column":16},"end":{"line":538,"column":43}},"302":{"start":{"line":539,"column":6},"end":{"line":539,"column":19}},"303":{"start":{"line":540,"column":6},"end":{"line":540,"column":43}},"304":{"start":{"line":541,"column":6},"end":{"line":541,"column":16}},"305":{"start":{"line":542,"column":6},"end":{"line":542,"column":31}},"306":{"start":{"line":543,"column":6},"end":{"line":543,"column":84}},"307":{"start":{"line":545,"column":6},"end":{"line":545,"column":45}},"308":{"start":{"line":546,"column":6},"end":{"line":546,"column":80}},"309":{"start":{"line":548,"column":6},"end":{"line":548,"column":34}},"310":{"start":{"line":553,"column":4},"end":{"line":553,"column":51}},"311":{"start":{"line":557,"column":18},"end":{"line":557,"column":62}},"312":{"start":{"line":558,"column":4},"end":{"line":558,"column":22}},"313":{"start":{"line":558,"column":15},"end":{"line":558,"column":22}},"314":{"start":{"line":560,"column":4},"end":{"line":560,"column":31}},"315":{"start":{"line":561,"column":19},"end":{"line":561,"column":35}},"316":{"start":{"line":563,"column":4},"end":{"line":577,"column":6}},"317":{"start":{"line":564,"column":21},"end":{"line":564,"column":37}},"318":{"start":{"line":565,"column":6},"end":{"line":574,"column":7}},"319":{"start":{"line":566,"column":29},"end":{"line":566,"column":67}},"320":{"start":{"line":567,"column":8},"end":{"line":573,"column":9}},"321":{"start":{"line":568,"column":26},"end":{"line":568,"column":115}},"322":{"start":{"line":569,"column":10},"end":{"line":569,"column":45}},"323":{"start":{"line":571,"column":26},"end":{"line":571,"column":133}},"324":{"start":{"line":572,"column":10},"end":{"line":572,"column":49}},"325":{"start":{"line":575,"column":6},"end":{"line":575,"column":34}},"326":{"start":{"line":576,"column":6},"end":{"line":576,"column":24}},"327":{"start":{"line":579,"column":4},"end":{"line":582,"column":6}},"328":{"start":{"line":580,"column":6},"end":{"line":580,"column":80}},"329":{"start":{"line":581,"column":6},"end":{"line":581,"column":34}},"330":{"start":{"line":584,"column":4},"end":{"line":584,"column":28}},"331":{"start":{"line":588,"column":4},"end":{"line":588,"column":35}},"332":{"start":{"line":592,"column":4},"end":{"line":592,"column":40}},"333":{"start":{"line":593,"column":4},"end":{"line":593,"column":22}},"334":{"start":{"line":594,"column":4},"end":{"line":594,"column":81}},"335":{"start":{"line":599,"column":42},"end":{"line":603,"column":6}},"336":{"start":{"line":604,"column":4},"end":{"line":604,"column":77}},"337":{"start":{"line":604,"column":46},"end":{"line":604,"column":75}},"338":{"start":{"line":608,"column":4},"end":{"line":608,"column":88}},"339":{"start":{"line":608,"column":46},"end":{"line":608,"column":86}},"340":{"start":{"line":608,"column":74},"end":{"line":608,"column":85}},"341":{"start":{"line":612,"column":18},"end":{"line":612,"column":57}},"342":{"start":{"line":613,"column":4},"end":{"line":615,"column":6}},"343":{"start":{"line":614,"column":6},"end":{"line":614,"column":66}},"344":{"start":{"line":614,"column":32},"end":{"line":614,"column":64}},"345":{"start":{"line":619,"column":19},"end":{"line":619,"column":67}},"346":{"start":{"line":620,"column":4},"end":{"line":622,"column":6}},"347":{"start":{"line":621,"column":6},"end":{"line":621,"column":68}},"348":{"start":{"line":621,"column":32},"end":{"line":621,"column":66}},"349":{"start":{"line":696,"column":4},"end":{"line":696,"column":33}},"350":{"start":{"line":701,"column":4},"end":{"line":701,"column":71}},"351":{"start":{"line":706,"column":4},"end":{"line":706,"column":74}},"352":{"start":{"line":706,"column":34},"end":{"line":706,"column":71}},"353":{"start":{"line":710,"column":4},"end":{"line":716,"column":5}},"354":{"start":{"line":711,"column":6},"end":{"line":711,"column":32}},"355":{"start":{"line":715,"column":6},"end":{"line":715,"column":32}},"356":{"start":{"line":721,"column":49},"end":{"line":735,"column":6}},"357":{"start":{"line":736,"column":4},"end":{"line":736,"column":27}},"358":{"start":{"line":71,"column":13},"end":{"line":71,"column":25}},"359":{"start":{"line":71,"column":13},"end":{"line":738,"column":null}}},"fnMap":{"0":{"name":"(anonymous_1)","decl":{"start":{"line":140,"column":2},"end":{"line":140,"column":null}},"loc":{"start":{"line":140,"column":2},"end":{"line":225,"column":3}}},"1":{"name":"(anonymous_2)","decl":{"start":{"line":136,"column":27},"end":{"line":136,"column":30}},"loc":{"start":{"line":136,"column":33},"end":{"line":136,"column":52}}},"2":{"name":"(anonymous_3)","decl":{"start":{"line":137,"column":24},"end":{"line":137,"column":27}},"loc":{"start":{"line":137,"column":30},"end":{"line":137,"column":84}}},"3":{"name":"(anonymous_4)","decl":{"start":{"line":238,"column":34},"end":{"line":238,"column":37}},"loc":{"start":{"line":238,"column":39},"end":{"line":242,"column":3}}},"4":{"name":"(anonymous_5)","decl":{"start":{"line":241,"column":12},"end":{"line":241,"column":13}},"loc":{"start":{"line":241,"column":22},"end":{"line":241,"column":79}}},"5":{"name":"(anonymous_6)","decl":{"start":{"line":245,"column":35},"end":{"line":245,"column":38}},"loc":{"start":{"line":245,"column":40},"end":{"line":249,"column":3}}},"6":{"name":"(anonymous_7)","decl":{"start":{"line":627,"column":36},"end":{"line":627,"column":39}},"loc":{"start":{"line":627,"column":41},"end":{"line":636,"column":3}}},"7":{"name":"(anonymous_8)","decl":{"start":{"line":639,"column":41},"end":{"line":639,"column":44}},"loc":{"start":{"line":639,"column":46},"end":{"line":645,"column":3}}},"8":{"name":"(anonymous_9)","decl":{"start":{"line":641,"column":45},"end":{"line":641,"column":50}},"loc":{"start":{"line":641,"column":53},"end":{"line":644,"column":5}}},"9":{"name":"(anonymous_10)","decl":{"start":{"line":648,"column":23},"end":{"line":648,"column":26}},"loc":{"start":{"line":648,"column":28},"end":{"line":689,"column":3}}},"10":{"name":"(anonymous_11)","decl":{"start":{"line":692,"column":30},"end":{"line":692,"column":33}},"loc":{"start":{"line":692,"column":36},"end":{"line":692,"column":79}}},"11":{"name":"(anonymous_12)","decl":{"start":{"line":693,"column":33},"end":{"line":693,"column":36}},"loc":{"start":{"line":693,"column":39},"end":{"line":693,"column":85}}},"12":{"name":"(anonymous_13)","decl":{"start":{"line":149,"column":11},"end":{"line":149,"column":14}},"loc":{"start":{"line":149,"column":16},"end":{"line":157,"column":5}}},"13":{"name":"(anonymous_14)","decl":{"start":{"line":161,"column":6},"end":{"line":161,"column":9}},"loc":{"start":{"line":161,"column":11},"end":{"line":184,"column":7}}},"14":{"name":"(anonymous_15)","decl":{"start":{"line":162,"column":31},"end":{"line":162,"column":32}},"loc":{"start":{"line":162,"column":52},"end":{"line":178,"column":9}}},"15":{"name":"(anonymous_16)","decl":{"start":{"line":183,"column":15},"end":{"line":183,"column":18}},"loc":{"start":{"line":183,"column":21},"end":{"line":183,"column":74}}},"16":{"name":"(anonymous_17)","decl":{"start":{"line":227,"column":10},"end":{"line":227,"column":28}},"loc":{"start":{"line":227,"column":28},"end":{"line":235,"column":3}}},"17":{"name":"(anonymous_18)","decl":{"start":{"line":251,"column":10},"end":{"line":251,"column":22}},"loc":{"start":{"line":251,"column":22},"end":{"line":275,"column":3}}},"18":{"name":"(anonymous_19)","decl":{"start":{"line":264,"column":30},"end":{"line":264,"column":31}},"loc":{"start":{"line":264,"column":34},"end":{"line":269,"column":7}}},"19":{"name":"(anonymous_20)","decl":{"start":{"line":274,"column":28},"end":{"line":274,"column":29}},"loc":{"start":{"line":274,"column":33},"end":{"line":274,"column":71}}},"20":{"name":"(anonymous_21)","decl":{"start":{"line":277,"column":2},"end":{"line":277,"column":16}},"loc":{"start":{"line":277,"column":16},"end":{"line":279,"column":3}}},"21":{"name":"(anonymous_22)","decl":{"start":{"line":278,"column":33},"end":{"line":278,"column":34}},"loc":{"start":{"line":278,"column":38},"end":{"line":278,"column":66}}},"22":{"name":"(anonymous_23)","decl":{"start":{"line":281,"column":2},"end":{"line":281,"column":11}},"loc":{"start":{"line":281,"column":24},"end":{"line":283,"column":3}}},"23":{"name":"(anonymous_24)","decl":{"start":{"line":285,"column":2},"end":{"line":285,"column":12}},"loc":{"start":{"line":285,"column":12},"end":{"line":288,"column":3}}},"24":{"name":"(anonymous_25)","decl":{"start":{"line":290,"column":2},"end":{"line":290,"column":18}},"loc":{"start":{"line":290,"column":18},"end":{"line":294,"column":3}}},"25":{"name":"(anonymous_26)","decl":{"start":{"line":296,"column":2},"end":{"line":296,"column":19}},"loc":{"start":{"line":296,"column":32},"end":{"line":335,"column":3}}},"26":{"name":"(anonymous_27)","decl":{"start":{"line":326,"column":77},"end":{"line":326,"column":78}},"loc":{"start":{"line":326,"column":83},"end":{"line":329,"column":6}}},"27":{"name":"(anonymous_28)","decl":{"start":{"line":337,"column":2},"end":{"line":337,"column":18}},"loc":{"start":{"line":337,"column":18},"end":{"line":389,"column":3}}},"28":{"name":"(anonymous_29)","decl":{"start":{"line":368,"column":39},"end":{"line":368,"column":40}},"loc":{"start":{"line":368,"column":66},"end":{"line":368,"column":75}}},"29":{"name":"(anonymous_30)","decl":{"start":{"line":391,"column":2},"end":{"line":391,"column":13}},"loc":{"start":{"line":391,"column":35},"end":{"line":411,"column":3}}},"30":{"name":"(anonymous_31)","decl":{"start":{"line":413,"column":2},"end":{"line":413,"column":11}},"loc":{"start":{"line":413,"column":11},"end":{"line":446,"column":3}}},"31":{"name":"(anonymous_32)","decl":{"start":{"line":448,"column":2},"end":{"line":448,"column":19}},"loc":{"start":{"line":448,"column":32},"end":{"line":453,"column":3}}},"32":{"name":"(anonymous_33)","decl":{"start":{"line":452,"column":32},"end":{"line":452,"column":33}},"loc":{"start":{"line":452,"column":38},"end":{"line":452,"column":86}}},"33":{"name":"(anonymous_34)","decl":{"start":{"line":455,"column":2},"end":{"line":455,"column":28}},"loc":{"start":{"line":455,"column":41},"end":{"line":458,"column":3}}},"34":{"name":"(anonymous_35)","decl":{"start":{"line":457,"column":32},"end":{"line":457,"column":33}},"loc":{"start":{"line":457,"column":38},"end":{"line":457,"column":56}}},"35":{"name":"(anonymous_36)","decl":{"start":{"line":460,"column":2},"end":{"line":460,"column":19}},"loc":{"start":{"line":460,"column":40},"end":{"line":463,"column":3}}},"36":{"name":"(anonymous_37)","decl":{"start":{"line":465,"column":2},"end":{"line":465,"column":19}},"loc":{"start":{"line":465,"column":40},"end":{"line":468,"column":3}}},"37":{"name":"(anonymous_38)","decl":{"start":{"line":471,"column":2},"end":{"line":471,"column":15}},"loc":{"start":{"line":471,"column":28},"end":{"line":478,"column":3}}},"38":{"name":"(anonymous_39)","decl":{"start":{"line":480,"column":2},"end":{"line":480,"column":15}},"loc":{"start":{"line":480,"column":42},"end":{"line":491,"column":3}}},"39":{"name":"(anonymous_40)","decl":{"start":{"line":494,"column":2},"end":{"line":494,"column":18}},"loc":{"start":{"line":494,"column":18},"end":{"line":524,"column":3}}},"40":{"name":"(anonymous_41)","decl":{"start":{"line":526,"column":2},"end":{"line":526,"column":13}},"loc":{"start":{"line":526,"column":13},"end":{"line":529,"column":3}}},"41":{"name":"(anonymous_42)","decl":{"start":{"line":532,"column":2},"end":{"line":532,"column":14}},"loc":{"start":{"line":532,"column":14},"end":{"line":550,"column":3}}},"42":{"name":"(anonymous_43)","decl":{"start":{"line":552,"column":2},"end":{"line":552,"column":15}},"loc":{"start":{"line":552,"column":15},"end":{"line":554,"column":3}}},"43":{"name":"(anonymous_44)","decl":{"start":{"line":556,"column":2},"end":{"line":556,"column":14}},"loc":{"start":{"line":556,"column":27},"end":{"line":585,"column":3}}},"44":{"name":"(anonymous_45)","decl":{"start":{"line":563,"column":20},"end":{"line":563,"column":21}},"loc":{"start":{"line":563,"column":24},"end":{"line":577,"column":5}}},"45":{"name":"(anonymous_46)","decl":{"start":{"line":579,"column":21},"end":{"line":579,"column":24}},"loc":{"start":{"line":579,"column":26},"end":{"line":582,"column":5}}},"46":{"name":"(anonymous_47)","decl":{"start":{"line":587,"column":2},"end":{"line":587,"column":14}},"loc":{"start":{"line":587,"column":14},"end":{"line":589,"column":3}}},"47":{"name":"(anonymous_48)","decl":{"start":{"line":591,"column":2},"end":{"line":591,"column":14}},"loc":{"start":{"line":591,"column":14},"end":{"line":595,"column":3}}},"48":{"name":"(anonymous_49)","decl":{"start":{"line":598,"column":2},"end":{"line":598,"column":14}},"loc":{"start":{"line":598,"column":14},"end":{"line":605,"column":3}}},"49":{"name":"(anonymous_50)","decl":{"start":{"line":604,"column":32},"end":{"line":604,"column":42}},"loc":{"start":{"line":604,"column":46},"end":{"line":604,"column":75}}},"50":{"name":"(anonymous_51)","decl":{"start":{"line":607,"column":2},"end":{"line":607,"column":17}},"loc":{"start":{"line":607,"column":31},"end":{"line":609,"column":3}}},"51":{"name":"(anonymous_52)","decl":{"start":{"line":608,"column":32},"end":{"line":608,"column":42}},"loc":{"start":{"line":608,"column":46},"end":{"line":608,"column":86}}},"52":{"name":"(anonymous_53)","decl":{"start":{"line":608,"column":64},"end":{"line":608,"column":65}},"loc":{"start":{"line":608,"column":74},"end":{"line":608,"column":85}}},"53":{"name":"(anonymous_54)","decl":{"start":{"line":611,"column":2},"end":{"line":611,"column":21}},"loc":{"start":{"line":611,"column":49},"end":{"line":616,"column":3}}},"54":{"name":"(anonymous_55)","decl":{"start":{"line":613,"column":32},"end":{"line":613,"column":42}},"loc":{"start":{"line":614,"column":6},"end":{"line":614,"column":66}}},"55":{"name":"(anonymous_56)","decl":{"start":{"line":614,"column":21},"end":{"line":614,"column":22}},"loc":{"start":{"line":614,"column":32},"end":{"line":614,"column":64}}},"56":{"name":"(anonymous_57)","decl":{"start":{"line":618,"column":2},"end":{"line":618,"column":23}},"loc":{"start":{"line":618,"column":51},"end":{"line":623,"column":3}}},"57":{"name":"(anonymous_58)","decl":{"start":{"line":620,"column":32},"end":{"line":620,"column":42}},"loc":{"start":{"line":621,"column":6},"end":{"line":621,"column":68}}},"58":{"name":"(anonymous_59)","decl":{"start":{"line":621,"column":21},"end":{"line":621,"column":22}},"loc":{"start":{"line":621,"column":32},"end":{"line":621,"column":66}}},"59":{"name":"(anonymous_60)","decl":{"start":{"line":695,"column":2},"end":{"line":695,"column":16}},"loc":{"start":{"line":695,"column":16},"end":{"line":697,"column":3}}},"60":{"name":"(anonymous_61)","decl":{"start":{"line":700,"column":2},"end":{"line":700,"column":30}},"loc":{"start":{"line":700,"column":30},"end":{"line":702,"column":3}}},"61":{"name":"(anonymous_62)","decl":{"start":{"line":705,"column":2},"end":{"line":705,"column":16}},"loc":{"start":{"line":705,"column":16},"end":{"line":707,"column":3}}},"62":{"name":"(anonymous_63)","decl":{"start":{"line":706,"column":25},"end":{"line":706,"column":29}},"loc":{"start":{"line":706,"column":34},"end":{"line":706,"column":71}}},"63":{"name":"(anonymous_64)","decl":{"start":{"line":709,"column":2},"end":{"line":709,"column":23}},"loc":{"start":{"line":709,"column":41},"end":{"line":717,"column":3}}},"64":{"name":"(anonymous_65)","decl":{"start":{"line":720,"column":2},"end":{"line":720,"column":17}},"loc":{"start":{"line":720,"column":35},"end":{"line":737,"column":3}}}},"branchMap":{"0":{"loc":{"start":{"line":643,"column":13},"end":{"line":643,"column":61}},"type":"binary-expr","locations":[{"start":{"line":643,"column":13},"end":{"line":643,"column":36}},{"start":{"line":643,"column":40},"end":{"line":643,"column":61}}]},"1":{"loc":{"start":{"line":652,"column":4},"end":{"line":660,"column":5}},"type":"if","locations":[{"start":{"line":652,"column":4},"end":{"line":660,"column":5}},{"start":{},"end":{}}]},"2":{"loc":{"start":{"line":675,"column":29},"end":{"line":675,"column":53}},"type":"binary-expr","locations":[{"start":{"line":675,"column":29},"end":{"line":675,"column":48}},{"start":{"line":675,"column":52},"end":{"line":675,"column":53}}]},"3":{"loc":{"start":{"line":678,"column":42},"end":{"line":678,"column":79}},"type":"binary-expr","locations":[{"start":{"line":678,"column":42},"end":{"line":678,"column":74}},{"start":{"line":678,"column":78},"end":{"line":678,"column":79}}]},"4":{"loc":{"start":{"line":681,"column":6},"end":{"line":685,"column":7}},"type":"if","locations":[{"start":{"line":681,"column":6},"end":{"line":685,"column":7}},{"start":{},"end":{}}]},"5":{"loc":{"start":{"line":683,"column":42},"end":{"line":683,"column":75}},"type":"binary-expr","locations":[{"start":{"line":683,"column":42},"end":{"line":683,"column":70}},{"start":{"line":683,"column":74},"end":{"line":683,"column":75}}]},"6":{"loc":{"start":{"line":147,"column":24},"end":{"line":147,"column":71}},"type":"binary-expr","locations":[{"start":{"line":147,"column":24},"end":{"line":147,"column":35}},{"start":{"line":147,"column":40},"end":{"line":147,"column":70}}]},"7":{"loc":{"start":{"line":147,"column":40},"end":{"line":147,"column":70}},"type":"cond-expr","locations":[{"start":{"line":147,"column":54},"end":{"line":147,"column":60}},{"start":{"line":147,"column":63},"end":{"line":147,"column":70}}]},"8":{"loc":{"start":{"line":152,"column":6},"end":{"line":156,"column":7}},"type":"if","locations":[{"start":{"line":152,"column":6},"end":{"line":156,"column":7}},{"start":{"line":154,"column":13},"end":{"line":156,"column":7}}]},"9":{"loc":{"start":{"line":164,"column":10},"end":{"line":167,"column":11}},"type":"if","locations":[{"start":{"line":164,"column":10},"end":{"line":167,"column":11}},{"start":{},"end":{}}]},"10":{"loc":{"start":{"line":164,"column":14},"end":{"line":164,"column":55}},"type":"binary-expr","locations":[{"start":{"line":164,"column":15},"end":{"line":164,"column":24}},{"start":{"line":164,"column":28},"end":{"line":164,"column":37}},{"start":{"line":164,"column":42},"end":{"line":164,"column":55}}]},"11":{"loc":{"start":{"line":169,"column":10},"end":{"line":172,"column":11}},"type":"if","locations":[{"start":{"line":169,"column":10},"end":{"line":172,"column":11}},{"start":{},"end":{}}]},"12":{"loc":{"start":{"line":169,"column":14},"end":{"line":169,"column":65}},"type":"binary-expr","locations":[{"start":{"line":169,"column":14},"end":{"line":169,"column":32}},{"start":{"line":169,"column":36},"end":{"line":169,"column":65}}]},"13":{"loc":{"start":{"line":174,"column":10},"end":{"line":177,"column":11}},"type":"if","locations":[{"start":{"line":174,"column":10},"end":{"line":177,"column":11}},{"start":{},"end":{}}]},"14":{"loc":{"start":{"line":174,"column":14},"end":{"line":174,"column":92}},"type":"binary-expr","locations":[{"start":{"line":174,"column":15},"end":{"line":174,"column":24}},{"start":{"line":174,"column":28},"end":{"line":174,"column":37}},{"start":{"line":174,"column":42},"end":{"line":174,"column":55}},{"start":{"line":174,"column":59},"end":{"line":174,"column":92}}]},"15":{"loc":{"start":{"line":192,"column":4},"end":{"line":198,"column":5}},"type":"if","locations":[{"start":{"line":192,"column":4},"end":{"line":198,"column":5}},{"start":{"line":196,"column":11},"end":{"line":198,"column":5}}]},"16":{"loc":{"start":{"line":195,"column":31},"end":{"line":195,"column":45}},"type":"binary-expr","locations":[{"start":{"line":195,"column":31},"end":{"line":195,"column":39}},{"start":{"line":195,"column":43},"end":{"line":195,"column":45}}]},"17":{"loc":{"start":{"line":208,"column":4},"end":{"line":217,"column":5}},"type":"if","locations":[{"start":{"line":208,"column":4},"end":{"line":217,"column":5}},{"start":{"line":214,"column":11},"end":{"line":217,"column":5}}]},"18":{"loc":{"start":{"line":208,"column":8},"end":{"line":208,"column":32}},"type":"binary-expr","locations":[{"start":{"line":208,"column":8},"end":{"line":208,"column":19}},{"start":{"line":208,"column":23},"end":{"line":208,"column":32}}]},"19":{"loc":{"start":{"line":212,"column":30},"end":{"line":212,"column":49}},"type":"binary-expr","locations":[{"start":{"line":212,"column":30},"end":{"line":212,"column":43}},{"start":{"line":212,"column":47},"end":{"line":212,"column":49}}]},"20":{"loc":{"start":{"line":213,"column":28},"end":{"line":213,"column":45}},"type":"binary-expr","locations":[{"start":{"line":213,"column":28},"end":{"line":213,"column":39}},{"start":{"line":213,"column":43},"end":{"line":213,"column":45}}]},"21":{"loc":{"start":{"line":220,"column":4},"end":{"line":222,"column":5}},"type":"if","locations":[{"start":{"line":220,"column":4},"end":{"line":222,"column":5}},{"start":{},"end":{}}]},"22":{"loc":{"start":{"line":229,"column":4},"end":{"line":234,"column":5}},"type":"if","locations":[{"start":{"line":229,"column":4},"end":{"line":234,"column":5}},{"start":{},"end":{}}]},"23":{"loc":{"start":{"line":255,"column":4},"end":{"line":270,"column":5}},"type":"if","locations":[{"start":{"line":255,"column":4},"end":{"line":270,"column":5}},{"start":{},"end":{}}]},"24":{"loc":{"start":{"line":268,"column":15},"end":{"line":268,"column":87}},"type":"binary-expr","locations":[{"start":{"line":268,"column":15},"end":{"line":268,"column":49}},{"start":{"line":268,"column":53},"end":{"line":268,"column":87}}]},"25":{"loc":{"start":{"line":306,"column":4},"end":{"line":319,"column":5}},"type":"if","locations":[{"start":{"line":306,"column":4},"end":{"line":319,"column":5}},{"start":{"line":314,"column":11},"end":{"line":319,"column":5}}]},"26":{"loc":{"start":{"line":306,"column":8},"end":{"line":306,"column":56}},"type":"binary-expr","locations":[{"start":{"line":306,"column":8},"end":{"line":306,"column":18}},{"start":{"line":306,"column":22},"end":{"line":306,"column":32}},{"start":{"line":306,"column":36},"end":{"line":306,"column":44}},{"start":{"line":306,"column":48},"end":{"line":306,"column":56}}]},"27":{"loc":{"start":{"line":310,"column":30},"end":{"line":310,"column":69}},"type":"binary-expr","locations":[{"start":{"line":310,"column":30},"end":{"line":310,"column":63}},{"start":{"line":310,"column":67},"end":{"line":310,"column":69}}]},"28":{"loc":{"start":{"line":312,"column":28},"end":{"line":312,"column":65}},"type":"binary-expr","locations":[{"start":{"line":312,"column":28},"end":{"line":312,"column":59}},{"start":{"line":312,"column":63},"end":{"line":312,"column":65}}]},"29":{"loc":{"start":{"line":323,"column":24},"end":{"line":323,"column":41}},"type":"binary-expr","locations":[{"start":{"line":323,"column":24},"end":{"line":323,"column":35}},{"start":{"line":323,"column":39},"end":{"line":323,"column":41}}]},"30":{"loc":{"start":{"line":324,"column":32},"end":{"line":324,"column":56}},"type":"binary-expr","locations":[{"start":{"line":324,"column":32},"end":{"line":324,"column":51}},{"start":{"line":324,"column":55},"end":{"line":324,"column":56}}]},"31":{"loc":{"start":{"line":326,"column":49},"end":{"line":326,"column":71}},"type":"binary-expr","locations":[{"start":{"line":326,"column":49},"end":{"line":326,"column":65}},{"start":{"line":326,"column":69},"end":{"line":326,"column":71}}]},"32":{"loc":{"start":{"line":331,"column":4},"end":{"line":333,"column":5}},"type":"if","locations":[{"start":{"line":331,"column":4},"end":{"line":333,"column":5}},{"start":{},"end":{}}]},"33":{"loc":{"start":{"line":339,"column":4},"end":{"line":342,"column":5}},"type":"if","locations":[{"start":{"line":339,"column":4},"end":{"line":342,"column":5}},{"start":{},"end":{}}]},"34":{"loc":{"start":{"line":348,"column":4},"end":{"line":351,"column":5}},"type":"if","locations":[{"start":{"line":348,"column":4},"end":{"line":351,"column":5}},{"start":{},"end":{}}]},"35":{"loc":{"start":{"line":362,"column":18},"end":{"line":362,"column":78}},"type":"cond-expr","locations":[{"start":{"line":362,"column":44},"end":{"line":362,"column":66}},{"start":{"line":362,"column":69},"end":{"line":362,"column":78}}]},"36":{"loc":{"start":{"line":363,"column":13},"end":{"line":363,"column":43}},"type":"binary-expr","locations":[{"start":{"line":363,"column":13},"end":{"line":363,"column":30}},{"start":{"line":363,"column":34},"end":{"line":363,"column":43}}]},"37":{"loc":{"start":{"line":364,"column":21},"end":{"line":364,"column":90}},"type":"cond-expr","locations":[{"start":{"line":364,"column":53},"end":{"line":364,"column":78}},{"start":{"line":364,"column":81},"end":{"line":364,"column":90}}]},"38":{"loc":{"start":{"line":367,"column":8},"end":{"line":369,"column":21}},"type":"cond-expr","locations":[{"start":{"line":368,"column":12},"end":{"line":368,"column":76}},{"start":{"line":369,"column":12},"end":{"line":369,"column":21}}]},"39":{"loc":{"start":{"line":374,"column":4},"end":{"line":388,"column":5}},"type":"if","locations":[{"start":{"line":374,"column":4},"end":{"line":388,"column":5}},{"start":{"line":384,"column":11},"end":{"line":388,"column":5}}]},"40":{"loc":{"start":{"line":376,"column":6},"end":{"line":383,"column":7}},"type":"if","locations":[{"start":{"line":376,"column":6},"end":{"line":383,"column":7}},{"start":{"line":378,"column":13},"end":{"line":383,"column":7}}]},"41":{"loc":{"start":{"line":394,"column":4},"end":{"line":394,"column":39}},"type":"if","locations":[{"start":{"line":394,"column":4},"end":{"line":394,"column":39}},{"start":{},"end":{}}]},"42":{"loc":{"start":{"line":394,"column":8},"end":{"line":394,"column":30}},"type":"binary-expr","locations":[{"start":{"line":394,"column":8},"end":{"line":394,"column":16}},{"start":{"line":394,"column":20},"end":{"line":394,"column":30}}]},"43":{"loc":{"start":{"line":396,"column":4},"end":{"line":408,"column":5}},"type":"if","locations":[{"start":{"line":396,"column":4},"end":{"line":408,"column":5}},{"start":{"line":399,"column":11},"end":{"line":408,"column":5}}]},"44":{"loc":{"start":{"line":424,"column":4},"end":{"line":435,"column":5}},"type":"if","locations":[{"start":{"line":424,"column":4},"end":{"line":435,"column":5}},{"start":{"line":430,"column":11},"end":{"line":435,"column":5}}]},"45":{"loc":{"start":{"line":424,"column":8},"end":{"line":424,"column":56}},"type":"binary-expr","locations":[{"start":{"line":424,"column":8},"end":{"line":424,"column":18}},{"start":{"line":424,"column":22},"end":{"line":424,"column":32}},{"start":{"line":424,"column":36},"end":{"line":424,"column":44}},{"start":{"line":424,"column":48},"end":{"line":424,"column":56}}]},"46":{"loc":{"start":{"line":426,"column":30},"end":{"line":426,"column":67}},"type":"binary-expr","locations":[{"start":{"line":426,"column":30},"end":{"line":426,"column":61}},{"start":{"line":426,"column":65},"end":{"line":426,"column":67}}]},"47":{"loc":{"start":{"line":428,"column":28},"end":{"line":428,"column":74}},"type":"binary-expr","locations":[{"start":{"line":428,"column":28},"end":{"line":428,"column":68}},{"start":{"line":428,"column":72},"end":{"line":428,"column":74}}]},"48":{"loc":{"start":{"line":451,"column":32},"end":{"line":451,"column":78}},"type":"binary-expr","locations":[{"start":{"line":451,"column":33},"end":{"line":451,"column":49}},{"start":{"line":451,"column":53},"end":{"line":451,"column":72}},{"start":{"line":451,"column":77},"end":{"line":451,"column":78}}]},"49":{"loc":{"start":{"line":473,"column":4},"end":{"line":477,"column":5}},"type":"if","locations":[{"start":{"line":473,"column":4},"end":{"line":477,"column":5}},{"start":{"line":475,"column":11},"end":{"line":477,"column":5}}]},"50":{"loc":{"start":{"line":480,"column":16},"end":{"line":480,"column":42}},"type":"default-arg","locations":[{"start":{"line":480,"column":37},"end":{"line":480,"column":42}}]},"51":{"loc":{"start":{"line":482,"column":4},"end":{"line":482,"column":23}},"type":"if","locations":[{"start":{"line":482,"column":4},"end":{"line":482,"column":23}},{"start":{},"end":{}}]},"52":{"loc":{"start":{"line":484,"column":4},"end":{"line":488,"column":5}},"type":"if","locations":[{"start":{"line":484,"column":4},"end":{"line":488,"column":5}},{"start":{"line":486,"column":11},"end":{"line":488,"column":5}}]},"53":{"loc":{"start":{"line":496,"column":4},"end":{"line":499,"column":5}},"type":"if","locations":[{"start":{"line":496,"column":4},"end":{"line":499,"column":5}},{"start":{},"end":{}}]},"54":{"loc":{"start":{"line":506,"column":6},"end":{"line":509,"column":7}},"type":"if","locations":[{"start":{"line":506,"column":6},"end":{"line":509,"column":7}},{"start":{},"end":{}}]},"55":{"loc":{"start":{"line":512,"column":6},"end":{"line":515,"column":7}},"type":"if","locations":[{"start":{"line":512,"column":6},"end":{"line":515,"column":7}},{"start":{},"end":{}}]},"56":{"loc":{"start":{"line":512,"column":10},"end":{"line":512,"column":64}},"type":"binary-expr","locations":[{"start":{"line":512,"column":10},"end":{"line":512,"column":35}},{"start":{"line":512,"column":39},"end":{"line":512,"column":64}}]},"57":{"loc":{"start":{"line":558,"column":4},"end":{"line":558,"column":22}},"type":"if","locations":[{"start":{"line":558,"column":4},"end":{"line":558,"column":22}},{"start":{},"end":{}}]},"58":{"loc":{"start":{"line":565,"column":6},"end":{"line":574,"column":7}},"type":"if","locations":[{"start":{"line":565,"column":6},"end":{"line":574,"column":7}},{"start":{},"end":{}}]},"59":{"loc":{"start":{"line":567,"column":8},"end":{"line":573,"column":9}},"type":"if","locations":[{"start":{"line":567,"column":8},"end":{"line":573,"column":9}},{"start":{"line":570,"column":15},"end":{"line":573,"column":9}}]},"60":{"loc":{"start":{"line":571,"column":80},"end":{"line":571,"column":131}},"type":"cond-expr","locations":[{"start":{"line":571,"column":101},"end":{"line":571,"column":126}},{"start":{"line":571,"column":129},"end":{"line":571,"column":131}}]},"61":{"loc":{"start":{"line":614,"column":32},"end":{"line":614,"column":64}},"type":"cond-expr","locations":[{"start":{"line":614,"column":46},"end":{"line":614,"column":60}},{"start":{"line":614,"column":63},"end":{"line":614,"column":64}}]},"62":{"loc":{"start":{"line":621,"column":32},"end":{"line":621,"column":66}},"type":"cond-expr","locations":[{"start":{"line":621,"column":46},"end":{"line":621,"column":62}},{"start":{"line":621,"column":65},"end":{"line":621,"column":66}}]},"63":{"loc":{"start":{"line":706,"column":34},"end":{"line":706,"column":71}},"type":"cond-expr","locations":[{"start":{"line":706,"column":52},"end":{"line":706,"column":62}},{"start":{"line":706,"column":65},"end":{"line":706,"column":71}}]},"64":{"loc":{"start":{"line":710,"column":4},"end":{"line":716,"column":5}},"type":"if","locations":[{"start":{"line":710,"column":4},"end":{"line":716,"column":5}},{"start":{"line":714,"column":11},"end":{"line":716,"column":5}}]}},"s":{"0":1,"1":1,"2":1,"3":1,"4":1,"5":1,"6":1,"7":1,"8":1,"9":1,"10":1,"11":1,"12":1,"13":1,"14":55,"15":55,"16":55,"17":55,"18":55,"19":55,"20":55,"21":55,"22":55,"23":55,"24":55,"25":55,"26":55,"27":55,"28":55,"29":55,"30":55,"31":55,"32":55,"33":55,"34":55,"35":55,"36":55,"37":55,"38":55,"39":55,"40":55,"41":55,"42":55,"43":55,"44":55,"45":55,"46":55,"47":55,"48":55,"49":55,"50":55,"51":55,"52":55,"53":55,"54":9,"55":55,"56":9,"57":55,"58":9,"59":397,"60":55,"61":8,"62":8,"63":8,"64":55,"65":8,"66":8,"67":8,"68":8,"69":8,"70":55,"71":8,"72":8,"73":14,"74":14,"75":55,"76":8,"77":8,"78":1,"79":7,"80":7,"81":12,"82":12,"83":12,"84":12,"85":12,"86":10,"87":15,"88":7,"89":55,"90":0,"91":55,"92":0,"93":55,"94":55,"95":55,"96":55,"97":55,"98":7,"99":7,"100":7,"101":4,"102":3,"103":55,"104":4,"105":0,"106":0,"107":0,"108":0,"109":0,"110":0,"111":0,"112":0,"113":0,"114":4,"115":4,"116":0,"117":55,"118":55,"119":55,"120":0,"121":0,"122":0,"123":55,"124":55,"125":55,"126":55,"127":55,"128":55,"129":0,"130":0,"131":0,"132":0,"133":0,"134":55,"135":55,"136":55,"137":0,"138":55,"139":55,"140":55,"141":0,"142":0,"143":0,"144":9,"145":9,"146":9,"147":1,"148":1,"149":1,"150":1,"151":1,"152":1,"153":1,"154":100,"155":100,"156":100,"157":8,"158":8,"159":303,"160":1,"161":1,"162":35,"163":3,"164":18,"165":18,"166":18,"167":6,"168":6,"169":6,"170":6,"171":6,"172":6,"173":6,"174":0,"175":0,"176":0,"177":0,"178":0,"179":0,"180":0,"181":6,"182":6,"183":6,"184":6,"185":6,"186":6,"187":6,"188":6,"189":6,"190":2,"191":6,"192":6,"193":1,"194":6,"195":12,"196":1,"197":1,"198":11,"199":11,"200":11,"201":0,"202":0,"203":11,"204":11,"205":3,"206":10,"207":10,"208":3,"209":3,"210":0,"211":3,"212":3,"213":3,"214":3,"215":7,"216":7,"217":7,"218":0,"219":0,"220":0,"221":0,"222":0,"223":0,"224":0,"225":0,"226":0,"227":0,"228":0,"229":86,"230":86,"231":86,"232":86,"233":86,"234":86,"235":86,"236":86,"237":0,"238":0,"239":0,"240":0,"241":0,"242":86,"243":86,"244":86,"245":86,"246":86,"247":86,"248":86,"249":86,"250":86,"251":86,"252":86,"253":86,"254":86,"255":0,"256":0,"257":0,"258":0,"259":0,"260":0,"261":0,"262":0,"263":1,"264":1,"265":5,"266":5,"267":1,"268":4,"269":3,"270":3,"271":0,"272":3,"273":1,"274":2,"275":3,"276":3,"277":0,"278":0,"279":0,"280":0,"281":0,"282":0,"283":0,"284":0,"285":0,"286":0,"287":0,"288":0,"289":0,"290":0,"291":0,"292":0,"293":0,"294":1,"295":1,"296":1,"297":1,"298":1,"299":1,"300":1,"301":1,"302":1,"303":1,"304":1,"305":1,"306":1,"307":0,"308":0,"309":1,"310":0,"311":1,"312":1,"313":0,"314":1,"315":1,"316":1,"317":0,"318":0,"319":0,"320":0,"321":0,"322":0,"323":0,"324":0,"325":0,"326":0,"327":1,"328":0,"329":0,"330":1,"331":2,"332":1,"333":1,"334":1,"335":8,"336":8,"337":8,"338":1,"339":1,"340":2,"341":4,"342":4,"343":4,"344":5,"345":4,"346":4,"347":4,"348":5,"349":0,"350":0,"351":0,"352":0,"353":0,"354":0,"355":0,"356":0,"357":0,"358":1,"359":1},"f":{"0":55,"1":9,"2":9,"3":9,"4":397,"5":8,"6":8,"7":8,"8":14,"9":8,"10":0,"11":0,"12":7,"13":4,"14":0,"15":0,"16":55,"17":9,"18":100,"19":303,"20":1,"21":1,"22":35,"23":3,"24":18,"25":6,"26":2,"27":12,"28":3,"29":0,"30":86,"31":0,"32":0,"33":0,"34":0,"35":1,"36":1,"37":5,"38":3,"39":0,"40":1,"41":1,"42":0,"43":1,"44":0,"45":0,"46":2,"47":1,"48":8,"49":8,"50":1,"51":1,"52":2,"53":4,"54":4,"55":5,"56":4,"57":4,"58":5,"59":0,"60":0,"61":0,"62":0,"63":0,"64":0},"b":{"0":[14,12],"1":[1,7],"2":[12,2],"3":[12,12],"4":[10,2],"5":[15,10],"6":[55,53],"7":[1,52],"8":[4,3],"9":[0,0],"10":[0,0,0],"11":[0,0],"12":[0,0],"13":[0,0],"14":[0,0,0,0],"15":[0,55],"16":[0,0],"17":[0,55],"18":[55,55],"19":[0,0],"20":[0,0],"21":[0,55],"22":[0,55],"23":[1,8],"24":[100,5],"25":[0,6],"26":[6,6,6,6],"27":[0,0],"28":[0,0],"29":[6,5],"30":[6,4],"31":[6,4],"32":[1,5],"33":[1,11],"34":[0,11],"35":[0,10],"36":[10,8],"37":[4,6],"38":[3,7],"39":[3,7],"40":[0,3],"41":[0,0],"42":[0,0],"43":[0,0],"44":[0,86],"45":[86,86,86,86],"46":[0,0],"47":[0,0],"48":[0,0,0],"49":[1,4],"50":[2],"51":[0,3],"52":[1,2],"53":[0,0],"54":[0,0],"55":[0,0],"56":[0,0],"57":[0,1],"58":[0,0],"59":[0,0],"60":[0,0],"61":[4,1],"62":[4,1],"63":[0,0],"64":[0,0]}}
,"/home/leospe/PROGETTI/PWA/CLAUDE/easyturno_CLA/src/components/calendar.component.ts": {"path":"/home/leospe/PROGETTI/PWA/CLAUDE/easyturno_CLA/src/components/calendar.component.ts","statementMap":{"0":{"start":{"line":1,"column":0},"end":{"line":1,"column":null}},"1":{"start":{"line":10,"column":0},"end":{"line":10,"column":47}},"2":{"start":{"line":11,"column":0},"end":{"line":11,"column":63}},"3":{"start":{"line":12,"column":0},"end":{"line":12,"column":56}},"4":{"start":{"line":202,"column":21},"end":{"line":202,"column":53}},"5":{"start":{"line":191,"column":11},"end":{"line":191,"column":null}},"6":{"start":{"line":192,"column":12},"end":{"line":192,"column":null}},"7":{"start":{"line":195,"column":10},"end":{"line":195,"column":26}},"8":{"start":{"line":196,"column":10},"end":{"line":196,"column":24}},"9":{"start":{"line":197,"column":19},"end":{"line":197,"column":40}},"10":{"start":{"line":200,"column":11},"end":{"line":200,"column":52}},"11":{"start":{"line":205,"column":11},"end":{"line":205,"column":72}},"12":{"start":{"line":207,"column":11},"end":{"line":209,"column":4}},"13":{"start":{"line":208,"column":4},"end":{"line":208,"column":83}},"14":{"start":{"line":211,"column":11},"end":{"line":215,"column":5}},"15":{"start":{"line":212,"column":21},"end":{"line":212,"column":40}},"16":{"start":{"line":213,"column":4},"end":{"line":213,"column":29}},"17":{"start":{"line":213,"column":19},"end":{"line":213,"column":29}},"18":{"start":{"line":214,"column":4},"end":{"line":214,"column":42}},"19":{"start":{"line":219,"column":4},"end":{"line":219,"column":41}},"20":{"start":{"line":220,"column":4},"end":{"line":220,"column":26}},"21":{"start":{"line":224,"column":4},"end":{"line":224,"column":37}},"22":{"start":{"line":225,"column":4},"end":{"line":225,"column":26}},"23":{"start":{"line":229,"column":4},"end":{"line":229,"column":37}},"24":{"start":{"line":230,"column":4},"end":{"line":230,"column":26}},"25":{"start":{"line":235,"column":20},"end":{"line":235,"column":39}},"26":{"start":{"line":236,"column":4},"end":{"line":241,"column":5}},"27":{"start":{"line":237,"column":6},"end":{"line":237,"column":28}},"28":{"start":{"line":239,"column":6},"end":{"line":239,"column":34}},"29":{"start":{"line":240,"column":6},"end":{"line":240,"column":34}},"30":{"start":{"line":245,"column":4},"end":{"line":245,"column":32}},"31":{"start":{"line":246,"column":4},"end":{"line":246,"column":32}},"32":{"start":{"line":250,"column":21},"end":{"line":250,"column":40}},"33":{"start":{"line":251,"column":4},"end":{"line":251,"column":77}},"34":{"start":{"line":256,"column":20},"end":{"line":256,"column":62}},"35":{"start":{"line":257,"column":4},"end":{"line":257,"column":72}},"36":{"start":{"line":257,"column":39},"end":{"line":257,"column":70}},"37":{"start":{"line":261,"column":17},"end":{"line":261,"column":36}},"38":{"start":{"line":262,"column":4},"end":{"line":262,"column":25}},"39":{"start":{"line":262,"column":15},"end":{"line":262,"column":25}},"40":{"start":{"line":263,"column":4},"end":{"line":268,"column":7}},"41":{"start":{"line":273,"column":4},"end":{"line":273,"column":61}},"42":{"start":{"line":277,"column":4},"end":{"line":277,"column":59}},"43":{"start":{"line":281,"column":17},"end":{"line":281,"column":50}},"44":{"start":{"line":284,"column":4},"end":{"line":286,"column":5}},"45":{"start":{"line":285,"column":6},"end":{"line":285,"column":23}},"46":{"start":{"line":289,"column":4},"end":{"line":291,"column":5}},"47":{"start":{"line":290,"column":6},"end":{"line":290,"column":27}},"48":{"start":{"line":294,"column":4},"end":{"line":294,"column":25}},"49":{"start":{"line":295,"column":4},"end":{"line":295,"column":23}},"50":{"start":{"line":190,"column":13},"end":{"line":190,"column":30}},"51":{"start":{"line":190,"column":13},"end":{"line":297,"column":null}}},"fnMap":{"0":{"name":"(anonymous_1)","decl":{"start":{"line":202,"column":2},"end":{"line":202,"column":21}},"loc":{"start":{"line":202,"column":53},"end":{"line":202,"column":57}}},"1":{"name":"(anonymous_2)","decl":{"start":{"line":207,"column":32},"end":{"line":207,"column":35}},"loc":{"start":{"line":208,"column":4},"end":{"line":208,"column":83}}},"2":{"name":"(anonymous_3)","decl":{"start":{"line":211,"column":40},"end":{"line":211,"column":43}},"loc":{"start":{"line":211,"column":45},"end":{"line":215,"column":3}}},"3":{"name":"(anonymous_4)","decl":{"start":{"line":218,"column":2},"end":{"line":218,"column":15}},"loc":{"start":{"line":218,"column":15},"end":{"line":221,"column":3}}},"4":{"name":"(anonymous_5)","decl":{"start":{"line":223,"column":2},"end":{"line":223,"column":11}},"loc":{"start":{"line":223,"column":11},"end":{"line":226,"column":3}}},"5":{"name":"(anonymous_6)","decl":{"start":{"line":228,"column":2},"end":{"line":228,"column":11}},"loc":{"start":{"line":228,"column":11},"end":{"line":231,"column":3}}},"6":{"name":"(anonymous_7)","decl":{"start":{"line":234,"column":2},"end":{"line":234,"column":12}},"loc":{"start":{"line":234,"column":23},"end":{"line":242,"column":3}}},"7":{"name":"(anonymous_8)","decl":{"start":{"line":244,"column":2},"end":{"line":244,"column":16}},"loc":{"start":{"line":244,"column":16},"end":{"line":247,"column":3}}},"8":{"name":"(anonymous_9)","decl":{"start":{"line":249,"column":2},"end":{"line":249,"column":15}},"loc":{"start":{"line":249,"column":26},"end":{"line":252,"column":3}}},"9":{"name":"(anonymous_10)","decl":{"start":{"line":255,"column":2},"end":{"line":255,"column":17}},"loc":{"start":{"line":255,"column":28},"end":{"line":258,"column":3}}},"10":{"name":"(anonymous_11)","decl":{"start":{"line":257,"column":30},"end":{"line":257,"column":35}},"loc":{"start":{"line":257,"column":39},"end":{"line":257,"column":70}}},"11":{"name":"(anonymous_12)","decl":{"start":{"line":260,"column":2},"end":{"line":260,"column":20}},"loc":{"start":{"line":260,"column":20},"end":{"line":269,"column":3}}},"12":{"name":"(anonymous_13)","decl":{"start":{"line":272,"column":2},"end":{"line":272,"column":14}},"loc":{"start":{"line":272,"column":32},"end":{"line":274,"column":3}}},"13":{"name":"(anonymous_14)","decl":{"start":{"line":276,"column":2},"end":{"line":276,"column":13}},"loc":{"start":{"line":276,"column":31},"end":{"line":278,"column":3}}},"14":{"name":"(anonymous_15)","decl":{"start":{"line":280,"column":2},"end":{"line":280,"column":12}},"loc":{"start":{"line":280,"column":12},"end":{"line":296,"column":3}}}},"branchMap":{"0":{"loc":{"start":{"line":213,"column":4},"end":{"line":213,"column":29}},"type":"if","locations":[{"start":{"line":213,"column":4},"end":{"line":213,"column":29}},{"start":{},"end":{}}]},"1":{"loc":{"start":{"line":236,"column":4},"end":{"line":241,"column":5}},"type":"if","locations":[{"start":{"line":236,"column":4},"end":{"line":241,"column":5}},{"start":{"line":238,"column":11},"end":{"line":241,"column":5}}]},"2":{"loc":{"start":{"line":236,"column":8},"end":{"line":236,"column":64}},"type":"binary-expr","locations":[{"start":{"line":236,"column":8},"end":{"line":236,"column":15}},{"start":{"line":236,"column":19},"end":{"line":236,"column":64}}]},"3":{"loc":{"start":{"line":251,"column":11},"end":{"line":251,"column":76}},"type":"cond-expr","locations":[{"start":{"line":251,"column":22},"end":{"line":251,"column":68}},{"start":{"line":251,"column":71},"end":{"line":251,"column":76}}]},"4":{"loc":{"start":{"line":262,"column":4},"end":{"line":262,"column":25}},"type":"if","locations":[{"start":{"line":262,"column":4},"end":{"line":262,"column":25}},{"start":{},"end":{}}]},"5":{"loc":{"start":{"line":273,"column":23},"end":{"line":273,"column":60}},"type":"binary-expr","locations":[{"start":{"line":273,"column":23},"end":{"line":273,"column":55}},{"start":{"line":273,"column":59},"end":{"line":273,"column":60}}]},"6":{"loc":{"start":{"line":277,"column":21},"end":{"line":277,"column":58}},"type":"binary-expr","locations":[{"start":{"line":277,"column":21},"end":{"line":277,"column":53}},{"start":{"line":277,"column":57},"end":{"line":277,"column":58}}]},"7":{"loc":{"start":{"line":284,"column":4},"end":{"line":286,"column":5}},"type":"if","locations":[{"start":{"line":284,"column":4},"end":{"line":286,"column":5}},{"start":{},"end":{}}]},"8":{"loc":{"start":{"line":289,"column":4},"end":{"line":291,"column":5}},"type":"if","locations":[{"start":{"line":289,"column":4},"end":{"line":291,"column":5}},{"start":{},"end":{}}]}},"s":{"0":1,"1":1,"2":1,"3":1,"4":0,"5":0,"6":0,"7":0,"8":0,"9":0,"10":0,"11":0,"12":0,"13":0,"14":0,"15":0,"16":0,"17":0,"18":0,"19":0,"20":0,"21":0,"22":0,"23":0,"24":0,"25":0,"26":0,"27":0,"28":0,"29":0,"30":0,"31":0,"32":0,"33":0,"34":0,"35":0,"36":0,"37":0,"38":0,"39":0,"40":0,"41":0,"42":0,"43":0,"44":0,"45":0,"46":0,"47":0,"48":0,"49":0,"50":1,"51":1},"f":{"0":0,"1":0,"2":0,"3":0,"4":0,"5":0,"6":0,"7":0,"8":0,"9":0,"10":0,"11":0,"12":0,"13":0,"14":0},"b":{"0":[0,0],"1":[0,0],"2":[0,0],"3":[0,0],"4":[0,0],"5":[0,0],"6":[0,0],"7":[0,0],"8":[0,0]}}
,"/home/leospe/PROGETTI/PWA/CLAUDE/easyturno_CLA/src/components/shift-list-item.component.ts": {"path":"/home/leospe/PROGETTI/PWA/CLAUDE/easyturno_CLA/src/components/shift-list-item.component.ts","statementMap":{"0":{"start":{"line":1,"column":0},"end":{"line":1,"column":82}},"1":{"start":{"line":3,"column":0},"end":{"line":3,"column":56}},"2":{"start":{"line":4,"column":0},"end":{"line":4,"column":57}},"3":{"start":{"line":99,"column":10},"end":{"line":99,"column":null}},"4":{"start":{"line":100,"column":2},"end":{"line":100,"column":null}},"5":{"start":{"line":101,"column":2},"end":{"line":101,"column":null}},"6":{"start":{"line":102,"column":2},"end":{"line":102,"column":null}},"7":{"start":{"line":98,"column":13},"end":{"line":98,"column":35}},"8":{"start":{"line":98,"column":13},"end":{"line":103,"column":null}}},"fnMap":{"0":{"name":"(anonymous_10)","decl":{"start":{"line":98,"column":7},"end":{"line":98,"column":13}},"loc":{"start":{"line":98,"column":7},"end":{"line":103,"column":null}}}},"branchMap":{},"s":{"0":1,"1":1,"2":1,"3":0,"4":0,"5":0,"6":0,"7":1,"8":1},"f":{"0":0},"b":{}}
,"/home/leospe/PROGETTI/PWA/CLAUDE/easyturno_CLA/src/components/toast-container.component.ts": {"path":"/home/leospe/PROGETTI/PWA/CLAUDE/easyturno_CLA/src/components/toast-container.component.ts","statementMap":{"0":{"start":{"line":1,"column":0},"end":{"line":1,"column":50}},"1":{"start":{"line":2,"column":0},"end":{"line":2,"column":47}},"2":{"start":{"line":3,"column":0},"end":{"line":3,"column":57}},"3":{"start":{"line":149,"column":7},"end":{"line":151,"column":null}},"4":{"start":{"line":150,"column":2},"end":{"line":150,"column":38}},"5":{"start":{"line":149,"column":13},"end":{"line":149,"column":36}},"6":{"start":{"line":149,"column":13},"end":{"line":151,"column":null}}},"fnMap":{"0":{"name":"(anonymous_1)","decl":{"start":{"line":149,"column":7},"end":{"line":149,"column":13}},"loc":{"start":{"line":149,"column":7},"end":{"line":151,"column":1}}}},"branchMap":{},"s":{"0":1,"1":1,"2":1,"3":1,"4":0,"5":1,"6":1},"f":{"0":0},"b":{}}
,"/home/leospe/PROGETTI/PWA/CLAUDE/easyturno_CLA/src/pipes/date-format.pipe.ts": {"path":"/home/leospe/PROGETTI/PWA/CLAUDE/easyturno_CLA/src/pipes/date-format.pipe.ts","statementMap":{"0":{"start":{"line":1,"column":0},"end":{"line":1,"column":60}},"1":{"start":{"line":2,"column":0},"end":{"line":2,"column":43}},"2":{"start":{"line":3,"column":0},"end":{"line":3,"column":69}},"3":{"start":{"line":10,"column":7},"end":{"line":48,"column":null}},"4":{"start":{"line":11,"column":10},"end":{"line":11,"column":58}},"5":{"start":{"line":12,"column":10},"end":{"line":12,"column":38}},"6":{"start":{"line":18,"column":17},"end":{"line":18,"column":51}},"7":{"start":{"line":19,"column":19},"end":{"line":19,"column":52}},"8":{"start":{"line":22,"column":4},"end":{"line":44,"column":5}},"9":{"start":{"line":24,"column":8},"end":{"line":24,"column":65}},"10":{"start":{"line":25,"column":8},"end":{"line":25,"column":14}},"11":{"start":{"line":27,"column":8},"end":{"line":27,"column":25}},"12":{"start":{"line":28,"column":8},"end":{"line":28,"column":14}},"13":{"start":{"line":30,"column":8},"end":{"line":30,"column":27}},"14":{"start":{"line":31,"column":8},"end":{"line":31,"column":14}},"15":{"start":{"line":33,"column":8},"end":{"line":33,"column":30}},"16":{"start":{"line":34,"column":8},"end":{"line":34,"column":14}},"17":{"start":{"line":36,"column":8},"end":{"line":36,"column":27}},"18":{"start":{"line":37,"column":8},"end":{"line":37,"column":14}},"19":{"start":{"line":39,"column":8},"end":{"line":39,"column":29}},"20":{"start":{"line":40,"column":8},"end":{"line":40,"column":14}},"21":{"start":{"line":42,"column":8},"end":{"line":42,"column":65}},"22":{"start":{"line":43,"column":8},"end":{"line":43,"column":14}},"23":{"start":{"line":46,"column":4},"end":{"line":46,"column":73}},"24":{"start":{"line":10,"column":13},"end":{"line":10,"column":25}},"25":{"start":{"line":10,"column":13},"end":{"line":48,"column":null}}},"fnMap":{"0":{"name":"(anonymous_1)","decl":{"start":{"line":10,"column":7},"end":{"line":10,"column":13}},"loc":{"start":{"line":10,"column":7},"end":{"line":48,"column":1}}},"1":{"name":"(anonymous_2)","decl":{"start":{"line":14,"column":2},"end":{"line":14,"column":11}},"loc":{"start":{"line":16,"column":33},"end":{"line":47,"column":3}}}},"branchMap":{"0":{"loc":{"start":{"line":16,"column":4},"end":{"line":16,"column":33}},"type":"default-arg","locations":[{"start":{"line":16,"column":21},"end":{"line":16,"column":33}}]},"1":{"loc":{"start":{"line":19,"column":19},"end":{"line":19,"column":52}},"type":"cond-expr","locations":[{"start":{"line":19,"column":35},"end":{"line":19,"column":42}},{"start":{"line":19,"column":45},"end":{"line":19,"column":52}}]},"2":{"loc":{"start":{"line":22,"column":4},"end":{"line":44,"column":5}},"type":"switch","locations":[{"start":{"line":23,"column":6},"end":{"line":25,"column":14}},{"start":{"line":26,"column":6},"end":{"line":28,"column":14}},{"start":{"line":29,"column":6},"end":{"line":31,"column":14}},{"start":{"line":32,"column":6},"end":{"line":34,"column":14}},{"start":{"line":35,"column":6},"end":{"line":37,"column":14}},{"start":{"line":38,"column":6},"end":{"line":40,"column":14}},{"start":{"line":41,"column":6},"end":{"line":43,"column":14}}]},"3":{"loc":{"start":{"line":24,"column":21},"end":{"line":24,"column":64}},"type":"cond-expr","locations":[{"start":{"line":24,"column":37},"end":{"line":24,"column":49}},{"start":{"line":24,"column":52},"end":{"line":24,"column":64}}]},"4":{"loc":{"start":{"line":42,"column":21},"end":{"line":42,"column":64}},"type":"cond-expr","locations":[{"start":{"line":42,"column":37},"end":{"line":42,"column":49}},{"start":{"line":42,"column":52},"end":{"line":42,"column":64}}]}},"s":{"0":2,"1":2,"2":2,"3":2,"4":17,"5":17,"6":17,"7":17,"8":17,"9":6,"10":6,"11":1,"12":1,"13":1,"14":1,"15":0,"16":0,"17":1,"18":1,"19":2,"20":2,"21":6,"22":6,"23":17,"24":2,"25":2},"f":{"0":17,"1":17},"b":{"0":[4],"1":[8,9],"2":[6,1,1,0,1,2,6],"3":[2,4],"4":[2,4]}}
,"/home/leospe/PROGETTI/PWA/CLAUDE/easyturno_CLA/src/pipes/translate.pipe.ts": {"path":"/home/leospe/PROGETTI/PWA/CLAUDE/easyturno_CLA/src/pipes/translate.pipe.ts","statementMap":{"0":{"start":{"line":1,"column":0},"end":{"line":1,"column":52}},"1":{"start":{"line":2,"column":0},"end":{"line":2,"column":69}},"2":{"start":{"line":3,"column":0},"end":{"line":3,"column":39}},"3":{"start":{"line":10,"column":7},"end":{"line":16,"column":null}},"4":{"start":{"line":11,"column":10},"end":{"line":11,"column":58}},"5":{"start":{"line":14,"column":4},"end":{"line":14,"column":50}},"6":{"start":{"line":10,"column":13},"end":{"line":10,"column":26}},"7":{"start":{"line":10,"column":13},"end":{"line":16,"column":null}}},"fnMap":{"0":{"name":"(anonymous_1)","decl":{"start":{"line":10,"column":7},"end":{"line":10,"column":13}},"loc":{"start":{"line":10,"column":7},"end":{"line":16,"column":1}}},"1":{"name":"(anonymous_2)","decl":{"start":{"line":13,"column":2},"end":{"line":13,"column":11}},"loc":{"start":{"line":13,"column":23},"end":{"line":15,"column":3}}}},"branchMap":{},"s":{"0":2,"1":2,"2":2,"3":2,"4":291,"5":40,"6":2,"7":2},"f":{"0":291,"1":40},"b":{}}
,"/home/leospe/PROGETTI/PWA/CLAUDE/easyturno_CLA/src/services/calendar.service.ts": {"path":"/home/leospe/PROGETTI/PWA/CLAUDE/easyturno_CLA/src/services/calendar.service.ts","statementMap":{"0":{"start":{"line":1,"column":0},"end":{"line":1,"column":61}},"1":{"start":{"line":15,"column":7},"end":{"line":186,"column":null}},"2":{"start":{"line":17,"column":19},"end":{"line":17,"column":64}},"3":{"start":{"line":20,"column":11},"end":{"line":20,"column":80}},"4":{"start":{"line":20,"column":40},"end":{"line":20,"column":78}},"5":{"start":{"line":21,"column":11},"end":{"line":21,"column":78}},"6":{"start":{"line":21,"column":41},"end":{"line":21,"column":76}},"7":{"start":{"line":27,"column":11},"end":{"line":31,"column":5}},"8":{"start":{"line":28,"column":17},"end":{"line":28,"column":35}},"9":{"start":{"line":29,"column":18},"end":{"line":29,"column":37}},"10":{"start":{"line":30,"column":4},"end":{"line":30,"column":50}},"11":{"start":{"line":37,"column":4},"end":{"line":41,"column":7}},"12":{"start":{"line":38,"column":22},"end":{"line":38,"column":36}},"13":{"start":{"line":39,"column":6},"end":{"line":39,"column":47}},"14":{"start":{"line":40,"column":6},"end":{"line":40,"column":21}},"15":{"start":{"line":48,"column":4},"end":{"line":52,"column":7}},"16":{"start":{"line":49,"column":22},"end":{"line":49,"column":36}},"17":{"start":{"line":50,"column":6},"end":{"line":50,"column":47}},"18":{"start":{"line":51,"column":6},"end":{"line":51,"column":21}},"19":{"start":{"line":59,"column":4},"end":{"line":59,"column":43}},"20":{"start":{"line":66,"column":4},"end":{"line":66,"column":57}},"21":{"start":{"line":82,"column":21},"end":{"line":82,"column":45}},"22":{"start":{"line":83,"column":20},"end":{"line":83,"column":48}},"23":{"start":{"line":84,"column":24},"end":{"line":84,"column":41}},"24":{"start":{"line":88,"column":25},"end":{"line":88,"column":46}},"25":{"start":{"line":89,"column":4},"end":{"line":89,"column":47}},"26":{"start":{"line":89,"column":28},"end":{"line":89,"column":47}},"27":{"start":{"line":96,"column":9},"end":{"line":96,"column":11}},"28":{"start":{"line":97,"column":18},"end":{"line":97,"column":28}},"29":{"start":{"line":98,"column":4},"end":{"line":98,"column":31}},"30":{"start":{"line":101,"column":29},"end":{"line":101,"column":63}},"31":{"start":{"line":102,"column":4},"end":{"line":111,"column":5}},"32":{"start":{"line":102,"column":17},"end":{"line":102,"column":35}},"33":{"start":{"line":103,"column":19},"end":{"line":103,"column":66}},"34":{"start":{"line":104,"column":6},"end":{"line":104,"column":32}},"35":{"start":{"line":105,"column":6},"end":{"line":110,"column":9}},"36":{"start":{"line":114,"column":4},"end":{"line":123,"column":5}},"37":{"start":{"line":114,"column":19},"end":{"line":114,"column":20}},"38":{"start":{"line":115,"column":19},"end":{"line":115,"column":45}},"39":{"start":{"line":116,"column":6},"end":{"line":116,"column":32}},"40":{"start":{"line":117,"column":6},"end":{"line":122,"column":9}},"41":{"start":{"line":126,"column":26},"end":{"line":126,"column":42}},"42":{"start":{"line":127,"column":4},"end":{"line":136,"column":5}},"43":{"start":{"line":127,"column":19},"end":{"line":127,"column":20}},"44":{"start":{"line":128,"column":19},"end":{"line":128,"column":49}},"45":{"start":{"line":129,"column":6},"end":{"line":129,"column":32}},"46":{"start":{"line":130,"column":6},"end":{"line":135,"column":9}},"47":{"start":{"line":138,"column":4},"end":{"line":138,"column":16}},"48":{"start":{"line":146,"column":21},"end":{"line":146,"column":41}},"49":{"start":{"line":147,"column":31},"end":{"line":147,"column":33}},"50":{"start":{"line":149,"column":4},"end":{"line":153,"column":5}},"51":{"start":{"line":149,"column":17},"end":{"line":149,"column":18}},"52":{"start":{"line":150,"column":19},"end":{"line":150,"column":37}},"53":{"start":{"line":151,"column":6},"end":{"line":151,"column":43}},"54":{"start":{"line":152,"column":6},"end":{"line":152,"column":87}},"55":{"start":{"line":155,"column":4},"end":{"line":155,"column":20}},"56":{"start":{"line":162,"column":17},"end":{"line":162,"column":41}},"57":{"start":{"line":163,"column":4},"end":{"line":163,"column":62}},"58":{"start":{"line":170,"column":4},"end":{"line":174,"column":6}},"59":{"start":{"line":181,"column":17},"end":{"line":181,"column":35}},"60":{"start":{"line":182,"column":18},"end":{"line":182,"column":62}},"61":{"start":{"line":183,"column":16},"end":{"line":183,"column":55}},"62":{"start":{"line":184,"column":4},"end":{"line":184,"column":37}},"63":{"start":{"line":15,"column":13},"end":{"line":15,"column":28}},"64":{"start":{"line":15,"column":13},"end":{"line":186,"column":null}}},"fnMap":{"0":{"name":"(anonymous_1)","decl":{"start":{"line":15,"column":7},"end":{"line":15,"column":13}},"loc":{"start":{"line":15,"column":7},"end":{"line":186,"column":1}}},"1":{"name":"(anonymous_2)","decl":{"start":{"line":20,"column":34},"end":{"line":20,"column":37}},"loc":{"start":{"line":20,"column":40},"end":{"line":20,"column":78}}},"2":{"name":"(anonymous_3)","decl":{"start":{"line":21,"column":35},"end":{"line":21,"column":38}},"loc":{"start":{"line":21,"column":41},"end":{"line":21,"column":76}}},"3":{"name":"(anonymous_4)","decl":{"start":{"line":27,"column":35},"end":{"line":27,"column":38}},"loc":{"start":{"line":27,"column":40},"end":{"line":31,"column":3}}},"4":{"name":"(anonymous_5)","decl":{"start":{"line":36,"column":2},"end":{"line":36,"column":15}},"loc":{"start":{"line":36,"column":15},"end":{"line":42,"column":3}}},"5":{"name":"(anonymous_6)","decl":{"start":{"line":37,"column":34},"end":{"line":37,"column":38}},"loc":{"start":{"line":37,"column":41},"end":{"line":41,"column":5}}},"6":{"name":"(anonymous_7)","decl":{"start":{"line":47,"column":2},"end":{"line":47,"column":11}},"loc":{"start":{"line":47,"column":11},"end":{"line":53,"column":3}}},"7":{"name":"(anonymous_8)","decl":{"start":{"line":48,"column":34},"end":{"line":48,"column":38}},"loc":{"start":{"line":48,"column":41},"end":{"line":52,"column":5}}},"8":{"name":"(anonymous_9)","decl":{"start":{"line":58,"column":2},"end":{"line":58,"column":11}},"loc":{"start":{"line":58,"column":11},"end":{"line":60,"column":3}}},"9":{"name":"(anonymous_10)","decl":{"start":{"line":65,"column":2},"end":{"line":65,"column":10}},"loc":{"start":{"line":65,"column":38},"end":{"line":67,"column":3}}},"10":{"name":"(anonymous_11)","decl":{"start":{"line":73,"column":10},"end":{"line":73,"column":30}},"loc":{"start":{"line":75,"column":17},"end":{"line":139,"column":3}}},"11":{"name":"(anonymous_12)","decl":{"start":{"line":145,"column":2},"end":{"line":145,"column":17}},"loc":{"start":{"line":145,"column":34},"end":{"line":156,"column":3}}},"12":{"name":"(anonymous_13)","decl":{"start":{"line":161,"column":2},"end":{"line":161,"column":14}},"loc":{"start":{"line":161,"column":46},"end":{"line":164,"column":3}}},"13":{"name":"(anonymous_14)","decl":{"start":{"line":169,"column":2},"end":{"line":169,"column":11}},"loc":{"start":{"line":169,"column":36},"end":{"line":175,"column":3}}},"14":{"name":"(anonymous_15)","decl":{"start":{"line":180,"column":2},"end":{"line":180,"column":17}},"loc":{"start":{"line":180,"column":28},"end":{"line":185,"column":3}}}},"branchMap":{"0":{"loc":{"start":{"line":89,"column":4},"end":{"line":89,"column":47}},"type":"if","locations":[{"start":{"line":89,"column":4},"end":{"line":89,"column":47}},{"star
[...]
olumn":52},"end":{"line":193,"column":75}}},"27":{"name":"(anonymous_28)","decl":{"start":{"line":196,"column":2},"end":{"line":196,"column":14}},"loc":{"start":{"line":196,"column":27},"end":{"line":216,"column":3}}},"28":{"name":"(anonymous_29)","decl":{"start":{"line":204,"column":38},"end":{"line":204,"column":42}},"loc":{"start":{"line":204,"column":46},"end":{"line":204,"column":69}}},"29":{"name":"(anonymous_30)","decl":{"start":{"line":218,"column":10},"end":{"line":218,"column":22}},"loc":{"start":{"line":218,"column":36},"end":{"line":243,"column":3}}},"30":{"name":"(anonymous_31)","decl":{"start":{"line":245,"column":10},"end":{"line":245,"column":24}},"loc":{"start":{"line":245,"column":44},"end":{"line":251,"column":3}}},"31":{"name":"(anonymous_32)","decl":{"start":{"line":253,"column":2},"end":{"line":253,"column":17}},"loc":{"start":{"line":253,"column":17},"end":{"line":255,"column":3}}}},"branchMap":{"0":{"loc":{"start":{"line":29,"column":4},"end":{"line":32,"column":5}},"type":"if","locations":[{"start":{"line":29,"column":4},"end":{"line":32,"column":5}},{"start":{},"end":{}}]},"1":{"loc":{"start":{"line":35,"column":4},"end":{"line":57,"column":5}},"type":"if","locations":[{"start":{"line":35,"column":4},"end":{"line":57,"column":5}},{"start":{"line":47,"column":11},"end":{"line":57,"column":5}}]},"2":{"loc":{"start":{"line":71,"column":12},"end":{"line":79,"column":13}},"type":"if","locations":[{"start":{"line":71,"column":12},"end":{"line":79,"column":13}},{"start":{"line":77,"column":19},"end":{"line":79,"column":13}}]},"3":{"loc":{"start":{"line":71,"column":16},"end":{"line":71,"column":84}},"type":"binary-expr","locations":[{"start":{"line":71,"column":16},"end":{"line":71,"column":45}},{"start":{"line":71,"column":49},"end":{"line":71,"column":84}}]},"4":{"loc":{"start":{"line":113,"column":4},"end":{"line":171,"column":5}},"type":"if","locations":[{"start":{"line":113,"column":4},"end":{"line":171,"column":5}},{"start":{"line":120,"column":11},"end":{"line":171,"column":5}}]},"5":{"loc":{"start":{"line":113,"column":8},"end":{"line":113,"column":55}},"type":"binary-expr","locations":[{"start":{"line":113,"column":8},"end":{"line":113,"column":30}},{"start":{"line":113,"column":34},"end":{"line":113,"column":55}}]},"6":{"loc":{"start":{"line":131,"column":13},"end":{"line":131,"column":84}},"type":"binary-expr","locations":[{"start":{"line":131,"column":13},"end":{"line":131,"column":44}},{"start":{"line":131,"column":48},"end":{"line":131,"column":84}}]},"7":{"loc":{"start":{"line":143,"column":8},"end":{"line":159,"column":9}},"type":"switch","locations":[{"start":{"line":144,"column":10},"end":{"line":146,"column":18}},{"start":{"line":147,"column":10},"end":{"line":152,"column":18}},{"start":{"line":153,"column":10},"end":{"line":155,"column":18}},{"start":{"line":156,"column":10},"end":{"line":158,"column":18}}]},"8":{"loc":{"start":{"line":175,"column":50},"end":{"line":175,"column":93}},"type":"cond-expr","locations":[{"start":{"line":175,"column":77},"end":{"line":175,"column":89}},{"start":{"line":175,"column":92},"end":{"line":175,"column":93}}]},"9":{"loc":{"start":{"line":200,"column":6},"end":{"line":202,"column":7}},"type":"if","locations":[{"start":{"line":200,"column":6},"end":{"line":202,"column":7}},{"start":{},"end":{}}]},"10":{"loc":{"start":{"line":206,"column":6},"end":{"line":208,"column":7}},"type":"if","locations":[{"start":{"line":206,"column":6},"end":{"line":208,"column":7}},{"start":{},"end":{}}]},"11":{"loc":{"start":{"line":219,"column":4},"end":{"line":221,"column":5}},"type":"if","locations":[{"start":{"line":219,"column":4},"end":{"line":221,"column":5}},{"start":{},"end":{}}]},"12":{"loc":{"start":{"line":219,"column":8},"end":{"line":219,"column":49}},"type":"binary-expr","locations":[{"start":{"line":219,"column":8},"end":{"line":219,"column":32}},{"start":{"line":219,"column":36},"end":{"line":219,"column":49}}]},"13":{"loc":{"start":{"line":226,"column":6},"end":{"line":241,"column":38}},"type":"binary-expr","locations":[{"start":{"line":226,"column":6},"end":{"line":226,"column":17}},{"start":{"line":227,"column":6},"end":{"line":227,"column":32}},{"start":{"line":228,"column":6},"end":{"line":228,"column":20}},{"start":{"line":229,"column":6},"end":{"line":229,"column":35}},{"start":{"line":230,"column":6},"end":{"line":230,"column":20}},{"start":{"line":231,"column":6},"end":{"line":231,"column":35}},{"start":{"line":232,"column":6},"end":{"line":232,"column":36}},{"start":{"line":233,"column":6},"end":{"line":233,"column":18}},{"start":{"line":234,"column":6},"end":{"line":234,"column":33}},{"start":{"line":235,"column":6},"end":{"line":235,"column":34}},{"start":{"line":236,"column":6},"end":{"line":236,"column":20}},{"start":{"line":237,"column":6},"end":{"line":237,"column":35}},{"start":{"line":238,"column":6},"end":{"line":238,"column":26}},{"start":{"line":239,"column":6},"end":{"line":239,"column":42}},{"start":{"line":240,"column":6},"end":{"line":240,"column":23}},{"start":{"line":241,"column":6},"end":{"line":241,"column":38}}]},"14":{"loc":{"start":{"line":246,"column":4},"end":{"line":248,"column":5}},"type":"if","locations":[{"start":{"line":246,"column":4},"end":{"line":248,"column":5}},{"start":{},"end":{}}]}},"s":{"0":2,"1":2,"2":2,"3":2,"4":109,"5":109,"6":109,"7":109,"8":109,"9":109,"10":109,"11":109,"12":109,"13":109,"14":109,"15":56,"16":109,"17":109,"18":107,"19":107,"20":2,"21":1,"22":0,"23":1,"24":1,"25":1,"26":1,"27":1,"28":1,"29":0,"30":0,"31":56,"32":56,"33":56,"34":55,"35":55,"36":1,"37":1,"38":1,"39":0,"40":1,"41":1,"42":0,"43":0,"44":1347,"45":1347,"46":1347,"47":33,"48":33,"49":33,"50":16,"51":16,"52":16,"53":577,"54":577,"55":564,"56":564,"57":564,"58":564,"59":564,"60":13,"61":13,"62":13,"63":13,"64":13,"65":13,"66":13,"67":13,"68":1383,"69":1383,"70":1383,"71":1383,"72":1026,"73":1026,"74":321,"75":321,"76":33,"77":33,"78":3,"79":3,"80":1383,"81":13,"82":13,"83":13,"84":13,"85":115,"86":6,"87":6,"88":6,"89":1,"90":1,"91":1,"92":7,"93":7,"94":7,"95":9,"96":4,"97":319,"98":4,"99":319,"100":4,"101":4,"102":319,"103":14,"104":14,"105":13,"106":1,"107":12,"108":1011,"109":12,"110":7,"111":5,"112":5,"113":1,"114":1,"115":1011,"116":1,"117":1010,"118":1010,"119":2009,"120":0,"121":2009,"122":2009,"123":20,"124":2,"125":2},"f":{"0":109,"1":56,"2":109,"3":0,"4":1,"5":56,"6":55,"7":1,"8":1347,"9":33,"10":16,"11":577,"12":564,"13":13,"14":115,"15":6,"16":6,"17":6,"18":1,"19":7,"20":7,"21":9,"22":4,"23":319,"24":319,"25":4,"26":319,"27":14,"28":1011,"29":1011,"30":2009,"31":20},"b":{"0":[107,2],"1":[1,1],"2":[1,0],"3":[1,1],"4":[564,13],"5":[577,13],"6":[1396,1386],"7":[1026,321,33,3],"8":[5,1],"9":[1,12],"10":[7,5],"11":[1,1010],"12":[1011,1011],"13":[1010,1008,1008,1007,1006,1006,1005,1004,1004,1004,1004,1004,1004,1004,1004,1004],"14":[0,2009]}}
,"/home/leospe/PROGETTI/PWA/CLAUDE/easyturno_CLA/src/services/sw-update.service.ts": {"path":"/home/leospe/PROGETTI/PWA/CLAUDE/easyturno_CLA/src/services/sw-update.service.ts","statementMap":{"0":{"start":{"line":1,"column":0},"end":{"line":1,"column":51}},"1":{"start":{"line":6,"column":7},"end":{"line":51,"column":null}},"2":{"start":{"line":7,"column":2},"end":{"line":7,"column":34}},"3":{"start":{"line":8,"column":10},"end":{"line":8,"column":64}},"4":{"start":{"line":11,"column":4},"end":{"line":13,"column":5}},"5":{"start":{"line":12,"column":6},"end":{"line":12,"column":13}},"6":{"start":{"line":15,"column":4},"end":{"line":42,"column":5}},"7":{"start":{"line":16,"column":6},"end":{"line":16,"column":75}},"8":{"start":{"line":20,"column":6},"end":{"line":22,"column":16}},"9":{"start":{"line":21,"column":8},"end":{"line":21,"column":41}},"10":{"start":{"line":25,"column":6},"end":{"line":34,"column":9}},"11":{"start":{"line":26,"column":26},"end":{"line":26,"column":55}},"12":{"start":{"line":28,"column":8},"end":{"line":33,"column":11}},"13":{"start":{"line":29,"column":10},"end":{"line":32,"column":11}},"14":{"start":{"line":31,"column":12},"end":{"line":31,"column":43}},"15":{"start":{"line":37,"column":6},"end":{"line":39,"column":9}},"16":{"start":{"line":38,"column":8},"end":{"line":38,"column":33}},"17":{"start":{"line":41,"column":6},"end":{"line":41,"column":66}},"18":{"start":{"line":46,"column":4},"end":{"line":49,"column":5}},"19":{"start":{"line":48,"column":6},"end":{"line":48,"column":70}},"20":{"start":{"line":6,"column":13},"end":{"line":6,"column":28}},"21":{"start":{"line":6,"column":13},"end":{"line":51,"column":null}}},"fnMap":{"0":{"name":"(anonymous_1)","decl":{"start":{"line":6,"column":7},"end":{"line":6,"column":13}},"loc":{"start":{"line":6,"column":7},"end":{"line":51,"column":1}}},"1":{"name":"(anonymous_2)","decl":{"start":{"line":10,"column":2},"end":{"line":10,"column":7}},"loc":{"start":{"line":10,"column":23},"end":{"line":43,"column":3}}},"2":{"name":"(anonymous_3)","decl":{"start":{"line":20,"column":18},"end":{"line":20,"column":21}},"loc":{"start":{"line":20,"column":23},"end":{"line":22,"column":7}}},"3":{"name":"(anonymous_4)","decl":{"start":{"line":25,"column":56},"end":{"line":25,"column":59}},"loc":{"start":{"line":25,"column":61},"end":{"line":34,"column":7}}},"4":{"name":"(anonymous_5)","decl":{"start":{"line":28,"column":51},"end":{"line":28,"column":54}},"loc":{"start":{"line":28,"column":56},"end":{"line":33,"column":9}}},"5":{"name":"(anonymous_6)","decl":{"start":{"line":37,"column":67},"end":{"line":37,"column":70}},"loc":{"start":{"line":37,"column":72},"end":{"line":39,"column":7}}},"6":{"name":"(anonymous_7)","decl":{"start":{"line":45,"column":2},"end":{"line":45,"column":16}},"loc":{"start":{"line":45,"column":16},"end":{"line":50,"column":3}}}},"branchMap":{"0":{"loc":{"start":{"line":11,"column":4},"end":{"line":13,"column":5}},"type":"if","locations":[{"start":{"line":11,"column":4},"end":{"line":13,"column":5}},{"start":{},"end":{}}]},"1":{"loc":{"start":{"line":29,"column":10},"end":{"line":32,"column":11}},"type":"if","locations":[{"start":{"line":29,"column":10},"end":{"line":32,"column":11}},{"start":{},"end":{}}]},"2":{"loc":{"start":{"line":29,"column":14},"end":{"line":29,"column":83}},"type":"binary-expr","locations":[{"start":{"line":29,"column":14},"end":{"line":29,"column":45}},{"start":{"line":29,"column":49},"end":{"line":29,"column":83}}]},"3":{"loc":{"start":{"line":46,"column":4},"end":{"line":49,"column":5}},"type":"if","locations":[{"start":{"line":46,"column":4},"end":{"line":49,"column":5}},{"start":{},"end":{}}]}},"s":{"0":2,"1":2,"2":71,"3":71,"4":74,"5":55,"6":19,"7":19,"8":17,"9":5,"10":17,"11":5,"12":5,"13":5,"14":2,"15":17,"16":0,"17":2,"18":3,"19":1,"20":2,"21":2},"f":{"0":71,"1":74,"2":5,"3":5,"4":5,"5":0,"6":3},"b":{"0":[55,19],"1":[2,3],"2":[5,3],"3":[1,2]}}
,"/home/leospe/PROGETTI/PWA/CLAUDE/easyturno_CLA/src/services/toast.service.ts": {"path":"/home/leospe/PROGETTI/PWA/CLAUDE/easyturno_CLA/src/services/toast.service.ts","statementMap":{"0":{"start":{"line":1,"column":0},"end":{"line":1,"column":51}},"1":{"start":{"line":11,"column":7},"end":{"line":48,"column":null}},"2":{"start":{"line":12,"column":2},"end":{"line":12,"column":31}},"3":{"start":{"line":15,"column":15},"end":{"line":15,"column":34}},"4":{"start":{"line":16,"column":25},"end":{"line":16,"column":56}},"5":{"start":{"line":18,"column":4},"end":{"line":18,"column":53}},"6":{"start":{"line":18,"column":33},"end":{"line":18,"column":51}},"7":{"start":{"line":20,"column":4},"end":{"line":22,"column":5}},"8":{"start":{"line":21,"column":6},"end":{"line":21,"column":51}},"9":{"start":{"line":21,"column":23},"end":{"line":21,"column":39}},"10":{"start":{"line":26,"column":4},"end":{"line":26,"column":44}},"11":{"start":{"line":30,"column":4},"end":{"line":30,"column":42}},"12":{"start":{"line":34,"column":4},"end":{"line":34,"column":44}},"13":{"start":{"line":38,"column":4},"end":{"line":38,"column":41}},"14":{"start":{"line":42,"column":4},"end":{"line":42,"column":66}},"15":{"start":{"line":42,"column":33},"end":{"line":42,"column":64}},"16":{"start":{"line":42,"column":52},"end":{"line":42,"column":63}},"17":{"start":{"line":46,"column":4},"end":{"line":46,"column":24}},"18":{"start":{"line":11,"column":13},"end":{"line":11,"column":25}},"19":{"start":{"line":11,"column":13},"end":{"line":48,"column":null}}},"fnMap":{"0":{"name":"(anonymous_1)","decl":{"start":{"line":11,"column":7},"end":{"line":11,"column":13}},"loc":{"start":{"line":11,"column":7},"end":{"line":48,"column":1}}},"1":{"name":"(anonymous_2)","decl":{"start":{"line":14,"column":2},"end":{"line":14,"column":6}},"loc":{"start":{"line":14,"column":69},"end":{"line":23,"column":3}}},"2":{"name":"(anonymous_3)","decl":{"start":{"line":18,"column":23},"end":{"line":18,"column":29}},"loc":{"start":{"line":18,"column":33},"end":{"line":18,"column":51}}},"3":{"name":"(anonymous_4)","decl":{"start":{"line":21,"column":17},"end":{"line":21,"column":20}},"loc":{"start":{"line":21,"column":23},"end":{"line":21,"column":39}}},"4":{"name":"(anonymous_5)","decl":{"start":{"line":25,"column":2},"end":{"line":25,"column":9}},"loc":{"start":{"line":25,"column":42},"end":{"line":27,"column":3}}},"5":{"name":"(anonymous_6)","decl":{"start":{"line":29,"column":2},"end":{"line":29,"column":7}},"loc":{"start":{"line":29,"column":40},"end":{"line":31,"column":3}}},"6":{"name":"(anonymous_7)","decl":{"start":{"line":33,"column":2},"end":{"line":33,"column":9}},"loc":{"start":{"line":33,"column":42},"end":{"line":35,"column":3}}},"7":{"name":"(anonymous_8)","decl":{"start":{"line":37,"column":2},"end":{"line":37,"column":6}},"loc":{"start":{"line":37,"column":39},"end":{"line":39,"column":3}}},"8":{"name":"(anonymous_9)","decl":{"start":{"line":41,"column":2},"end":{"line":41,"column":9}},"loc":{"start":{"line":41,"column":20},"end":{"line":43,"column":3}}},"9":{"name":"(anonymous_10)","decl":{"start":{"line":42,"column":23},"end":{"line":42,"column":29}},"loc":{"start":{"line":42,"column":33},"end":{"line":42,"column":64}}},"10":{"name":"(anonymous_11)","decl":{"start":{"line":42,"column":47},"end":{"line":42,"column":48}},"loc":{"start":{"line":42,"column":52},"end":{"line":42,"column":63}}},"11":{"name":"(anonymous_12)","decl":{"start":{"line":45,"column":2},"end":{"line":45,"column":12}},"loc":{"start":{"line":45,"column":12},"end":{"line":47,"column":3}}}},"branchMap":{"0":{"loc":{"start":{"line":14,"column":24},"end":{"line":14,"column":52}},"type":"default-arg","locations":[{"start":{"line":14,"column":46},"end":{"line":14,"column":52}}]},"1":{"loc":{"start":{"line":14,"column":54},"end":{"line":14,"column":69}},"type":"default-arg","locations":[{"start":{"line":14,"column":65},"end":{"line":14,"column":69}}]},"2":{"loc":{"start":{"line":20,"column":4},"end":{"line":22,"column":5}},"type":"if","locations":[{"start":{"line":20,"column":4},"end":{"line":22,"column":5}},{"start":{},"end":{}}]},"3":{"loc":{"start":{"line":25,"column":27},"end":{"line":25,"column":42}},"type":"default-arg","locations":[{"start":{"line":25,"column":38},"end":{"line":25,"column":42}}]},"4":{"loc":{"start":{"line":29,"column":25},"end":{"line":29,"column":40}},"type":"default-arg","locations":[{"start":{"line":29,"column":36},"end":{"line":29,"column":40}}]},"5":{"loc":{"start":{"line":33,"column":27},"end":{"line":33,"column":42}},"type":"default-arg","locations":[{"start":{"line":33,"column":38},"end":{"line":33,"column":42}}]},"6":{"loc":{"start":{"line":37,"column":24},"end":{"line":37,"column":39}},"type":"default-arg","locations":[{"start":{"line":37,"column":35},"end":{"line":37,"column":39}}]}},"s":{"0":3,"1":3,"2":132,"3":34,"4":34,"5":34,"6":34,"7":34,"8":33,"9":3,"10":4,"11":6,"12":2,"13":2,"14":6,"15":6,"16":8,"17":2,"18":3,"19":3},"f":{"0":132,"1":34,"2":34,"3":3,"4":4,"5":6,"6":2,"7":2,"8":6,"9":6,"10":8,"11":2},"b":{"0":[14],"1":[15],"2":[33,1],"3":[3],"4":[2],"5":[1],"6":[1]}}
,"/home/leospe/PROGETTI/PWA/CLAUDE/easyturno_CLA/src/services/translation.service.ts": {"path":"/home/leospe/PROGETTI/PWA/CLAUDE/easyturno_CLA/src/services/translation.service.ts","statementMap":{"0":{"start":{"line":1,"column":0},"end":{"line":1,"column":51}},"1":{"start":{"line":4,"column":0},"end":{"line":4,"column":52}},"2":{"start":{"line":5,"column":0},"end":{"line":5,"column":52}},"3":{"start":{"line":11,"column":7},"end":{"line":48,"column":null}},"4":{"start":{"line":12,"column":2},"end":{"line":12,"column":60}},"5":{"start":{"line":14,"column":10},"end":{"line":17,"column":4}},"6":{"start":{"line":20,"column":23},"end":{"line":20,"column":61}},"7":{"start":{"line":21,"column":4},"end":{"line":23,"column":5}},"8":{"start":{"line":22,"column":6},"end":{"line":22,"column":24}},"9":{"start":{"line":24,"column":24},"end":{"line":24,"column":56}},"10":{"start":{"line":25,"column":4},"end":{"line":25,"column":46}},"11":{"start":{"line":29,"column":4},"end":{"line":29,"column":28}},"12":{"start":{"line":30,"column":4},"end":{"line":30,"column":49}},"13":{"start":{"line":34,"column":17},"end":{"line":34,"column":31}},"14":{"start":{"line":36,"column":22},"end":{"line":36,"column":56}},"15":{"start":{"line":38,"column":4},"end":{"line":44,"column":5}},"16":{"start":{"line":39,"column":6},"end":{"line":43,"column":7}},"17":{"start":{"line":40,"column":8},"end":{"line":40,"column":27}},"18":{"start":{"line":42,"column":8},"end":{"line":42,"column":19}},"19":{"start":{"line":46,"column":4},"end":{"line":46,"column":53}},"20":{"start":{"line":11,"column":13},"end":{"line":11,"column":31}},"21":{"start":{"line":11,"column":13},"end":{"line":48,"column":null}}},"fnMap":{"0":{"name":"(anonymous_2)","decl":{"start":{"line":11,"column":7},"end":{"line":11,"column":13}},"loc":{"start":{"line":11,"column":7},"end":{"line":48,"column":1}}},"1":{"name":"(anonymous_3)","decl":{"start":{"line":19,"column":10},"end":{"line":19,"column":28}},"loc":{"start":{"line":19,"column":28},"end":{"line":26,"column":3}}},"2":{"name":"(anonymous_4)","decl":{"start":{"line":28,"column":2},"end":{"line":28,"column":13}},"loc":{"start":{"line":28,"column":31},"end":{"line":31,"column":3}}},"3":{"name":"(anonymous_5)","decl":{"start":{"line":33,"column":2},"end":{"line":33,"column":11}},"loc":{"start":{"line":33,"column":23},"end":{"line":47,"column":3}}}},"branchMap":{"0":{"loc":{"start":{"line":21,"column":4},"end":{"line":23,"column":5}},"type":"if","locations":[{"start":{"line":21,"column":4},"end":{"line":23,"column":5}},{"start":{},"end":{}}]},"1":{"loc":{"start":{"line":21,"column":8},"end":{"line":21,"column":50}},"type":"binary-expr","locations":[{"start":{"line":21,"column":8},"end":{"line":21,"column":27}},{"start":{"line":21,"column":31},"end":{"line":21,"column":50}}]},"2":{"loc":{"start":{"line":25,"column":11},"end":{"line":25,"column":45}},"type":"cond-expr","locations":[{"start":{"line":25,"column":34},"end":{"line":25,"column":38}},{"start":{"line":25,"column":41},"end":{"line":25,"column":45}}]},"3":{"loc":{"start":{"line":39,"column":6},"end":{"line":43,"column":7}},"type":"if","locations":[{"start":{"line":39,"column":6},"end":{"line":43,"column":7}},{"start":{"line":41,"column":13},"end":{"line":43,"column":7}}]},"4":{"loc":{"start":{"line":39,"column":10},"end":{"line":39,"column":70}},"type":"binary-expr","locations":[{"start":{"line":39,"column":10},"end":{"line":39,"column":36}},{"start":{"line":39,"column":40},"end":{"line":39,"column":55}},{"start":{"line":39,"column":59},"end":{"line":39,"column":70}}]},"5":{"loc":{"start":{"line":46,"column":11},"end":{"line":46,"column":52}},"type":"cond-expr","locations":[{"start":{"line":46,"column":40},"end":{"line":46,"column":46}},{"start":{"line":46,"column":49},"end":{"line":46,"column":52}}]}},"s":{"0":4,"1":4,"2":4,"3":4,"4":97,"5":97,"6":97,"7":97,"8":26,"9":71,"10":71,"11":39,"12":39,"13":50,"14":50,"15":50,"16":58,"17":34,"18":24,"19":26,"20":4,"21":4},"f":{"0":97,"1":97,"2":39,"3":50},"b":{"0":[26,71],"1":[97,88],"2":[1,70],"3":[34,24],"4":[58,58,58],"5":[26,0]}}
}
