{"/home/user/EasyTurno_C_PWA/src/app.component.ts": {"path":"/home/user/EasyTurno_C_PWA/src/app.component.ts","statementMap":{"0":{"start":{"line":1,"column":0},"end":{"line":1,"column":null}},"1":{"start":{"line":10,"column":0},"end":{"line":10,"column":53}},"2":{"start":{"line":11,"column":0},"end":{"line":11,"column":45}},"3":{"start":{"line":12,"column":0},"end":{"line":12,"column":44}},"4":{"start":{"line":14,"column":0},"end":{"line":14,"column":56}},"5":{"start":{"line":15,"column":0},"end":{"line":15,"column":68}},"6":{"start":{"line":16,"column":0},"end":{"line":16,"column":56}},"7":{"start":{"line":17,"column":0},"end":{"line":17,"column":92}},"8":{"start":{"line":18,"column":0},"end":{"line":18,"column":63}},"9":{"start":{"line":19,"column":0},"end":{"line":19,"column":58}},"10":{"start":{"line":20,"column":0},"end":{"line":20,"column":55}},"11":{"start":{"line":21,"column":0},"end":{"line":21,"column":56}},"12":{"start":{"line":22,"column":0},"end":{"line":22,"column":81}},"13":{"start":{"line":23,"column":0},"end":{"line":23,"column":80}},"14":{"start":{"line":24,"column":0},"end":{"line":24,"column":68}},"15":{"start":{"line":76,"column":2},"end":{"line":76,"column":38}},"16":{"start":{"line":77,"column":2},"end":{"line":77,"column":50}},"17":{"start":{"line":78,"column":2},"end":{"line":78,"column":38}},"18":{"start":{"line":79,"column":2},"end":{"line":79,"column":52}},"19":{"start":{"line":80,"column":2},"end":{"line":80,"column":44}},"20":{"start":{"line":81,"column":2},"end":{"line":81,"column":40}},"21":{"start":{"line":82,"column":2},"end":{"line":82,"column":30}},"22":{"start":{"line":83,"column":10},"end":{"line":83,"column":38}},"23":{"start":{"line":84,"column":19},"end":{"line":84,"column":64}},"24":{"start":{"line":87,"column":2},"end":{"line":87,"column":48}},"25":{"start":{"line":90,"column":2},"end":{"line":90,"column":94}},"26":{"start":{"line":94,"column":2},"end":{"line":94,"column":38}},"27":{"start":{"line":95,"column":2},"end":{"line":95,"column":38}},"28":{"start":{"line":96,"column":2},"end":{"line":96,"column":30}},"29":{"start":{"line":97,"column":2},"end":{"line":97,"column":30}},"30":{"start":{"line":100,"column":2},"end":{"line":100,"column":60}},"31":{"start":{"line":101,"column":2},"end":{"line":101,"column":57}},"32":{"start":{"line":102,"column":2},"end":{"line":102,"column":26}},"33":{"start":{"line":103,"column":2},"end":{"line":103,"column":30}},"34":{"start":{"line":104,"column":2},"end":{"line":104,"column":30}},"35":{"start":{"line":105,"column":2},"end":{"line":105,"column":28}},"36":{"start":{"line":106,"column":2},"end":{"line":106,"column":28}},"37":{"start":{"line":107,"column":2},"end":{"line":107,"column":41}},"38":{"start":{"line":108,"column":2},"end":{"line":108,"column":35}},"39":{"start":{"line":109,"column":2},"end":{"line":109,"column":75}},"40":{"start":{"line":110,"column":2},"end":{"line":110,"column":26}},"41":{"start":{"line":111,"column":2},"end":{"line":111,"column":41}},"42":{"start":{"line":112,"column":2},"end":{"line":112,"column":50}},"43":{"start":{"line":115,"column":2},"end":{"line":115,"column":45}},"44":{"start":{"line":118,"column":2},"end":{"line":118,"column":60}},"45":{"start":{"line":119,"column":2},"end":{"line":119,"column":29}},"46":{"start":{"line":120,"column":2},"end":{"line":120,"column":36}},"47":{"start":{"line":121,"column":2},"end":{"line":121,"column":50}},"48":{"start":{"line":124,"column":2},"end":{"line":124,"column":30}},"49":{"start":{"line":125,"column":2},"end":{"line":125,"column":28}},"50":{"start":{"line":128,"column":2},"end":{"line":128,"column":32}},"51":{"start":{"line":129,"column":2},"end":{"line":129,"column":41}},"52":{"start":{"line":130,"column":2},"end":{"line":130,"column":31}},"53":{"start":{"line":133,"column":19},"end":{"line":133,"column":43}},"54":{"start":{"line":134,"column":19},"end":{"line":134,"column":42}},"55":{"start":{"line":135,"column":19},"end":{"line":135,"column":44}},"56":{"start":{"line":136,"column":19},"end":{"line":136,"column":48}},"57":{"start":{"line":138,"column":2},"end":{"line":138,"column":97}},"58":{"start":{"line":139,"column":2},"end":{"line":139,"column":56}},"59":{"start":{"line":140,"column":2},"end":{"line":145,"column":4}},"60":{"start":{"line":148,"column":2},"end":{"line":148,"column":54}},"61":{"start":{"line":148,"column":33},"end":{"line":148,"column":52}},"62":{"start":{"line":149,"column":2},"end":{"line":149,"column":86}},"63":{"start":{"line":149,"column":30},"end":{"line":149,"column":84}},"64":{"start":{"line":262,"column":10},"end":{"line":266,"column":5}},"65":{"start":{"line":263,"column":4},"end":{"line":265,"column":81}},"66":{"start":{"line":265,"column":22},"end":{"line":265,"column":79}},"67":{"start":{"line":269,"column":10},"end":{"line":273,"column":5}},"68":{"start":{"line":270,"column":18},"end":{"line":270,"column":28}},"69":{"start":{"line":271,"column":4},"end":{"line":271,"column":31}},"70":{"start":{"line":272,"column":4},"end":{"line":272,"column":27}},"71":{"start":{"line":719,"column":10},"end":{"line":728,"column":5}},"72":{"start":{"line":720,"column":18},"end":{"line":720,"column":49}},"73":{"start":{"line":721,"column":4},"end":{"line":721,"column":31}},"74":{"start":{"line":722,"column":16},"end":{"line":722,"column":45}},"75":{"start":{"line":723,"column":4},"end":{"line":723,"column":34}},"76":{"start":{"line":724,"column":4},"end":{"line":727,"column":6}},"77":{"start":{"line":731,"column":10},"end":{"line":737,"column":5}},"78":{"start":{"line":732,"column":35},"end":{"line":732,"column":56}},"79":{"start":{"line":733,"column":4},"end":{"line":736,"column":7}},"80":{"start":{"line":734,"column":25},"end":{"line":734,"column":56}},"81":{"start":{"line":735,"column":6},"end":{"line":735,"column":62}},"82":{"start":{"line":740,"column":2},"end":{"line":781,"column":5}},"83":{"start":{"line":741,"column":19},"end":{"line":741,"column":45}},"84":{"start":{"line":744,"column":4},"end":{"line":752,"column":5}},"85":{"start":{"line":745,"column":6},"end":{"line":751,"column":8}},"86":{"start":{"line":755,"column":18},"end":{"line":761,"column":6}},"87":{"start":{"line":763,"column":4},"end":{"line":778,"column":5}},"88":{"start":{"line":765,"column":20},"end":{"line":765,"column":97}},"89":{"start":{"line":766,"column":6},"end":{"line":766,"column":32}},"90":{"start":{"line":767,"column":6},"end":{"line":767,"column":54}},"91":{"start":{"line":770,"column":6},"end":{"line":770,"column":85}},"92":{"start":{"line":773,"column":6},"end":{"line":777,"column":7}},"93":{"start":{"line":774,"column":8},"end":{"line":776,"column":9}},"94":{"start":{"line":775,"column":10},"end":{"line":775,"column":86}},"95":{"start":{"line":780,"column":4},"end":{"line":780,"column":17}},"96":{"start":{"line":784,"column":2},"end":{"line":784,"column":81}},"97":{"start":{"line":784,"column":36},"end":{"line":784,"column":79}},"98":{"start":{"line":785,"column":2},"end":{"line":785,"column":87}},"99":{"start":{"line":785,"column":39},"end":{"line":785,"column":85}},"100":{"start":{"line":154,"column":4},"end":{"line":154,"column":48}},"101":{"start":{"line":157,"column":24},"end":{"line":157,"column":90}},"102":{"start":{"line":158,"column":24},"end":{"line":158,"column":81}},"103":{"start":{"line":159,"column":4},"end":{"line":159,"column":73}},"104":{"start":{"line":161,"column":4},"end":{"line":169,"column":7}},"105":{"start":{"line":162,"column":27},"end":{"line":162,"column":39}},"106":{"start":{"line":163,"column":6},"end":{"line":163,"column":60}},"107":{"start":{"line":164,"column":6},"end":{"line":168,"column":7}},"108":{"start":{"line":165,"column":8},"end":{"line":165,"column":60}},"109":{"start":{"line":167,"column":8},"end":{"line":167,"column":63}},"110":{"start":{"line":172,"column":4},"end":{"line":174,"column":7}},"111":{"start":{"line":173,"column":6},"end":{"line":173,"column":78}},"112":{"start":{"line":177,"column":4},"end":{"line":200,"column":7}},"113":{"start":{"line":178,"column":29},"end":{"line":194,"column":7}},"114":{"start":{"line":180,"column":8},"end":{"line":183,"column":9}},"115":{"start":{"line":181,"column":10},"end":{"line":181,"column":29}},"116":{"start":{"line":182,"column":10},"end":{"line":182,"column":34}},"117":{"start":{"line":185,"column":8},"end":{"line":188,"column":9}},"118":{"start":{"line":186,"column":10},"end":{"line":186,"column":29}},"119":{"start":{"line":187,"column":10},"end":{"line":187,"column":28}},"120":{"start":{"line":190,"column":8},"end":{"line":193,"column":9}},"121":{"start":{"line":191,"column":10},"end":{"line":191,"column":29}},"122":{"start":{"line":192,"column":10},"end":{"line":192,"column":32}},"123":{"start":{"line":196,"column":6},"end":{"line":196,"column":57}},"124":{"start":{"line":199,"column":6},"end":{"line":199,"column":73}},"125":{"start":{"line":199,"column":19},"end":{"line":199,"column":72}},"126":{"start":{"line":203,"column":4},"end":{"line":210,"column":6}},"127":{"start":{"line":205,"column":8},"end":{"line":207,"column":9}},"128":{"start":{"line":206,"column":10},"end":{"line":206,"column":44}},"129":{"start":{"line":212,"column":4},"end":{"line":212,"column":21}},"130":{"start":{"line":215,"column":23},"end":{"line":215,"column":72}},"131":{"start":{"line":216,"column":4},"end":{"line":222,"column":5}},"132":{"start":{"line":217,"column":6},"end":{"line":217,"column":68}},"133":{"start":{"line":218,"column":23},"end":{"line":218,"column":61}},"134":{"start":{"line":219,"column":6},"end":{"line":219,"column":47}},"135":{"start":{"line":221,"column":6},"end":{"line":221,"column":43}},"136":{"start":{"line":225,"column":18},"end":{"line":225,"column":28}},"137":{"start":{"line":226,"column":27},"end":{"line":227,"column":null}},"138":{"start":{"line":229,"column":23},"end":{"line":229,"column":76}},"139":{"start":{"line":230,"column":21},"end":{"line":230,"column":65}},"140":{"start":{"line":232,"column":4},"end":{"line":241,"column":5}},"141":{"start":{"line":233,"column":6},"end":{"line":233,"column":68}},"142":{"start":{"line":234,"column":28},"end":{"line":234,"column":70}},"143":{"start":{"line":235,"column":26},"end":{"line":235,"column":59}},"144":{"start":{"line":236,"column":6},"end":{"line":236,"column":51}},"145":{"start":{"line":237,"column":6},"end":{"line":237,"column":47}},"146":{"start":{"line":239,"column":6},"end":{"line":239,"column":42}},"147":{"start":{"line":240,"column":6},"end":{"line":240,"column":38}},"148":{"start":{"line":244,"column":4},"end":{"line":246,"column":5}},"149":{"start":{"line":245,"column":6},"end":{"line":245,"column":49}},"150":{"start":{"line":248,"column":4},"end":{"line":248,"column":30}},"151":{"start":{"line":252,"column":22},"end":{"line":252,"column":72}},"152":{"start":{"line":253,"column":4},"end":{"line":258,"column":5}},"153":{"start":{"line":254,"column":6},"end":{"line":254,"column":30}},"154":{"start":{"line":256,"column":21},"end":{"line":256,"column":52}},"155":{"start":{"line":257,"column":6},"end":{"line":257,"column":50}},"156":{"start":{"line":276,"column":22},"end":{"line":276,"column":41}},"157":{"start":{"line":277,"column":19},"end":{"line":277,"column":36}},"158":{"start":{"line":279,"column":4},"end":{"line":294,"column":5}},"159":{"start":{"line":280,"column":29},"end":{"line":280,"column":45}},"160":{"start":{"line":281,"column":6},"end":{"line":281,"column":42}},"161":{"start":{"line":282,"column":33},"end":{"line":282,"column":57}},"162":{"start":{"line":284,"column":27},"end":{"line":284,"column":43}},"163":{"start":{"line":285,"column":6},"end":{"line":285,"column":45}},"164":{"start":{"line":286,"column":31},"end":{"line":286,"column":53}},"165":{"start":{"line":288,"column":6},"end":{"line":293,"column":9}},"166":{"start":{"line":289,"column":31},"end":{"line":289,"column":58}},"167":{"start":{"line":290,"column":29},"end":{"line":290,"column":54}},"168":{"start":{"line":292,"column":8},"end":{"line":292,"column":88}},"169":{"start":{"line":296,"column":22},"end":{"line":296,"column":42}},"170":{"start":{"line":298,"column":4},"end":{"line":298,"column":73}},"171":{"start":{"line":298,"column":33},"end":{"line":298,"column":71}},"172":{"start":{"line":302,"column":4},"end":{"line":302,"column":68}},"173":{"start":{"line":302,"column":38},"end":{"line":302,"column":66}},"174":{"start":{"line":306,"column":4},"end":{"line":306,"column":32}},"175":{"start":{"line":310,"column":4},"end":{"line":310,"column":33}},"176":{"start":{"line":315,"column":4},"end":{"line":315,"column":21}},"177":{"start":{"line":316,"column":4},"end":{"line":316,"column":32}},"178":{"start":{"line":317,"column":4},"end":{"line":317,"column":27}},"179":{"start":{"line":321,"column":4},"end":{"line":321,"column":33}},"180":{"start":{"line":322,"column":4},"end":{"line":322,"column":37}},"181":{"start":{"line":325,"column":22},"end":{"line":325,"column":72}},"182":{"start":{"line":326,"column":22},"end":{"line":326,"column":67}},"183":{"start":{"line":327,"column":20},"end":{"line":327,"column":68}},"184":{"start":{"line":328,"column":20},"end":{"line":328,"column":63}},"185":{"start":{"line":330,"column":4},"end":{"line":343,"column":5}},"186":{"start":{"line":331,"column":6},"end":{"line":331,"column":72}},"187":{"start":{"line":332,"column":20},"end":{"line":332,"column":41}},"188":{"start":{"line":333,"column":18},"end":{"line":333,"column":37}},"189":{"start":{"line":334,"column":6},"end":{"line":334,"column":71}},"190":{"start":{"line":335,"column":6},"end":{"line":335,"column":64}},"191":{"start":{"line":336,"column":6},"end":{"line":336,"column":67}},"192":{"start":{"line":337,"column":6},"end":{"line":337,"column":60}},"193":{"start":{"line":339,"column":6},"end":{"line":339,"column":41}},"194":{"start":{"line":340,"column":6},"end":{"line":340,"column":41}},"195":{"start":{"line":341,"column":6},"end":{"line":341,"column":37}},"196":{"start":{"line":342,"column":6},"end":{"line":342,"column":37}},"197":{"start":{"line":345,"column":4},"end":{"line":345,"column":37}},"198":{"start":{"line":346,"column":4},"end":{"line":346,"column":49}},"199":{"start":{"line":347,"column":4},"end":{"line":347,"column":43}},"200":{"start":{"line":348,"column":4},"end":{"line":348,"column":58}},"201":{"start":{"line":350,"column":48},"end":{"line":353,"column":7}},"202":{"start":{"line":350,"column":83},"end":{"line":353,"column":6}},"203":{"start":{"line":354,"column":4},"end":{"line":354,"column":47}},"204":{"start":{"line":355,"column":4},"end":{"line":357,"column":5}},"205":{"start":{"line":356,"column":6},"end":{"line":356,"column":49}},"206":{"start":{"line":358,"column":4},"end":{"line":358,"column":27}},"207":{"start":{"line":363,"column":4},"end":{"line":366,"column":5}},"208":{"start":{"line":364,"column":6},"end":{"line":364,"column":82}},"209":{"start":{"line":365,"column":6},"end":{"line":365,"column":13}},"210":{"start":{"line":368,"column":18},"end":{"line":368,"column":79}},"211":{"start":{"line":369,"column":16},"end":{"line":369,"column":73}},"212":{"start":{"line":372,"column":4},"end":{"line":375,"column":5}},"213":{"start":{"line":373,"column":6},"end":{"line":373,"column":88}},"214":{"start":{"line":374,"column":6},"end":{"line":374,"column":13}},"215":{"start":{"line":378,"column":25},"end":{"line":378,"column":73}},"216":{"start":{"line":380,"column":22},"end":{"line":395,"column":6}},"217":{"start":{"line":392,"column":66},"end":{"line":392,"column":75}},"218":{"start":{"line":397,"column":20},"end":{"line":397,"column":39}},"219":{"start":{"line":398,"column":4},"end":{"line":412,"column":5}},"220":{"start":{"line":399,"column":6},"end":{"line":399,"column":43}},"221":{"start":{"line":400,"column":6},"end":{"line":407,"column":7}},"222":{"start":{"line":401,"column":8},"end":{"line":401,"column":44}},"223":{"start":{"line":403,"column":36},"end":{"line":403,"column":64}},"224":{"start":{"line":404,"column":8},"end":{"line":404,"column":52}},"225":{"start":{"line":405,"column":8},"end":{"line":405,"column":37}},"226":{"start":{"line":406,"column":8},"end":{"line":406,"column":25}},"227":{"start":{"line":409,"column":6},"end":{"line":409,"column":44}},"228":{"start":{"line":410,"column":6},"end":{"line":410,"column":35}},"229":{"start":{"line":411,"column":6},"end":{"line":411,"column":23}},"230":{"start":{"line":416,"column":20},"end":{"line":416,"column":39}},"231":{"start":{"line":417,"column":22},"end":{"line":417,"column":45}},"232":{"start":{"line":418,"column":4},"end":{"line":418,"column":39}},"233":{"start":{"line":418,"column":32},"end":{"line":418,"column":39}},"234":{"start":{"line":420,"column":4},"end":{"line":432,"column":5}},"235":{"start":{"line":421,"column":34},"end":{"line":421,"column":62}},"236":{"start":{"line":422,"column":6},"end":{"line":422,"column":56}},"237":{"start":{"line":425,"column":34},"end":{"line":430,"column":8}},"238":{"start":{"line":431,"column":6},"end":{"line":431,"column":50}},"239":{"start":{"line":433,"column":4},"end":{"line":433,"column":33}},"240":{"start":{"line":434,"column":4},"end":{"line":434,"column":21}},"241":{"start":{"line":438,"column":16},"end":{"line":438,"column":26}},"242":{"start":{"line":439,"column":25},"end":{"line":439,"column":67}},"243":{"start":{"line":440,"column":4},"end":{"line":440,"column":28}},"244":{"start":{"line":443,"column":22},"end":{"line":443,"column":64}},"245":{"start":{"line":444,"column":22},"end":{"line":444,"column":59}},"246":{"start":{"line":445,"column":20},"end":{"line":445,"column":71}},"247":{"start":{"line":446,"column":20},"end":{"line":446,"column":66}},"248":{"start":{"line":448,"column":4},"end":{"line":459,"column":5}},"249":{"start":{"line":449,"column":6},"end":{"line":449,"column":72}},"250":{"start":{"line":450,"column":6},"end":{"line":450,"column":69}},"251":{"start":{"line":451,"column":6},"end":{"line":451,"column":62}},"252":{"start":{"line":452,"column":6},"end":{"line":452,"column":76}},"253":{"start":{"line":453,"column":6},"end":{"line":453,"column":69}},"254":{"start":{"line":455,"column":6},"end":{"line":455,"column":41}},"255":{"start":{"line":456,"column":6},"end":{"line":456,"column":41}},"256":{"start":{"line":457,"column":6},"end":{"line":457,"column":37}},"257":{"start":{"line":458,"column":6},"end":{"line":458,"column":37}},"258":{"start":{"line":461,"column":4},"end":{"line":461,"column":34}},"259":{"start":{"line":462,"column":4},"end":{"line":462,"column":37}},"260":{"start":{"line":463,"column":4},"end":{"line":463,"column":65}},"261":{"start":{"line":464,"column":4},"end":{"line":464,"column":28}},"262":{"start":{"line":465,"column":4},"end":{"line":465,"column":35}},"263":{"start":{"line":466,"column":4},"end":{"line":466,"column":33}},"264":{"start":{"line":467,"column":4},"end":{"line":467,"column":32}},"265":{"start":{"line":468,"column":4},"end":{"line":468,"column":36}},"266":{"start":{"line":469,"column":4},"end":{"line":469,"column":33}},"267":{"start":{"line":473,"column":18},"end":{"line":473,"column":85}},"268":{"start":{"line":474,"column":29},"end":{"line":474,"column":52}},"269":{"start":{"line":475,"column":32},"end":{"line":475,"column":78}},"270":{"start":{"line":476,"column":4},"end":{"line":476,"column":89}},"271":{"start":{"line":476,"column":38},"end":{"line":476,"column":86}},"272":{"start":{"line":480,"column":21},"end":{"line":480,"column":70}},"273":{"start":{"line":481,"column":4},"end":{"line":481,"column":59}},"274":{"start":{"line":481,"column":38},"end":{"line":481,"column":56}},"275":{"start":{"line":486,"column":4},"end":{"line":486,"column":40}},"276":{"start":{"line":491,"column":4},"end":{"line":491,"column":40}},"277":{"start":{"line":496,"column":4},"end":{"line":496,"column":34}},"278":{"start":{"line":497,"column":4},"end":{"line":501,"column":5}},"279":{"start":{"line":498,"column":6},"end":{"line":498,"column":44}},"280":{"start":{"line":500,"column":6},"end":{"line":500,"column":38}},"281":{"start":{"line":505,"column":18},"end":{"line":505,"column":38}},"282":{"start":{"line":506,"column":4},"end":{"line":506,"column":23}},"283":{"start":{"line":506,"column":16},"end":{"line":506,"column":23}},"284":{"start":{"line":508,"column":4},"end":{"line":512,"column":5}},"285":{"start":{"line":509,"column":6},"end":{"line":509,"column":58}},"286":{"start":{"line":511,"column":6},"end":{"line":511,"column":46}},"287":{"start":{"line":513,"column":4},"end":{"line":513,"column":33}},"288":{"start":{"line":514,"column":4},"end":{"line":514,"column":21}},"289":{"start":{"line":519,"column":18},"end":{"line":519,"column":40}},"290":{"start":{"line":520,"column":4},"end":{"line":523,"column":5}},"291":{"start":{"line":521,"column":6},"end":{"line":521,"column":24}},"292":{"start":{"line":522,"column":6},"end":{"line":522,"column":13}},"293":{"start":{"line":525,"column":4},"end":{"line":547,"column":5}},"294":{"start":{"line":527,"column":19},"end":{"line":527,"column":34}},"295":{"start":{"line":530,"column":6},"end":{"line":533,"column":7}},"296":{"start":{"line":531,"column":8},"end":{"line":531,"column":79}},"297":{"start":{"line":532,"column":8},"end":{"line":532,"column":15}},"298":{"start":{"line":536,"column":6},"end":{"line":539,"column":7}},"299":{"start":{"line":537,"column":8},"end":{"line":537,"column":78}},"300":{"start":{"line":538,"column":8},"end":{"line":538,"column":15}},"301":{"start":{"line":541,"column":6},"end":{"line":541,"column":32}},"302":{"start":{"line":542,"column":6},"end":{"line":542,"column":56}},"303":{"start":{"line":543,"column":6},"end":{"line":543,"column":24}},"304":{"start":{"line":545,"column":6},"end":{"line":545,"column":50}},"305":{"start":{"line":546,"column":6},"end":{"line":546,"column":80}},"306":{"start":{"line":551,"column":4},"end":{"line":551,"column":30}},"307":{"start":{"line":552,"column":4},"end":{"line":552,"column":54}},"308":{"start":{"line":557,"column":4},"end":{"line":557,"column":42}},"309":{"start":{"line":558,"column":4},"end":{"line":558,"column":31}},"310":{"start":{"line":559,"column":4},"end":{"line":559,"column":38}},"311":{"start":{"line":560,"column":4},"end":{"line":560,"column":37}},"312":{"start":{"line":564,"column":21},"end":{"line":564,"column":41}},"313":{"start":{"line":565,"column":17},"end":{"line":565,"column":42}},"314":{"start":{"line":567,"column":4},"end":{"line":569,"column":5}},"315":{"start":{"line":568,"column":6},"end":{"line":568,"column":13}},"316":{"start":{"line":571,"column":4},"end":{"line":611,"column":5}},"317":{"start":{"line":572,"column":27},"end":{"line":572,"column":54}},"318":{"start":{"line":573,"column":6},"end":{"line":576,"column":7}},"319":{"start":{"line":574,"column":8},"end":{"line":574,"column":99}},"320":{"start":{"line":575,"column":8},"end":{"line":575,"column":15}},"321":{"start":{"line":578,"column":6},"end":{"line":578,"column":24}},"322":{"start":{"line":579,"column":6},"end":{"line":579,"column":33}},"323":{"start":{"line":580,"column":6},"end":{"line":596,"column":7}},"324":{"start":{"line":581,"column":21},"end":{"line":581,"column":72}},"325":{"start":{"line":582,"column":32},"end":{"line":582,"column":98}},"326":{"start":{"line":583,"column":21},"end":{"line":583,"column":78}},"327":{"start":{"line":584,"column":20},"end":{"line":584,"column":45}},"328":{"start":{"line":585,"column":18},"end":{"line":585,"column":45}},"329":{"start":{"line":586,"column":8},"end":{"line":586,"column":21}},"330":{"start":{"line":587,"column":8},"end":{"line":587,"column":45}},"331":{"start":{"line":588,"column":8},"end":{"line":588,"column":18}},"332":{"start":{"line":589,"column":8},"end":{"line":589,"column":33}},"333":{"start":{"line":590,"column":8},"end":{"line":590,"column":86}},"334":{"start":{"line":592,"column":8},"end":{"line":592,"column":47}},"335":{"start":{"line":593,"column":8},"end":{"line":593,"column":82}},"336":{"start":{"line":595,"column":8},"end":{"line":595,"column":36}},"337":{"start":{"line":599,"column":25},"end":{"line":599,"column":49}},"338":{"start":{"line":600,"column":6},"end":{"line":600,"column":30}},"339":{"start":{"line":600,"column":23},"end":{"line":600,"column":30}},"340":{"start":{"line":602,"column":6},"end":{"line":602,"column":24}},"341":{"start":{"line":603,"column":6},"end":{"line":608,"column":7}},"342":{"start":{"line":604,"column":26},"end":{"line":604,"column":98}},"343":{"start":{"line":605,"column":8},"end":{"line":605,"column":37}},"344":{"start":{"line":607,"column":8},"end":{"line":607,"column":98}},"345":{"start":{"line":609,"column":6},"end":{"line":609,"column":39}},"346":{"start":{"line":610,"column":6},"end":{"line":610,"column":34}},"347":{"start":{"line":615,"column":4},"end":{"line":615,"column":51}},"348":{"start":{"line":619,"column":18},"end":{"line":619,"column":62}},"349":{"start":{"line":620,"column":4},"end":{"line":620,"column":22}},"350":{"start":{"line":620,"column":15},"end":{"line":620,"column":22}},"351":{"start":{"line":622,"column":4},"end":{"line":625,"column":5}},"352":{"start":{"line":623,"column":6},"end":{"line":623,"column":93}},"353":{"start":{"line":624,"column":6},"end":{"line":624,"column":13}},"354":{"start":{"line":627,"column":4},"end":{"line":627,"column":31}},"355":{"start":{"line":628,"column":19},"end":{"line":628,"column":35}},"356":{"start":{"line":630,"column":4},"end":{"line":646,"column":6}},"357":{"start":{"line":631,"column":21},"end":{"line":631,"column":37}},"358":{"start":{"line":632,"column":6},"end":{"line":643,"column":7}},"359":{"start":{"line":633,"column":8},"end":{"line":640,"column":9}},"360":{"start":{"line":634,"column":10},"end":{"line":634,"column":45}},"361":{"start":{"line":635,"column":10},"end":{"line":635,"column":48}},"362":{"start":{"line":636,"column":10},"end":{"line":636,"column":37}},"363":{"start":{"line":637,"column":10},"end":{"line":637,"column":44}},"364":{"start":{"line":638,"column":10},"end":{"line":638,"column":43}},"365":{"start":{"line":639,"column":10},"end":{"line":639,"column":17}},"366":{"start":{"line":642,"column":8},"end":{"line":642,"column":34}},"367":{"start":{"line":644,"column":6},"end":{"line":644,"column":34}},"368":{"start":{"line":645,"column":6},"end":{"line":645,"column":24}},"369":{"start":{"line":648,"column":4},"end":{"line":651,"column":6}},"370":{"start":{"line":649,"column":6},"end":{"line":649,"column":80}},"371":{"start":{"line":650,"column":6},"end":{"line":650,"column":34}},"372":{"start":{"line":653,"column":4},"end":{"line":653,"column":28}},"373":{"start":{"line":657,"column":25},"end":{"line":657,"column":61}},"374":{"start":{"line":658,"column":4},"end":{"line":664,"column":5}},"375":{"start":{"line":659,"column":22},"end":{"line":659,"column":111}},"376":{"start":{"line":660,"column":6},"end":{"line":660,"column":41}},"377":{"start":{"line":662,"column":22},"end":{"line":662,"column":129}},"378":{"start":{"line":663,"column":6},"end":{"line":663,"column":45}},"379":{"start":{"line":668,"column":4},"end":{"line":668,"column":35}},"380":{"start":{"line":672,"column":4},"end":{"line":672,"column":40}},"381":{"start":{"line":673,"column":4},"end":{"line":673,"column":22}},"382":{"start":{"line":674,"column":4},"end":{"line":674,"column":81}},"383":{"start":{"line":678,"column":4},"end":{"line":678,"column":50}},"384":{"start":{"line":679,"column":4},"end":{"line":679,"column":22}},"385":{"start":{"line":680,"column":4},"end":{"line":680,"column":81}},"386":{"start":{"line":686,"column":4},"end":{"line":686,"column":22}},"387":{"start":{"line":691,"column":42},"end":{"line":695,"column":6}},"388":{"start":{"line":696,"column":4},"end":{"line":696,"column":77}},"389":{"start":{"line":696,"column":46},"end":{"line":696,"column":75}},"390":{"start":{"line":700,"column":4},"end":{"line":700,"column":88}},"391":{"start":{"line":700,"column":46},"end":{"line":700,"column":86}},"392":{"start":{"line":700,"column":74},"end":{"line":700,"column":85}},"393":{"start":{"line":704,"column":18},"end":{"line":704,"column":57}},"394":{"start":{"line":705,"column":4},"end":{"line":707,"column":6}},"395":{"start":{"line":706,"column":6},"end":{"line":706,"column":66}},"396":{"start":{"line":706,"column":32},"end":{"line":706,"column":64}},"397":{"start":{"line":711,"column":19},"end":{"line":711,"column":67}},"398":{"start":{"line":712,"column":4},"end":{"line":714,"column":6}},"399":{"start":{"line":713,"column":6},"end":{"line":713,"column":68}},"400":{"start":{"line":713,"column":32},"end":{"line":713,"column":66}},"401":{"start":{"line":788,"column":4},"end":{"line":788,"column":33}},"402":{"start":{"line":793,"column":4},"end":{"line":793,"column":71}},"403":{"start":{"line":794,"column":4},"end":{"line":794,"column":74}},"404":{"start":{"line":799,"column":24},"end":{"line":799,"column":39}},"405":{"start":{"line":801,"column":4},"end":{"line":804,"column":5}},"406":{"start":{"line":802,"column":6},"end":{"line":802,"column":32}},"407":{"start":{"line":803,"column":6},"end":{"line":803,"column":56}},"408":{"start":{"line":805,"column":4},"end":{"line":805,"column":74}},"409":{"start":{"line":805,"column":34},"end":{"line":805,"column":71}},"410":{"start":{"line":809,"column":24},"end":{"line":809,"column":39}},"411":{"start":{"line":811,"column":4},"end":{"line":814,"column":5}},"412":{"start":{"line":812,"column":6},"end":{"line":812,"column":32}},"413":{"start":{"line":813,"column":6},"end":{"line":813,"column":56}},"414":{"start":{"line":815,"column":4},"end":{"line":815,"column":28}},"415":{"start":{"line":819,"column":4},"end":{"line":825,"column":5}},"416":{"start":{"line":820,"column":6},"end":{"line":820,"column":32}},"417":{"start":{"line":824,"column":6},"end":{"line":824,"column":32}},"418":{"start":{"line":830,"column":4},"end":{"line":830,"column":34}},"419":{"start":{"line":835,"column":49},"end":{"line":849,"column":6}},"420":{"start":{"line":850,"column":4},"end":{"line":850,"column":27}},"421":{"start":{"line":75,"column":13},"end":{"line":75,"column":25}},"422":{"start":{"line":75,"column":13},"end":{"line":852,"column":null}}},"fnMap":{"0":{"name":"(anonymous_1)","decl":{"start":{"line":152,"column":2},"end":{"line":152,"column":null}},"loc":{"start":{"line":152,"column":2},"end":{"line":249,"column":3}}},"1":{"name":"(anonymous_2)","decl":{"start":{"line":148,"column":27},"end":{"line":148,"column":30}},"loc":{"start":{"line":148,"column":33},"end":{"line":148,"column":52}}},"2":{"name":"(anonymous_3)","decl":{"start":{"line":149,"column":24},"end":{"line":149,"column":27}},"loc":{"start":{"line":149,"column":30},"end":{"line":149,"column":84}}},"3":{"name":"(anonymous_4)","decl":{"start":{"line":262,"column":34},"end":{"line":262,"column":37}},"loc":{"start":{"line":262,"column":39},"end":{"line":266,"column":3}}},"4":{"name":"(anonymous_5)","decl":{"start":{"line":265,"column":12},"end":{"line":265,"column":13}},"loc":{"start":{"line":265,"column":22},"end":{"line":265,"column":79}}},"5":{"name":"(anonymous_6)","decl":{"start":{"line":269,"column":35},"end":{"line":269,"column":38}},"loc":{"start":{"line":269,"column":40},"end":{"line":273,"column":3}}},"6":{"name":"(anonymous_7)","decl":{"start":{"line":719,"column":36},"end":{"line":719,"column":39}},"loc":{"start":{"line":719,"column":41},"end":{"line":728,"column":3}}},"7":{"name":"(anonymous_8)","decl":{"start":{"line":731,"column":41},"end":{"line":731,"column":44}},"loc":{"start":{"line":731,"column":46},"end":{"line":737,"column":3}}},"8":{"name":"(anonymous_9)","decl":{"start":{"line":733,"column":45},"end":{"line":733,"column":50}},"loc":{"start":{"line":733,"column":53},"end":{"line":736,"column":5}}},"9":{"name":"(anonymous_10)","decl":{"start":{"line":740,"column":23},"end":{"line":740,"column":26}},"loc":{"start":{"line":740,"column":28},"end":{"line":781,"column":3}}},"10":{"name":"(anonymous_11)","decl":{"start":{"line":784,"column":30},"end":{"line":784,"column":33}},"loc":{"start":{"line":784,"column":36},"end":{"line":784,"column":79}}},"11":{"name":"(anonymous_12)","decl":{"start":{"line":785,"column":33},"end":{"line":785,"column":36}},"loc":{"start":{"line":785,"column":39},"end":{"line":785,"column":85}}},"12":{"name":"(anonymous_13)","decl":{"start":{"line":161,"column":11},"end":{"line":161,"column":14}},"loc":{"start":{"line":161,"column":16},"end":{"line":169,"column":5}}},"13":{"name":"(anonymous_14)","decl":{"start":{"line":172,"column":11},"end":{"line":172,"column":14}},"loc":{"start":{"line":172,"column":16},"end":{"line":174,"column":5}}},"14":{"name":"(anonymous_15)","decl":{"start":{"line":177,"column":11},"end":{"line":177,"column":14}},"loc":{"start":{"line":177,"column":16},"end":{"line":200,"column":5}}},"15":{"name":"(anonymous_16)","decl":{"start":{"line":178,"column":29},"end":{"line":178,"column":30}},"loc":{"start":{"line":178,"column":50},"end":{"line":194,"column":7}}},"16":{"name":"(anonymous_17)","decl":{"start":{"line":199,"column":13},"end":{"line":199,"column":16}},"loc":{"start":{"line":199,"column":19},"end":{"line":199,"column":72}}},"17":{"name":"(anonymous_18)","decl":{"start":{"line":204,"column":6},"end":{"line":204,"column":9}},"loc":{"start":{"line":204,"column":11},"end":{"line":208,"column":7}}},"18":{"name":"(anonymous_19)","decl":{"start":{"line":251,"column":10},"end":{"line":251,"column":28}},"loc":{"start":{"line":251,"column":28},"end":{"line":259,"column":3}}},"19":{"name":"(anonymous_20)","decl":{"start":{"line":275,"column":10},"end":{"line":275,"column":22}},"loc":{"start":{"line":275,"column":22},"end":{"line":299,"column":3}}},"20":{"name":"(anonymous_21)","decl":{"start":{"line":288,"column":30},"end":{"line":288,"column":31}},"loc":{"start":{"line":288,"column":34},"end":{"line":293,"column":7}}},"21":{"name":"(anonymous_22)","decl":{"start":{"line":298,"column":28},"end":{"line":298,"column":29}},"loc":{"start":{"line":298,"column":33},"end":{"line":298,"column":71}}},"22":{"name":"(anonymous_23)","decl":{"start":{"line":301,"column":2},"end":{"line":301,"column":16}},"loc":{"start":{"line":301,"column":16},"end":{"line":303,"column":3}}},"23":{"name":"(anonymous_24)","decl":{"start":{"line":302,"column":33},"end":{"line":302,"column":34}},"loc":{"start":{"line":302,"column":38},"end":{"line":302,"column":66}}},"24":{"name":"(anonymous_25)","decl":{"start":{"line":305,"column":2},"end":{"line":305,"column":11}},"loc":{"start":{"line":305,"column":24},"end":{"line":307,"column":3}}},"25":{"name":"(anonymous_26)","decl":{"start":{"line":309,"column":2},"end":{"line":309,"column":12}},"loc":{"start":{"line":309,"column":12},"end":{"line":312,"column":3}}},"26":{"name":"(anonymous_27)","decl":{"start":{"line":314,"column":2},"end":{"line":314,"column":18}},"loc":{"start":{"line":314,"column":18},"end":{"line":318,"column":3}}},"27":{"name":"(anonymous_28)","decl":{"start":{"line":320,"column":2},"end":{"line":320,"column":19}},"loc":{"start":{"line":320,"column":32},"end":{"line":359,"column":3}}},"28":{"name":"(anonymous_29)","decl":{"start":{"line":350,"column":77},"end":{"line":350,"column":78}},"loc":{"start":{"line":350,"column":83},"end":{"line":353,"column":6}}},"29":{"name":"(anonymous_30)","decl":{"start":{"line":361,"column":2},"end":{"line":361,"column":18}},"loc":{"start":{"line":361,"column":18},"end":{"line":413,"column":3}}},"30":{"name":"(anonymous_31)","decl":{"start":{"line":392,"column":39},"end":{"line":392,"column":40}},"loc":{"start":{"line":392,"column":66},"end":{"line":392,"column":75}}},"31":{"name":"(anonymous_32)","decl":{"start":{"line":415,"column":2},"end":{"line":415,"column":13}},"loc":{"start":{"line":415,"column":35},"end":{"line":435,"column":3}}},"32":{"name":"(anonymous_33)","decl":{"start":{"line":437,"column":2},"end":{"line":437,"column":11}},"loc":{"start":{"line":437,"column":11},"end":{"line":470,"column":3}}},"33":{"name":"(anonymous_34)","decl":{"start":{"line":472,"column":2},"end":{"line":472,"column":19}},"loc":{"start":{"line":472,"column":32},"end":{"line":477,"column":3}}},"34":{"name":"(anonymous_35)","decl":{"start":{"line":476,"column":32},"end":{"line":476,"column":33}},"loc":{"start":{"line":476,"column":38},"end":{"line":476,"column":86}}},"35":{"name":"(anonymous_36)","decl":{"start":{"line":479,"column":2},"end":{"line":479,"column":28}},"loc":{"start":{"line":479,"column":41},"end":{"line":482,"column":3}}},"36":{"name":"(anonymous_37)","decl":{"start":{"line":481,"column":32},"end":{"line":481,"column":33}},"loc":{"start":{"line":481,"column":38},"end":{"line":481,"column":56}}},"37":{"name":"(anonymous_38)","decl":{"start":{"line":484,"column":2},"end":{"line":484,"column":19}},"loc":{"start":{"line":484,"column":40},"end":{"line":487,"column":3}}},"38":{"name":"(anonymous_39)","decl":{"start":{"line":489,"column":2},"end":{"line":489,"column":19}},"loc":{"start":{"line":489,"column":40},"end":{"line":492,"column":3}}},"39":{"name":"(anonymous_40)","decl":{"start":{"line":495,"column":2},"end":{"line":495,"column":15}},"loc":{"start":{"line":495,"column":28},"end":{"line":502,"column":3}}},"40":{"name":"(anonymous_41)","decl":{"start":{"line":504,"column":2},"end":{"line":504,"column":15}},"loc":{"start":{"line":504,"column":42},"end":{"line":515,"column":3}}},"41":{"name":"(anonymous_42)","decl":{"start":{"line":518,"column":2},"end":{"line":518,"column":18}},"loc":{"start":{"line":518,"column":18},"end":{"line":548,"column":3}}},"42":{"name":"(anonymous_43)","decl":{"start":{"line":550,"column":2},"end":{"line":550,"column":13}},"loc":{"start":{"line":550,"column":13},"end":{"line":553,"column":3}}},"43":{"name":"(anonymous_44)","decl":{"start":{"line":556,"column":2},"end":{"line":556,"column":14}},"loc":{"start":{"line":556,"column":14},"end":{"line":561,"column":3}}},"44":{"name":"(anonymous_45)","decl":{"start":{"line":563,"column":2},"end":{"line":563,"column":7}},"loc":{"start":{"line":563,"column":29},"end":{"line":612,"column":3}}},"45":{"name":"(anonymous_46)","decl":{"start":{"line":614,"column":2},"end":{"line":614,"column":15}},"loc":{"start":{"line":614,"column":15},"end":{"line":616,"column":3}}},"46":{"name":"(anonymous_47)","decl":{"start":{"line":618,"column":2},"end":{"line":618,"column":14}},"loc":{"start":{"line":618,"column":27},"end":{"line":654,"column":3}}},"47":{"name":"(anonymous_48)","decl":{"start":{"line":630,"column":20},"end":{"line":630,"column":21}},"loc":{"start":{"line":630,"column":24},"end":{"line":646,"column":5}}},"48":{"name":"(anonymous_49)","decl":{"start":{"line":648,"column":21},"end":{"line":648,"column":24}},"loc":{"start":{"line":648,"column":26},"end":{"line":651,"column":5}}},"49":{"name":"(anonymous_50)","decl":{"start":{"line":656,"column":10},"end":{"line":656,"column":22}},"loc":{"start":{"line":656,"column":35},"end":{"line":665,"column":3}}},"50":{"name":"(anonymous_51)","decl":{"start":{"line":667,"column":2},"end":{"line":667,"column":14}},"loc":{"start":{"line":667,"column":14},"end":{"line":669,"column":3}}},"51":{"name":"(anonymous_52)","decl":{"start":{"line":671,"column":2},"end":{"line":671,"column":14}},"loc":{"start":{"line":671,"column":14},"end":{"line":675,"column":3}}},"52":{"name":"(anonymous_53)","decl":{"start":{"line":677,"column":2},"end":{"line":677,"column":24}},"loc":{"start":{"line":677,"column":24},"end":{"line":681,"column":3}}},"53":{"name":"(anonymous_54)","decl":{"start":{"line":683,"column":2},"end":{"line":683,"column":24}},"loc":{"start":{"line":683,"column":24},"end":{"line":687,"column":3}}},"54":{"name":"(anonymous_55)","decl":{"start":{"line":690,"column":2},"end":{"line":690,"column":14}},"loc":{"start":{"line":690,"column":14},"end":{"line":697,"column":3}}},"55":{"name":"(anonymous_56)","decl":{"start":{"line":696,"column":32},"end":{"line":696,"column":42}},"loc":{"start":{"line":696,"column":46},"end":{"line":696,"column":75}}},"56":{"name":"(anonymous_57)","decl":{"start":{"line":699,"column":2},"end":{"line":699,"column":17}},"loc":{"start":{"line":699,"column":31},"end":{"line":701,"column":3}}},"57":{"name":"(anonymous_58)","decl":{"start":{"line":700,"column":32},"end":{"line":700,"column":42}},"loc":{"start":{"line":700,"column":46},"end":{"line":700,"column":86}}},"58":{"name":"(anonymous_59)","decl":{"start":{"line":700,"column":64},"end":{"line":700,"column":65}},"loc":{"start":{"line":700,"column":74},"end":{"line":700,"column":85}}},"59":{"name":"(anonymous_60)","decl":{"start":{"line":703,"column":2},"end":{"line":703,"column":21}},"loc":{"start":{"line":703,"column":49},"end":{"line":708,"column":3}}},"60":{"name":"(anonymous_61)","decl":{"start":{"line":705,"column":32},"end":{"line":705,"column":42}},"loc":{"start":{"line":706,"column":6},"end":{"line":706,"column":66}}},"61":{"name":"(anonymous_62)","decl":{"start":{"line":706,"column":21},"end":{"line":706,"column":22}},"loc":{"start":{"line":706,"column":32},"end":{"line":706,"column":64}}},"62":{"name":"(anonymous_63)","decl":{"start":{"line":710,"column":2},"end":{"line":710,"column":23}},"loc":{"start":{"line":710,"column":51},"end":{"line":715,"column":3}}},"63":{"name":"(anonymous_64)","decl":{"start":{"line":712,"column":32},"end":{"line":712,"column":42}},"loc":{"start":{"line":713,"column":6},"end":{"line":713,"column":68}}},"64":{"name":"(anonymous_65)","decl":{"start":{"line":713,"column":21},"end":{"line":713,"column":22}},"loc":{"start":{"line":713,"column":32},"end":{"line":713,"column":66}}},"65":{"name":"(anonymous_66)","decl":{"start":{"line":787,"column":2},"end":{"line":787,"column":16}},"loc":{"start":{"line":787,"column":16},"end":{"line":789,"column":3}}},"66":{"name":"(anonymous_67)","decl":{"start":{"line":792,"column":2},"end":{"line":792,"column":30}},"loc":{"start":{"line":792,"column":30},"end":{"line":795,"column":3}}},"67":{"name":"(anonymous_68)","decl":{"start":{"line":798,"column":2},"end":{"line":798,"column":16}},"loc":{"start":{"line":798,"column":16},"end":{"line":806,"column":3}}},"68":{"name":"(anonymous_69)","decl":{"start":{"line":805,"column":25},"end":{"line":805,"column":29}},"loc":{"start":{"line":805,"column":34},"end":{"line":805,"column":71}}},"69":{"name":"(anonymous_70)","decl":{"start":{"line":808,"column":2},"end":{"line":808,"column":13}},"loc":{"start":{"line":808,"column":28},"end":{"line":816,"column":3}}},"70":{"name":"(anonymous_71)","decl":{"start":{"line":818,"column":2},"end":{"line":818,"column":23}},"loc":{"start":{"line":818,"column":41},"end":{"line":826,"column":3}}},"71":{"name":"(anonymous_72)","decl":{"start":{"line":828,"column":2},"end":{"line":828,"column":22}},"loc":{"start":{"line":828,"column":35},"end":{"line":831,"column":3}}},"72":{"name":"(anonymous_73)","decl":{"start":{"line":834,"column":2},"end":{"line":834,"column":17}},"loc":{"start":{"line":834,"column":35},"end":{"line":851,"column":3}}}},"branchMap":{"0":{"loc":{"start":{"line":735,"column":13},"end":{"line":735,"column":61}},"type":"binary-expr","locations":[{"start":{"line":735,"column":13},"end":{"line":735,"column":36}},{"start":{"line":735,"column":40},"end":{"line":735,"column":61}}]},"1":{"loc":{"start":{"line":744,"column":4},"end":{"line":752,"column":5}},"type":"if","locations":[{"start":{"line":744,"column":4},"end":{"line":752,"column":5}},{"start":{},"end":{}}]},"2":{"loc":{"start":{"line":767,"column":29},"end":{"line":767,"column":53}},"type":"binary-expr","locations":[{"start":{"line":767,"column":29},"end":{"line":767,"column":48}},{"start":{"line":767,"column":52},"end":{"line":767,"column":53}}]},"3":{"loc":{"start":{"line":770,"column":42},"end":{"line":770,"column":79}},"type":"binary-expr","locations":[{"start":{"line":770,"column":42},"end":{"line":770,"column":74}},{"start":{"line":770,"column":78},"end":{"line":770,"column":79}}]},"4":{"loc":{"start":{"line":773,"column":6},"end":{"line":777,"column":7}},"type":"if","locations":[{"start":{"line":773,"column":6},"end":{"line":777,"column":7}},{"start":{},"end":{}}]},"5":{"loc":{"start":{"line":775,"column":42},"end":{"line":775,"column":75}},"type":"binary-expr","locations":[{"start":{"line":775,"column":42},"end":{"line":775,"column":70}},{"start":{"line":775,"column":74},"end":{"line":775,"column":75}}]},"6":{"loc":{"start":{"line":159,"column":24},"end":{"line":159,"column":71}},"type":"binary-expr","locations":[{"start":{"line":159,"column":24},"end":{"line":159,"column":35}},{"start":{"line":159,"column":40},"end":{"line":159,"column":70}}]},"7":{"loc":{"start":{"line":159,"column":40},"end":{"line":159,"column":70}},"type":"cond-expr","locations":[{"start":{"line":159,"column":54},"end":{"line":159,"column":60}},{"start":{"line":159,"column":63},"end":{"line":159,"column":70}}]},"8":{"loc":{"start":{"line":164,"column":6},"end":{"line":168,"column":7}},"type":"if","locations":[{"start":{"line":164,"column":6},"end":{"line":168,"column":7}},{"start":{"line":166,"column":13},"end":{"line":168,"column":7}}]},"9":{"loc":{"start":{"line":180,"column":8},"end":{"line":183,"column":9}},"type":"if","locations":[{"start":{"line":180,"column":8},"end":{"line":183,"column":9}},{"start":{},"end":{}}]},"10":{"loc":{"start":{"line":180,"column":12},"end":{"line":180,"column":53}},"type":"binary-expr","locations":[{"start":{"line":180,"column":13},"end":{"line":180,"column":22}},{"start":{"line":180,"column":26},"end":{"line":180,"column":35}},{"start":{"line":180,"column":40},"end":{"line":180,"column":53}}]},"11":{"loc":{"start":{"line":185,"column":8},"end":{"line":188,"column":9}},"type":"if","locations":[{"start":{"line":185,"column":8},"end":{"line":188,"column":9}},{"start":{},"end":{}}]},"12":{"loc":{"start":{"line":185,"column":12},"end":{"line":185,"column":63}},"type":"binary-expr","locations":[{"start":{"line":185,"column":12},"end":{"line":185,"column":30}},{"start":{"line":185,"column":34},"end":{"line":185,"column":63}}]},"13":{"loc":{"start":{"line":190,"column":8},"end":{"line":193,"column":9}},"type":"if","locations":[{"start":{"line":190,"column":8},"end":{"line":193,"column":9}},{"start":{},"end":{}}]},"14":{"loc":{"start":{"line":190,"column":12},"end":{"line":190,"column":90}},"type":"binary-expr","locations":[{"start":{"line":190,"column":13},"end":{"line":190,"column":22}},{"start":{"line":190,"column":26},"end":{"line":190,"column":35}},{"start":{"line":190,"column":40},"end":{"line":190,"column":53}},{"start":{"line":190,"column":57},"end":{"line":190,"column":90}}]},"15":{"loc":{"start":{"line":205,"column":8},"end":{"line":207,"column":9}},"type":"if","locations":[{"start":{"line":205,"column":8},"end":{"line":207,"column":9}},{"start":{},"end":{}}]},"16":{"loc":{"start":{"line":216,"column":4},"end":{"line":222,"column":5}},"type":"if","locations":[{"start":{"line":216,"column":4},"end":{"line":222,"column":5}},{"start":{"line":220,"column":11},"end":{"line":222,"column":5}}]},"17":{"loc":{"start":{"line":219,"column":31},"end":{"line":219,"column":45}},"type":"binary-expr","locations":[{"start":{"line":219,"column":31},"end":{"line":219,"column":39}},{"start":{"line":219,"column":43},"end":{"line":219,"column":45}}]},"18":{"loc":{"start":{"line":232,"column":4},"end":{"line":241,"column":5}},"type":"if","locations":[{"start":{"line":232,"column":4},"end":{"line":241,"column":5}},{"start":{"line":238,"column":11},"end":{"line":241,"column":5}}]},"19":{"loc":{"start":{"line":232,"column":8},"end":{"line":232,"column":32}},"type":"binary-expr","locations":[{"start":{"line":232,"column":8},"end":{"line":232,"column":19}},{"start":{"line":232,"column":23},"end":{"line":232,"column":32}}]},"20":{"loc":{"start":{"line":236,"column":30},"end":{"line":236,"column":49}},"type":"binary-expr","locations":[{"start":{"line":236,"column":30},"end":{"line":236,"column":43}},{"start":{"line":236,"column":47},"end":{"line":236,"column":49}}]},"21":{"loc":{"start":{"line":237,"column":28},"end":{"line":237,"column":45}},"type":"binary-expr","locations":[{"start":{"line":237,"column":28},"end":{"line":237,"column":39}},{"start":{"line":237,"column":43},"end":{"line":237,"column":45}}]},"22":{"loc":{"start":{"line":244,"column":4},"end":{"line":246,"column":5}},"type":"if","locations":[{"start":{"line":244,"column":4},"end":{"line":246,"column":5}},{"start":{},"end":{}}]},"23":{"loc":{"start":{"line":253,"column":4},"end":{"line":258,"column":5}},"type":"if","locations":[{"start":{"line":253,"column":4},"end":{"line":258,"column":5}},{"start":{},"end":{}}]},"24":{"loc":{"start":{"line":279,"column":4},"end":{"line":294,"column":5}},"type":"if","locations":[{"start":{"line":279,"column":4},"end":{"line":294,"column":5}},{"start":{},"end":{}}]},"25":{"loc":{"start":{"line":292,"column":15},"end":{"line":292,"column":87}},"type":"binary-expr","locations":[{"start":{"line":292,"column":15},"end":{"line":292,"column":49}},{"start":{"line":292,"column":53},"end":{"line":292,"column":87}}]},"26":{"loc":{"start":{"line":330,"column":4},"end":{"line":343,"column":5}},"type":"if","locations":[{"start":{"line":330,"column":4},"end":{"line":343,"column":5}},{"start":{"line":338,"column":11},"end":{"line":343,"column":5}}]},"27":{"loc":{"start":{"line":330,"column":8},"end":{"line":330,"column":56}},"type":"binary-expr","locations":[{"start":{"line":330,"column":8},"end":{"line":330,"column":18}},{"start":{"line":330,"column":22},"end":{"line":330,"column":32}},{"start":{"line":330,"column":36},"end":{"line":330,"column":44}},{"start":{"line":330,"column":48},"end":{"line":330,"column":56}}]},"28":{"loc":{"start":{"line":334,"column":30},"end":{"line":334,"column":69}},"type":"binary-expr","locations":[{"start":{"line":334,"column":30},"end":{"line":334,"column":63}},{"start":{"line":334,"column":67},"end":{"line":334,"column":69}}]},"29":{"loc":{"start":{"line":336,"column":28},"end":{"line":336,"column":65}},"type":"binary-expr","locations":[{"start":{"line":336,"column":28},"end":{"line":336,"column":59}},{"start":{"line":336,"column":63},"end":{"line":336,"column":65}}]},"30":{"loc":{"start":{"line":347,"column":24},"end":{"line":347,"column":41}},"type":"binary-expr","locations":[{"start":{"line":347,"column":24},"end":{"line":347,"column":35}},{"start":{"line":347,"column":39},"end":{"line":347,"column":41}}]},"31":{"loc":{"start":{"line":348,"column":32},"end":{"line":348,"column":56}},"type":"binary-expr","locations":[{"start":{"line":348,"column":32},"end":{"line":348,"column":51}},{"start":{"line":348,"column":55},"end":{"line":348,"column":56}}]},"32":{"loc":{"start":{"line":350,"column":49},"end":{"line":350,"column":71}},"type":"binary-expr","locations":[{"start":{"line":350,"column":49},"end":{"line":350,"column":65}},{"start":{"line":350,"column":69},"end":{"line":350,"column":71}}]},"33":{"loc":{"start":{"line":355,"column":4},"end":{"line":357,"column":5}},"type":"if","locations":[{"start":{"line":355,"column":4},"end":{"line":357,"column":5}},{"start":{},"end":{}}]},"34":{"loc":{"start":{"line":363,"column":4},"end":{"line":366,"column":5}},"type":"if","locations":[{"start":{"line":363,"column":4},"end":{"line":366,"column":5}},{"start":{},"end":{}}]},"35":{"loc":{"start":{"line":372,"column":4},"end":{"line":375,"column":5}},"type":"if","locations":[{"start":{"line":372,"column":4},"end":{"line":375,"column":5}},{"start":{},"end":{}}]},"36":{"loc":{"start":{"line":386,"column":18},"end":{"line":386,"column":78}},"type":"cond-expr","locations":[{"start":{"line":386,"column":44},"end":{"line":386,"column":66}},{"start":{"line":386,"column":69},"end":{"line":386,"column":78}}]},"37":{"loc":{"start":{"line":387,"column":13},"end":{"line":387,"column":43}},"type":"binary-expr","locations":[{"start":{"line":387,"column":13},"end":{"line":387,"column":30}},{"start":{"line":387,"column":34},"end":{"line":387,"column":43}}]},"38":{"loc":{"start":{"line":388,"column":21},"end":{"line":388,"column":90}},"type":"cond-expr","locations":[{"start":{"line":388,"column":53},"end":{"line":388,"column":78}},{"start":{"line":388,"column":81},"end":{"line":388,"column":90}}]},"39":{"loc":{"start":{"line":391,"column":8},"end":{"line":393,"column":21}},"type":"cond-expr","locations":[{"start":{"line":392,"column":12},"end":{"line":392,"column":76}},{"start":{"line":393,"column":12},"end":{"line":393,"column":21}}]},"40":{"loc":{"start":{"line":398,"column":4},"end":{"line":412,"column":5}},"type":"if","locations":[{"start":{"line":398,"column":4},"end":{"line":412,"column":5}},{"start":{"line":408,"column":11},"end":{"line":412,"column":5}}]},"41":{"loc":{"start":{"line":400,"column":6},"end":{"line":407,"column":7}},"type":"if","locations":[{"start":{"line":400,"column":6},"end":{"line":407,"column":7}},{"start":{"line":402,"column":13},"end":{"line":407,"column":7}}]},"42":{"loc":{"start":{"line":418,"column":4},"end":{"line":418,"column":39}},"type":"if","locations":[{"start":{"line":418,"column":4},"end":{"line":418,"column":39}},{"start":{},"end":{}}]},"43":{"loc":{"start":{"line":418,"column":8},"end":{"line":418,"column":30}},"type":"binary-expr","locations":[{"start":{"line":418,"column":8},"end":{"line":418,"column":16}},{"start":{"line":418,"column":20},"end":{"line":418,"column":30}}]},"44":{"loc":{"start":{"line":420,"column":4},"end":{"line":432,"column":5}},"type":"if","locations":[{"start":{"line":420,"column":4},"end":{"line":432,"column":5}},{"start":{"line":423,"column":11},"end":{"line":432,"column":5}}]},"45":{"loc":{"start":{"line":448,"column":4},"end":{"line":459,"column":5}},"type":"if","locations":[{"start":{"line":448,"column":4},"end":{"line":459,"column":5}},{"start":{"line":454,"column":11},"end":{"line":459,"column":5}}]},"46":{"loc":{"start":{"line":448,"column":8},"end":{"line":448,"column":56}},"type":"binary-expr","locations":[{"start":{"line":448,"column":8},"end":{"line":448,"column":18}},{"start":{"line":448,"column":22},"end":{"line":448,"column":32}},{"start":{"line":448,"column":36},"end":{"line":448,"column":44}},{"start":{"line":448,"column":48},"end":{"line":448,"column":56}}]},"47":{"loc":{"start":{"line":450,"column":30},"end":{"line":450,"column":67}},"type":"binary-expr","locations":[{"start":{"line":450,"column":30},"end":{"line":450,"column":61}},{"start":{"line":450,"column":65},"end":{"line":450,"column":67}}]},"48":{"loc":{"start":{"line":452,"column":28},"end":{"line":452,"column":74}},"type":"binary-expr","locations":[{"start":{"line":452,"column":28},"end":{"line":452,"column":68}},{"start":{"line":452,"column":72},"end":{"line":452,"column":74}}]},"49":{"loc":{"start":{"line":475,"column":32},"end":{"line":475,"column":78}},"type":"binary-expr","locations":[{"start":{"line":475,"column":33},"end":{"line":475,"column":49}},{"start":{"line":475,"column":53},"end":{"line":475,"column":72}},{"start":{"line":475,"column":77},"end":{"line":475,"column":78}}]},"50":{"loc":{"start":{"line":497,"column":4},"end":{"line":501,"column":5}},"type":"if","locations":[{"start":{"line":497,"column":4},"end":{"line":501,"column":5}},{"start":{"line":499,"column":11},"end":{"line":501,"column":5}}]},"51":{"loc":{"start":{"line":504,"column":16},"end":{"line":504,"column":42}},"type":"default-arg","locations":[{"start":{"line":504,"column":37},"end":{"line":504,"column":42}}]},"52":{"loc":{"start":{"line":506,"column":4},"end":{"line":506,"column":23}},"type":"if","locations":[{"start":{"line":506,"column":4},"end":{"line":506,"column":23}},{"start":{},"end":{}}]},"53":{"loc":{"start":{"line":508,"column":4},"end":{"line":512,"column":5}},"type":"if","locations":[{"start":{"line":508,"column":4},"end":{"line":512,"column":5}},{"start":{"line":510,"column":11},"end":{"line":512,"column":5}}]},"54":{"loc":{"start":{"line":520,"column":4},"end":{"line":523,"column":5}},"type":"if","locations":[{"start":{"line":520,"column":4},"end":{"line":523,"column":5}},{"start":{},"end":{}}]},"55":{"loc":{"start":{"line":530,"column":6},"end":{"line":533,"column":7}},"type":"if","locations":[{"start":{"line":530,"column":6},"end":{"line":533,"column":7}},{"start":{},"end":{}}]},"56":{"loc":{"start":{"line":536,"column":6},"end":{"line":539,"column":7}},"type":"if","locations":[{"start":{"line":536,"column":6},"end":{"line":539,"column":7}},{"start":{},"end":{}}]},"57":{"loc":{"start":{"line":536,"column":10},"end":{"line":536,"column":64}},"type":"binary-expr","locations":[{"start":{"line":536,"column":10},"end":{"line":536,"column":35}},{"start":{"line":536,"column":39},"end":{"line":536,"column":64}}]},"58":{"loc":{"start":{"line":567,"column":4},"end":{"line":569,"column":5}},"type":"if","locations":[{"start":{"line":567,"column":4},"end":{"line":569,"column":5}},{"start":{},"end":{}}]},"59":{"loc":{"start":{"line":571,"column":4},"end":{"line":611,"column":5}},"type":"if","locations":[{"start":{"line":571,"column":4},"end":{"line":611,"column":5}},{"start":{"line":597,"column":11},"end":{"line":611,"column":5}}]},"60":{"loc":{"start":{"line":573,"column":6},"end":{"line":576,"column":7}},"type":"if","locations":[{"start":{"line":573,"column":6},"end":{"line":576,"column":7}},{"start":{},"end":{}}]},"61":{"loc":{"start":{"line":600,"column":6},"end":{"line":600,"column":30}},"type":"if","locations":[{"start":{"line":600,"column":6},"end":{"line":600,"column":30}},{"start":{},"end":{}}]},"62":{"loc":{"start":{"line":620,"column":4},"end":{"line":620,"column":22}},"type":"if","locations":[{"start":{"line":620,"column":4},"end":{"line":620,"column":22}},{"start":{},"end":{}}]},"63":{"loc":{"start":{"line":622,"column":4},"end":{"line":625,"column":5}},"type":"if","locations":[{"start":{"line":622,"column":4},"end":{"line":625,"column":5}},{"start":{},"end":{}}]},"64":{"loc":{"start":{"line":632,"column":6},"end":{"line":643,"column":7}},"type":"if","locations":[{"start":{"line":632,"column":6},"end":{"line":643,"column":7}},{"start":{},"end":{}}]},"65":{"loc":{"start":{"line":633,"column":8},"end":{"line":640,"column":9}},"type":"if","locations":[{"start":{"line":633,"column":8},"end":{"line":640,"column":9}},{"start":{},"end":{}}]},"66":{"loc":{"start":{"line":658,"column":4},"end":{"line":664,"column":5}},"type":"if","locations":[{"start":{"line":658,"column":4},"end":{"line":664,"column":5}},{"start":{"line":661,"column":11},"end":{"line":664,"column":5}}]},"67":{"loc":{"start":{"line":662,"column":76},"end":{"line":662,"column":127}},"type":"cond-expr","locations":[{"start":{"line":662,"column":97},"end":{"line":662,"column":122}},{"start":{"line":662,"column":125},"end":{"line":662,"column":127}}]},"68":{"loc":{"start":{"line":706,"column":32},"end":{"line":706,"column":64}},"type":"cond-expr","locations":[{"start":{"line":706,"column":46},"end":{"line":706,"column":60}},{"start":{"line":706,"column":63},"end":{"line":706,"column":64}}]},"69":{"loc":{"start":{"line":713,"column":32},"end":{"line":713,"column":66}},"type":"cond-expr","locations":[{"start":{"line":713,"column":46},"end":{"line":713,"column":62}},{"start":{"line":713,"column":65},"end":{"line":713,"column":66}}]},"70":{"loc":{"start":{"line":801,"column":4},"end":{"line":804,"column":5}},"type":"if","locations":[{"start":{"line":801,"column":4},"end":{"line":804,"column":5}},{"start":{},"end":{}}]},"71":{"loc":{"start":{"line":805,"column":34},"end":{"line":805,"column":71}},"type":"cond-expr","locations":[{"start":{"line":805,"column":52},"end":{"line":805,"column":62}},{"start":{"line":805,"column":65},"end":{"line":805,"column":71}}]},"72":{"loc":{"start":{"line":811,"column":4},"end":{"line":814,"column":5}},"type":"if","locations":[{"start":{"line":811,"column":4},"end":{"line":814,"column":5}},{"start":{},"end":{}}]},"73":{"loc":{"start":{"line":811,"column":8},"end":{"line":811,"column":53}},"type":"binary-expr","locations":[{"start":{"line":811,"column":8},"end":{"line":811,"column":34}},{"start":{"line":811,"column":38},"end":{"line":811,"column":53}}]},"74":{"loc":{"start":{"line":819,"column":4},"end":{"line":825,"column":5}},"type":"if","locations":[{"start":{"line":819,"column":4},"end":{"line":825,"column":5}},{"start":{"line":823,"column":11},"end":{"line":825,"column":5}}]}},"s":{"0":1,"1":1,"2":1,"3":1,"4":1,"5":1,"6":1,"7":1,"8":1,"9":1,"10":1,"11":1,"12":1,"13":1,"14":1,"15":56,"16":56,"17":56,"18":56,"19":56,"20":56,"21":56,"22":56,"23":56,"24":56,"25":56,"26":56,"27":56,"28":56,"29":56,"30":56,"31":56,"32":56,"33":56,"34":56,"35":56,"36":56,"37":56,"38":56,"39":56,"40":56,"41":56,"42":56,"43":56,"44":56,"45":56,"46":56,"47":56,"48":56,"49":56,"50":56,"51":56,"52":56,"53":56,"54":56,"55":56,"56":56,"57":56,"58":56,"59":56,"60":56,"61":12,"62":56,"63":12,"64":56,"65":12,"66":397,"67":56,"68":10,"69":10,"70":10,"71":56,"72":8,"73":8,"74":8,"75":8,"76":8,"77":56,"78":8,"79":8,"80":14,"81":14,"82":56,"83":8,"84":8,"85":1,"86":7,"87":7,"88":12,"89":12,"90":12,"91":12,"92":12,"93":10,"94":15,"95":7,"96":56,"97":0,"98":56,"99":0,"100":56,"101":56,"102":56,"103":56,"104":56,"105":9,"106":9,"107":9,"108":4,"109":5,"110":56,"111":6,"112":56,"113":6,"114":0,"115":0,"116":0,"117":0,"118":0,"119":0,"120":0,"121":0,"122":0,"123":6,"124":6,"125":0,"126":56,"127":6,"128":0,"129":56,"130":56,"131":56,"132":0,"133":0,"134":0,"135":56,"136":56,"137":56,"138":56,"139":56,"140":56,"141":0,"142":0,"143":0,"144":0,"145":0,"146":56,"147":56,"148":56,"149":0,"150":56,"151":56,"152":56,"153":0,"154":0,"155":0,"156":12,"157":12,"158":12,"159":1,"160":1,"161":1,"162":1,"163":1,"164":1,"165":1,"166":100,"167":100,"168":100,"169":11,"170":11,"171":304,"172":1,"173":1,"174":37,"175":6,"176":18,"177":18,"178":18,"179":6,"180":6,"181":6,"182":6,"183":6,"184":6,"185":6,"186":0,"187":0,"188":0,"189":0,"190":0,"191":0,"192":0,"193":6,"194":6,"195":6,"196":6,"197":6,"198":6,"199":6,"200":6,"201":6,"202":2,"203":6,"204":6,"205":1,"206":6,"207":12,"208":1,"209":1,"210":11,"211":11,"212":11,"213":0,"214":0,"215":11,"216":11,"217":3,"218":10,"219":10,"220":3,"221":3,"222":0,"223":3,"224":3,"225":3,"226":3,"227":7,"228":7,"229":7,"230":0,"231":0,"232":0,"233":0,"234":0,"235":0,"236":0,"237":0,"238":0,"239":0,"240":0,"241":87,"242":87,"243":87,"244":87,"245":87,"246":87,"247":87,"248":87,"249":0,"250":0,"251":0,"252":0,"253":0,"254":87,"255":87,"256":87,"257":87,"258":87,"259":87,"260":87,"261":87,"262":87,"263":87,"264":87,"265":87,"266":87,"267":0,"268":0,"269":0,"270":0,"271":0,"272":0,"273":0,"274":0,"275":1,"276":1,"277":5,"278":5,"279":1,"280":4,"281":3,"282":3,"283":0,"284":3,"285":1,"286":2,"287":3,"288":3,"289":0,"290":0,"291":0,"292":0,"293":0,"294":0,"295":0,"296":0,"297":0,"298":0,"299":0,"300":0,"301":0,"302":0,"303":0,"304":0,"305":0,"306":1,"307":1,"308":1,"309":1,"310":1,"311":1,"312":2,"313":2,"314":2,"315":0,"316":2,"317":1,"318":1,"319":0,"320":0,"321":1,"322":1,"323":1,"324":1,"325":1,"326":1,"327":1,"328":1,"329":1,"330":1,"331":1,"332":1,"333":1,"334":0,"335":0,"336":1,"337":1,"338":1,"339":0,"340":1,"341":1,"342":1,"343":1,"344":0,"345":1,"346":1,"347":0,"348":2,"349":2,"350":0,"351":2,"352":0,"353":0,"354":2,"355":2,"356":2,"357":2,"358":2,"359":2,"360":1,"361":1,"362":1,"363":1,"364":1,"365":1,"366":1,"367":1,"368":1,"369":2,"370":0,"371":0,"372":2,"373":2,"374":2,"375":2,"376":2,"377":0,"378":0,"379":2,"380":1,"381":1,"382":1,"383":0,"384":0,"385":0,"386":0,"387":8,"388":8,"389":8,"390":1,"391":1,"392":2,"393":4,"394":4,"395":4,"396":5,"397":4,"398":4,"399":4,"400":5,"401":0,"402":0,"403":0,"404":0,"405":0,"406":0,"407":0,"408":0,"409":0,"410":0,"411":0,"412":0,"413":0,"414":0,"415":0,"416":0,"417":0,"418":0,"419":0,"420":0,"421":1,"422":1},"f":{"0":56,"1":12,"2":12,"3":12,"4":397,"5":10,"6":8,"7":8,"8":14,"9":8,"10":0,"11":0,"12":9,"13":6,"14":6,"15":0,"16":0,"17":6,"18":56,"19":12,"20":100,"21":304,"22":1,"23":1,"24":37,"25":6,"26":18,"27":6,"28":2,"29":12,"30":3,"31":0,"32":87,"33":0,"34":0,"35":0,"36":0,"37":1,"38":1,"39":5,"40":3,"41":0,"42":1,"43":1,"44":2,"45":0,"46":2,"47":2,"48":0,"49":2,"50":2,"51":1,"52":0,"53":0,"54":8,"55":8,"56":1,"57":1,"58":2,"59":4,"60":4,"61":5,"62":4,"63":4,"64":5,"65":0,"66":0,"67":0,"68":0,"69":0,"70":0,"71":0,"72":0},"b":{"0":[14,12],"1":[1,7],"2":[12,2],"3":[12,12],"4":[10,2],"5":[15,10],"6":[56,54],"7":[1,53],"8":[4,5],"9":[0,0],"10":[0,0,0],"11":[0,0],"12":[0,0],"13":[0,0],"14":[0,0,0,0],"15":[0,6],"16":[0,56],"17":[0,0],"18":[0,56],"19":[56,56],"20":[0,0],"21":[0,0],"22":[0,56],"23":[0,56],"24":[1,11],"25":[100,6],"26":[0,6],"27":[6,6,6,6],"28":[0,0],"29":[0,0],"30":[6,5],"31":[6,4],"32":[6,4],"33":[1,5],"34":[1,11],"35":[0,11],"36":[0,10],"37":[10,8],"38":[4,6],"39":[3,7],"40":[3,7],"41":[0,3],"42":[0,0],"43":[0,0],"44":[0,0],"45":[0,87],"46":[87,87,87,87],"47":[0,0],"48":[0,0],"49":[0,0,0],"50":[1,4],"51":[2],"52":[0,3],"53":[1,2],"54":[0,0],"55":[0,0],"56":[0,0],"57":[0,0],"58":[0,2],"59":[1,1],"60":[0,1],"61":[0,1],"62":[0,2],"63":[0,2],"64":[2,0],"65":[1,1],"66":[2,0],"67":[0,0],"68":[4,1],"69":[4,1],"70":[0,0],"71":[0,0],"72":[0,0],"73":[0,0],"74":[0,0]}}
,"/home/user/EasyTurno_C_PWA/src/components/calendar.component.ts": {"path":"/home/user/EasyTurno_C_PWA/src/components/calendar.component.ts","statementMap":{"0":{"start":{"line":1,"column":0},"end":{"line":1,"column":null}},"1":{"start":{"line":10,"column":0},"end":{"line":10,"column":63}},"2":{"start":{"line":11,"column":0},"end":{"line":11,"column":69}},"3":{"start":{"line":12,"column":0},"end":{"line":12,"column":56}},"4":{"start":{"line":259,"column":19},"end":{"line":268,"column":4}},"5":{"start":{"line":270,"column":11},"end":{"line":270,"column":null}},"6":{"start":{"line":271,"column":2},"end":{"line":271,"column":null}},"7":{"start":{"line":272,"column":2},"end":{"line":272,"column":null}},"8":{"start":{"line":275,"column":10},"end":{"line":275,"column":26}},"9":{"start":{"line":276,"column":10},"end":{"line":276,"column":24}},"10":{"start":{"line":277,"column":10},"end":{"line":277,"column":26}},"11":{"start":{"line":278,"column":10},"end":{"line":278,"column":27}},"12":{"start":{"line":279,"column":19},"end":{"line":279,"column":40}},"13":{"start":{"line":280,"column":19},"end":{"line":280,"column":43}},"14":{"start":{"line":283,"column":11},"end":{"line":283,"column":52}},"15":{"start":{"line":285,"column":2},"end":{"line":285,"column":44}},"16":{"start":{"line":286,"column":10},"end":{"line":286,"column":58}},"17":{"start":{"line":288,"column":19},"end":{"line":290,"column":4}},"18":{"start":{"line":289,"column":4},"end":{"line":289,"column":67}},"19":{"start":{"line":293,"column":11},"end":{"line":293,"column":94}},"20":{"start":{"line":293,"column":41},"end":{"line":293,"column":92}},"21":{"start":{"line":295,"column":11},"end":{"line":297,"column":4}},"22":{"start":{"line":296,"column":4},"end":{"line":296,"column":89}},"23":{"start":{"line":300,"column":11},"end":{"line":308,"column":5}},"24":{"start":{"line":301,"column":41},"end":{"line":301,"column":43}},"25":{"start":{"line":302,"column":4},"end":{"line":306,"column":5}},"26":{"start":{"line":303,"column":6},"end":{"line":305,"column":7}},"27":{"start":{"line":304,"column":8},"end":{"line":304,"column":42}},"28":{"start":{"line":307,"column":4},"end":{"line":307,"column":15}},"29":{"start":{"line":310,"column":11},"end":{"line":315,"column":5}},"30":{"start":{"line":311,"column":21},"end":{"line":311,"column":40}},"31":{"start":{"line":312,"column":4},"end":{"line":312,"column":29}},"32":{"start":{"line":312,"column":19},"end":{"line":312,"column":29}},"33":{"start":{"line":313,"column":20},"end":{"line":313,"column":66}},"34":{"start":{"line":314,"column":4},"end":{"line":314,"column":45}},"35":{"start":{"line":319,"column":4},"end":{"line":319,"column":41}},"36":{"start":{"line":320,"column":4},"end":{"line":320,"column":26}},"37":{"start":{"line":324,"column":4},"end":{"line":324,"column":37}},"38":{"start":{"line":325,"column":4},"end":{"line":325,"column":26}},"39":{"start":{"line":329,"column":4},"end":{"line":329,"column":37}},"40":{"start":{"line":330,"column":4},"end":{"line":330,"column":26}},"41":{"start":{"line":335,"column":20},"end":{"line":335,"column":39}},"42":{"start":{"line":336,"column":4},"end":{"line":341,"column":5}},"43":{"start":{"line":337,"column":6},"end":{"line":337,"column":28}},"44":{"start":{"line":339,"column":6},"end":{"line":339,"column":34}},"45":{"start":{"line":340,"column":6},"end":{"line":340,"column":34}},"46":{"start":{"line":345,"column":4},"end":{"line":345,"column":32}},"47":{"start":{"line":346,"column":4},"end":{"line":346,"column":32}},"48":{"start":{"line":350,"column":21},"end":{"line":350,"column":40}},"49":{"start":{"line":351,"column":4},"end":{"line":351,"column":77}},"50":{"start":{"line":355,"column":20},"end":{"line":355,"column":62}},"51":{"start":{"line":356,"column":4},"end":{"line":356,"column":45}},"52":{"start":{"line":360,"column":4},"end":{"line":360,"column":54}},"53":{"start":{"line":364,"column":17},"end":{"line":364,"column":36}},"54":{"start":{"line":365,"column":4},"end":{"line":365,"column":25}},"55":{"start":{"line":365,"column":15},"end":{"line":365,"column":25}},"56":{"start":{"line":366,"column":4},"end":{"line":371,"column":7}},"57":{"start":{"line":376,"column":4},"end":{"line":376,"column":34}},"58":{"start":{"line":380,"column":22},"end":{"line":380,"column":43}},"59":{"start":{"line":381,"column":20},"end":{"line":381,"column":39}},"60":{"start":{"line":383,"column":16},"end":{"line":383,"column":29}},"61":{"start":{"line":384,"column":22},"end":{"line":387,"column":6}},"62":{"start":{"line":389,"column":20},"end":{"line":392,"column":6}},"63":{"start":{"line":394,"column":22},"end":{"line":394,"column":72}},"64":{"start":{"line":396,"column":4},"end":{"line":404,"column":5}},"65":{"start":{"line":397,"column":6},"end":{"line":397,"column":41}},"66":{"start":{"line":399,"column":25},"end":{"line":402,"column":8}},"67":{"start":{"line":403,"column":6},"end":{"line":403,"column":57}},"68":{"start":{"line":409,"column":4},"end":{"line":409,"column":61}},"69":{"start":{"line":410,"column":4},"end":{"line":410,"column":61}},"70":{"start":{"line":411,"column":4},"end":{"line":411,"column":38}},"71":{"start":{"line":412,"column":4},"end":{"line":412,"column":26}},"72":{"start":{"line":416,"column":21},"end":{"line":416,"column":58}},"73":{"start":{"line":417,"column":21},"end":{"line":417,"column":58}},"74":{"start":{"line":418,"column":4},"end":{"line":418,"column":30}},"75":{"start":{"line":420,"column":31},"end":{"line":420,"column":68}},"76":{"start":{"line":421,"column":29},"end":{"line":421,"column":66}},"77":{"start":{"line":423,"column":4},"end":{"line":425,"column":5}},"78":{"start":{"line":424,"column":6},"end":{"line":424,"column":27}},"79":{"start":{"line":429,"column":4},"end":{"line":432,"column":5}},"80":{"start":{"line":430,"column":6},"end":{"line":430,"column":29}},"81":{"start":{"line":431,"column":6},"end":{"line":431,"column":13}},"82":{"start":{"line":434,"column":17},"end":{"line":434,"column":50}},"83":{"start":{"line":436,"column":4},"end":{"line":438,"column":5}},"84":{"start":{"line":437,"column":6},"end":{"line":437,"column":23}},"85":{"start":{"line":440,"column":4},"end":{"line":442,"column":5}},"86":{"start":{"line":441,"column":6},"end":{"line":441,"column":27}},"87":{"start":{"line":444,"column":4},"end":{"line":444,"column":27}},"88":{"start":{"line":448,"column":4},"end":{"line":448,"column":25}},"89":{"start":{"line":449,"column":4},"end":{"line":449,"column":23}},"90":{"start":{"line":450,"column":4},"end":{"line":450,"column":25}},"91":{"start":{"line":451,"column":4},"end":{"line":451,"column":26}},"92":{"start":{"line":455,"column":18},"end":{"line":455,"column":39}},"93":{"start":{"line":456,"column":16},"end":{"line":456,"column":35}},"94":{"start":{"line":458,"column":4},"end":{"line":460,"column":5}},"95":{"start":{"line":459,"column":6},"end":{"line":459,"column":16}},"96":{"start":{"line":462,"column":20},"end":{"line":462,"column":35}},"97":{"start":{"line":463,"column":4},"end":{"line":463,"column":33}},"98":{"start":{"line":465,"column":17},"end":{"line":465,"column":30}},"99":{"start":{"line":466,"column":4},"end":{"line":466,"column":30}},"100":{"start":{"line":468,"column":27},"end":{"line":468,"column":29}},"101":{"start":{"line":469,"column":4},"end":{"line":472,"column":5}},"102":{"start":{"line":470,"column":6},"end":{"line":470,"column":63}},"103":{"start":{"line":471,"column":6},"end":{"line":471,"column":45}},"104":{"start":{"line":474,"column":4},"end":{"line":474,"column":16}},"105":{"start":{"line":258,"column":13},"end":{"line":258,"column":30}},"106":{"start":{"line":258,"column":13},"end":{"line":476,"column":null}}},"fnMap":{"0":{"name":"(anonymous_10)","decl":{"start":{"line":258,"column":7},"end":{"line":258,"column":13}},"loc":{"start":{"line":258,"column":7},"end":{"line":476,"column":null}}},"1":{"name":"(anonymous_11)","decl":{"start":{"line":288,"column":37},"end":{"line":288,"column":40}},"loc":{"start":{"line":289,"column":4},"end":{"line":289,"column":67}}},"2":{"name":"(anonymous_12)","decl":{"start":{"line":293,"column":35},"end":{"line":293,"column":38}},"loc":{"start":{"line":293,"column":41},"end":{"line":293,"column":92}}},"3":{"name":"(anonymous_13)","decl":{"start":{"line":295,"column":32},"end":{"line":295,"column":35}},"loc":{"start":{"line":296,"column":4},"end":{"line":296,"column":89}}},"4":{"name":"(anonymous_14)","decl":{"start":{"line":300,"column":34},"end":{"line":300,"column":37}},"loc":{"start":{"line":300,"column":39},"end":{"line":308,"column":3}}},"5":{"name":"(anonymous_15)","decl":{"start":{"line":310,"column":40},"end":{"line":310,"column":43}},"loc":{"start":{"line":310,"column":45},"end":{"line":315,"column":3}}},"6":{"name":"(anonymous_16)","decl":{"start":{"line":318,"column":2},"end":{"line":318,"column":15}},"loc":{"start":{"line":318,"column":15},"end":{"line":321,"column":3}}},"7":{"name":"(anonymous_17)","decl":{"start":{"line":323,"column":2},"end":{"line":323,"column":11}},"loc":{"start":{"line":323,"column":11},"end":{"line":326,"column":3}}},"8":{"name":"(anonymous_18)","decl":{"start":{"line":328,"column":2},"end":{"line":328,"column":11}},"loc":{"start":{"line":328,"column":11},"end":{"line":331,"column":3}}},"9":{"name":"(anonymous_19)","decl":{"start":{"line":334,"column":2},"end":{"line":334,"column":12}},"loc":{"start":{"line":334,"column":23},"end":{"line":342,"column":3}}},"10":{"name":"(anonymous_20)","decl":{"start":{"line":344,"column":2},"end":{"line":344,"column":16}},"loc":{"start":{"line":344,"column":16},"end":{"line":347,"column":3}}},"11":{"name":"(anonymous_21)","decl":{"start":{"line":349,"column":2},"end":{"line":349,"column":15}},"loc":{"start":{"line":349,"column":26},"end":{"line":352,"column":3}}},"12":{"name":"(anonymous_22)","decl":{"start":{"line":354,"column":2},"end":{"line":354,"column":17}},"loc":{"start":{"line":354,"column":28},"end":{"line":357,"column":3}}},"13":{"name":"(anonymous_23)","decl":{"start":{"line":359,"column":2},"end":{"line":359,"column":24}},"loc":{"start":{"line":359,"column":37},"end":{"line":361,"column":3}}},"14":{"name":"(anonymous_24)","decl":{"start":{"line":363,"column":2},"end":{"line":363,"column":20}},"loc":{"start":{"line":363,"column":20},"end":{"line":372,"column":3}}},"15":{"name":"(anonymous_25)","decl":{"start":{"line":375,"column":2},"end":{"line":375,"column":14}},"loc":{"start":{"line":375,"column":27},"end":{"line":377,"column":3}}},"16":{"name":"(anonymous_26)","decl":{"start":{"line":379,"column":2},"end":{"line":379,"column":17}},"loc":{"start":{"line":379,"column":30},"end":{"line":405,"column":3}}},"17":{"name":"(anonymous_27)","decl":{"start":{"line":408,"column":2},"end":{"line":408,"column":14}},"loc":{"start":{"line":408,"column":32},"end":{"line":413,"column":3}}},"18":{"name":"(anonymous_28)","decl":{"start":{"line":415,"column":2},"end":{"line":415,"column":13}},"loc":{"start":{"line":415,"column":31},"end":{"line":426,"column":3}}},"19":{"name":"(anonymous_29)","decl":{"start":{"line":428,"column":2},"end":{"line":428,"column":12}},"loc":{"start":{"line":428,"column":12},"end":{"line":445,"column":3}}},"20":{"name":"(anonymous_30)","decl":{"start":{"line":447,"column":10},"end":{"line":447,"column":25}},"loc":{"start":{"line":447,"column":25},"end":{"line":452,"column":3}}},"21":{"name":"(anonymous_31)","decl":{"start":{"line":454,"column":10},"end":{"line":454,"column":26}},"loc":{"start":{"line":454,"column":39},"end":{"line":475,"column":3}}}},"branchMap":{"0":{"loc":{"start":{"line":289,"column":4},"end":{"line":289,"column":67}},"type":"cond-expr","locations":[{"start":{"line":289,"column":50},"end":{"line":289,"column":57}},{"start":{"line":289,"column":60},"end":{"line":289,"column":67}}]},"1":{"loc":{"start":{"line":312,"column":4},"end":{"line":312,"column":29}},"type":"if","locations":[{"start":{"line":312,"column":4},"end":{"line":312,"column":29}},{"start":{},"end":{}}]},"2":{"loc":{"start":{"line":314,"column":11},"end":{"line":314,"column":44}},"type":"binary-expr","locations":[{"start":{"line":314,"column":11},"end":{"line":314,"column":38}},{"start":{"line":314,"column":42},"end":{"line":314,"column":44}}]},"3":{"loc":{"start":{"line":336,"column":4},"end":{"line":341,"column":5}},"type":"if","locations":[{"start":{"line":336,"column":4},"end":{"line":341,"column":5}},{"start":{"line":338,"column":11},"end":{"line":341,"column":5}}]},"4":{"loc":{"start":{"line":336,"column":8},"end":{"line":336,"column":64}},"type":"binary-expr","locations":[{"start":{"line":336,"column":8},"end":{"line":336,"column":15}},{"start":{"line":336,"column":19},"end":{"line":336,"column":64}}]},"5":{"loc":{"start":{"line":351,"column":11},"end":{"line":351,"column":76}},"type":"cond-expr","locations":[{"start":{"line":351,"column":22},"end":{"line":351,"column":68}},{"start":{"line":351,"column":71},"end":{"line":351,"column":76}}]},"6":{"loc":{"start":{"line":356,"column":11},"end":{"line":356,"column":44}},"type":"binary-expr","locations":[{"start":{"line":356,"column":11},"end":{"line":356,"column":38}},{"start":{"line":356,"column":42},"end":{"line":356,"column":44}}]},"7":{"loc":{"start":{"line":360,"column":11},"end":{"line":360,"column":53}},"type":"binary-expr","locations":[{"start":{"line":360,"column":11},"end":{"line":360,"column":38}},{"start":{"line":360,"column":42},"end":{"line":360,"column":53}}]},"8":{"loc":{"start":{"line":365,"column":4},"end":{"line":365,"column":25}},"type":"if","locations":[{"start":{"line":365,"column":4},"end":{"line":365,"column":25}},{"start":{},"end":{}}]},"9":{"loc":{"start":{"line":396,"column":4},"end":{"line":404,"column":5}},"type":"if","locations":[{"start":{"line":396,"column":4},"end":{"line":404,"column":5}},{"start":{"line":398,"column":11},"end":{"line":404,"column":5}}]},"10":{"loc":{"start":{"line":409,"column":23},"end":{"line":409,"column":60}},"type":"binary-expr","locations":[{"start":{"line":409,"column":23},"end":{"line":409,"column":55}},{"start":{"line":409,"column":59},"end":{"line":409,"column":60}}]},"11":{"loc":{"start":{"line":410,"column":23},"end":{"line":410,"column":60}},"type":"binary-expr","locations":[{"start":{"line":410,"column":23},"end":{"line":410,"column":55}},{"start":{"line":410,"column":59},"end":{"line":410,"column":60}}]},"12":{"loc":{"start":{"line":416,"column":21},"end":{"line":416,"column":58}},"type":"binary-expr","locations":[{"start":{"line":416,"column":21},"end":{"line":416,"column":53}},{"start":{"line":416,"column":57},"end":{"line":416,"column":58}}]},"13":{"loc":{"start":{"line":417,"column":21},"end":{"line":417,"column":58}},"type":"binary-expr","locations":[{"start":{"line":417,"column":21},"end":{"line":417,"column":53}},{"start":{"line":417,"column":57},"end":{"line":417,"column":58}}]},"14":{"loc":{"start":{"line":423,"column":4},"end":{"line":425,"column":5}},"type":"if","locations":[{"start":{"line":423,"column":4},"end":{"line":425,"column":5}},{"start":{},"end":{}}]},"15":{"loc":{"start":{"line":423,"column":8},"end":{"line":423,"column":93}},"type":"binary-expr","locations":[{"start":{"line":423,"column":8},"end":
[...]
n":5}},{"start":{},"end":{}}]},"13":{"loc":{"start":{"line":275,"column":4},"end":{"line":295,"column":5}},"type":"if","locations":[{"start":{"line":275,"column":4},"end":{"line":295,"column":5}},{"start":{"line":281,"column":11},"end":{"line":295,"column":5}}]},"14":{"loc":{"start":{"line":275,"column":8},"end":{"line":275,"column":61}},"type":"binary-expr","locations":[{"start":{"line":275,"column":8},"end":{"line":275,"column":33}},{"start":{"line":275,"column":37},"end":{"line":275,"column":61}}]},"15":{"loc":{"start":{"line":312,"column":6},"end":{"line":314,"column":7}},"type":"if","locations":[{"start":{"line":312,"column":6},"end":{"line":314,"column":7}},{"start":{},"end":{}}]},"16":{"loc":{"start":{"line":318,"column":6},"end":{"line":320,"column":7}},"type":"if","locations":[{"start":{"line":318,"column":6},"end":{"line":320,"column":7}},{"start":{},"end":{}}]},"17":{"loc":{"start":{"line":324,"column":6},"end":{"line":326,"column":7}},"type":"if","locations":[{"start":{"line":324,"column":6},"end":{"line":326,"column":7}},{"start":{},"end":{}}]},"18":{"loc":{"start":{"line":337,"column":4},"end":{"line":339,"column":5}},"type":"if","locations":[{"start":{"line":337,"column":4},"end":{"line":339,"column":5}},{"start":{},"end":{}}]},"19":{"loc":{"start":{"line":337,"column":8},"end":{"line":337,"column":49}},"type":"binary-expr","locations":[{"start":{"line":337,"column":8},"end":{"line":337,"column":32}},{"start":{"line":337,"column":36},"end":{"line":337,"column":49}}]},"20":{"loc":{"start":{"line":343,"column":4},"end":{"line":364,"column":5}},"type":"if","locations":[{"start":{"line":343,"column":4},"end":{"line":364,"column":5}},{"start":{},"end":{}}]},"21":{"loc":{"start":{"line":345,"column":8},"end":{"line":360,"column":40}},"type":"binary-expr","locations":[{"start":{"line":345,"column":8},"end":{"line":345,"column":19}},{"start":{"line":346,"column":8},"end":{"line":346,"column":34}},{"start":{"line":347,"column":8},"end":{"line":347,"column":22}},{"start":{"line":348,"column":8},"end":{"line":348,"column":37}},{"start":{"line":349,"column":8},"end":{"line":349,"column":22}},{"start":{"line":350,"column":8},"end":{"line":350,"column":37}},{"start":{"line":351,"column":8},"end":{"line":351,"column":38}},{"start":{"line":352,"column":8},"end":{"line":352,"column":20}},{"start":{"line":353,"column":8},"end":{"line":353,"column":35}},{"start":{"line":354,"column":8},"end":{"line":354,"column":36}},{"start":{"line":355,"column":8},"end":{"line":355,"column":22}},{"start":{"line":356,"column":8},"end":{"line":356,"column":37}},{"start":{"line":357,"column":8},"end":{"line":357,"column":28}},{"start":{"line":358,"column":8},"end":{"line":358,"column":44}},{"start":{"line":359,"column":8},"end":{"line":359,"column":25}},{"start":{"line":360,"column":8},"end":{"line":360,"column":40}}]},"22":{"loc":{"start":{"line":371,"column":4},"end":{"line":373,"column":5}},"type":"if","locations":[{"start":{"line":371,"column":4},"end":{"line":373,"column":5}},{"start":{},"end":{}}]}},"s":{"0":2,"1":2,"2":2,"3":2,"4":115,"5":115,"6":115,"7":115,"8":115,"9":115,"10":115,"11":115,"12":115,"13":115,"14":115,"15":115,"16":115,"17":115,"18":115,"19":115,"20":12,"21":0,"22":12,"23":115,"24":115,"25":112,"26":112,"27":112,"28":112,"29":3,"30":2,"31":1,"32":1,"33":1,"34":1,"35":1,"36":1,"37":1,"38":1,"39":1,"40":0,"41":0,"42":0,"43":1,"44":0,"45":0,"46":0,"47":14,"48":0,"49":14,"50":14,"51":14,"52":14,"53":13,"54":2,"55":11,"56":11,"57":1,"58":1,"59":1,"60":0,"61":1,"62":1,"63":0,"64":0,"65":1736,"66":1736,"67":1736,"68":24,"69":24,"70":24,"71":17,"72":17,"73":17,"74":1762,"75":1421,"76":315,"77":24,"78":2,"79":15,"80":15,"81":15,"82":15,"83":15,"84":15,"85":1762,"86":1762,"87":1762,"88":1762,"89":15,"90":577,"91":577,"92":564,"93":564,"94":564,"95":564,"96":564,"97":13,"98":13,"99":13,"100":13,"101":13,"102":13,"103":113,"104":6,"105":6,"106":6,"107":2,"108":2,"109":5,"110":2,"111":0,"112":0,"113":0,"114":2,"115":2,"116":2,"117":305,"118":2,"119":305,"120":2,"121":305,"122":2,"123":302,"124":2,"125":2,"126":305,"127":2,"128":2,"129":0,"130":0,"131":0,"132":0,"133":0,"134":2,"135":2,"136":2,"137":2,"138":2,"139":2,"140":20,"141":7,"142":7,"143":7,"144":9,"145":3,"146":210,"147":3,"148":210,"149":3,"150":3,"151":210,"152":17,"153":17,"154":1,"155":16,"156":15,"157":1,"158":14,"159":1013,"160":14,"161":7,"162":7,"163":7,"164":1,"165":1,"166":1013,"167":1,"168":1012,"169":1012,"170":6,"171":1006,"172":2013,"173":0,"174":2013,"175":2013,"176":20,"177":2,"178":2},"f":{"0":115,"1":12,"2":115,"3":1,"4":1,"5":0,"6":14,"7":13,"8":1,"9":1736,"10":24,"11":17,"12":1762,"13":15,"14":577,"15":564,"16":13,"17":113,"18":6,"19":6,"20":6,"21":2,"22":5,"23":305,"24":305,"25":305,"26":302,"27":2,"28":305,"29":0,"30":2,"31":20,"32":7,"33":7,"34":9,"35":3,"36":210,"37":210,"38":3,"39":210,"40":17,"41":1013,"42":1013,"43":2013,"44":20},"b":{"0":[0,12],"1":[112,3],"2":[2,1],"3":[0,14],"4":[2,11],"5":[1,0],"6":[1,1],"7":[1421,315,24,2],"8":[1777,1767],"9":[564,13],"10":[577,13],"11":[5,1],"12":[0,2],"13":[0,2],"14":[2,2],"15":[1,16],"16":[1,14],"17":[7,7],"18":[1,1012],"19":[1013,1013],"20":[6,1006],"21":[1012,1010,1010,1009,1008,1008,1007,1006,1006,1006,1006,1006,1006,1006,1006,1006],"22":[0,2013]}}
,"/home/user/EasyTurno_C_PWA/src/services/sw-update.service.ts": {"path":"/home/user/EasyTurno_C_PWA/src/services/sw-update.service.ts","statementMap":{"0":{"start":{"line":1,"column":0},"end":{"line":1,"column":62}},"1":{"start":{"line":6,"column":7},"end":{"line":68,"column":null}},"2":{"start":{"line":7,"column":2},"end":{"line":7,"column":34}},"3":{"start":{"line":8,"column":10},"end":{"line":8,"column":64}},"4":{"start":{"line":10,"column":10},"end":{"line":10,"column":76}},"5":{"start":{"line":11,"column":19},"end":{"line":12,"column":75}},"6":{"start":{"line":13,"column":19},"end":{"line":14,"column":99}},"7":{"start":{"line":17,"column":4},"end":{"line":22,"column":5}},"8":{"start":{"line":21,"column":6},"end":{"line":21,"column":13}},"9":{"start":{"line":24,"column":4},"end":{"line":51,"column":5}},"10":{"start":{"line":25,"column":6},"end":{"line":25,"column":75}},"11":{"start":{"line":29,"column":6},"end":{"line":31,"column":16}},"12":{"start":{"line":30,"column":8},"end":{"line":30,"column":41}},"13":{"start":{"line":34,"column":6},"end":{"line":43,"column":9}},"14":{"start":{"line":35,"column":26},"end":{"line":35,"column":55}},"15":{"start":{"line":37,"column":8},"end":{"line":42,"column":11}},"16":{"start":{"line":38,"column":10},"end":{"line":41,"column":11}},"17":{"start":{"line":40,"column":12},"end":{"line":40,"column":43}},"18":{"start":{"line":46,"column":6},"end":{"line":48,"column":9}},"19":{"start":{"line":47,"column":8},"end":{"line":47,"column":33}},"20":{"start":{"line":50,"column":6},"end":{"line":50,"column":66}},"21":{"start":{"line":55,"column":4},"end":{"line":58,"column":5}},"22":{"start":{"line":57,"column":6},"end":{"line":57,"column":70}},"23":{"start":{"line":62,"column":4},"end":{"line":66,"column":5}},"24":{"start":{"line":64,"column":6},"end":{"line":64,"column":46}},"25":{"start":{"line":65,"column":6},"end":{"line":65,"column":38}},"26":{"start":{"line":6,"column":13},"end":{"line":6,"column":28}},"27":{"start":{"line":6,"column":13},"end":{"line":68,"column":null}}},"fnMap":{"0":{"name":"(anonymous_1)","decl":{"start":{"line":6,"column":7},"end":{"line":6,"column":13}},"loc":{"start":{"line":6,"column":7},"end":{"line":68,"column":1}}},"1":{"name":"(anonymous_2)","decl":{"start":{"line":16,"column":2},"end":{"line":16,"column":7}},"loc":{"start":{"line":16,"column":23},"end":{"line":52,"column":3}}},"2":{"name":"(anonymous_3)","decl":{"start":{"line":29,"column":45},"end":{"line":29,"column":48}},"loc":{"start":{"line":29,"column":50},"end":{"line":31,"column":7}}},"3":{"name":"(anonymous_4)","decl":{"start":{"line":34,"column":56},"end":{"line":34,"column":59}},"loc":{"start":{"line":34,"column":61},"end":{"line":43,"column":7}}},"4":{"name":"(anonymous_5)","decl":{"start":{"line":37,"column":51},"end":{"line":37,"column":54}},"loc":{"start":{"line":37,"column":56},"end":{"line":42,"column":9}}},"5":{"name":"(anonymous_6)","decl":{"start":{"line":46,"column":67},"end":{"line":46,"column":70}},"loc":{"start":{"line":46,"column":72},"end":{"line":48,"column":7}}},"6":{"name":"(anonymous_7)","decl":{"start":{"line":54,"column":2},"end":{"line":54,"column":16}},"loc":{"start":{"line":54,"column":16},"end":{"line":59,"column":3}}},"7":{"name":"(anonymous_8)","decl":{"start":{"line":61,"column":2},"end":{"line":61,"column":9}},"loc":{"start":{"line":61,"column":9},"end":{"line":67,"column":3}}}},"branchMap":{"0":{"loc":{"start":{"line":12,"column":4},"end":{"line":12,"column":74}},"type":"binary-expr","locations":[{"start":{"line":12,"column":4},"end":{"line":12,"column":36}},{"start":{"line":12,"column":40},"end":{"line":12,"column":74}}]},"1":{"loc":{"start":{"line":14,"column":4},"end":{"line":14,"column":98}},"type":"binary-expr","locations":[{"start":{"line":14,"column":4},"end":{"line":14,"column":33}},{"start":{"line":14,"column":37},"end":{"line":14,"column":98}}]},"2":{"loc":{"start":{"line":17,"column":4},"end":{"line":22,"column":5}},"type":"if","locations":[{"start":{"line":17,"column":4},"end":{"line":22,"column":5}},{"start":{},"end":{}}]},"3":{"loc":{"start":{"line":18,"column":6},"end":{"line":19,"column":68}},"type":"binary-expr","locations":[{"start":{"line":18,"column":6},"end":{"line":18,"column":37}},{"start":{"line":19,"column":7},"end":{"line":19,"column":30}},{"start":{"line":19,"column":35},"end":{"line":19,"column":46}},{"start":{"line":19,"column":50},"end":{"line":19,"column":66}}]},"4":{"loc":{"start":{"line":38,"column":10},"end":{"line":41,"column":11}},"type":"if","locations":[{"start":{"line":38,"column":10},"end":{"line":41,"column":11}},{"start":{},"end":{}}]},"5":{"loc":{"start":{"line":38,"column":14},"end":{"line":38,"column":83}},"type":"binary-expr","locations":[{"start":{"line":38,"column":14},"end":{"line":38,"column":45}},{"start":{"line":38,"column":49},"end":{"line":38,"column":83}}]},"6":{"loc":{"start":{"line":55,"column":4},"end":{"line":58,"column":5}},"type":"if","locations":[{"start":{"line":55,"column":4},"end":{"line":58,"column":5}},{"start":{},"end":{}}]},"7":{"loc":{"start":{"line":62,"column":4},"end":{"line":66,"column":5}},"type":"if","locations":[{"start":{"line":62,"column":4},"end":{"line":66,"column":5}},{"start":{},"end":{}}]}},"s":{"0":2,"1":2,"2":72,"3":72,"4":72,"5":72,"6":72,"7":75,"8":56,"9":19,"10":19,"11":17,"12":5,"13":17,"14":5,"15":5,"16":5,"17":2,"18":17,"19":0,"20":2,"21":3,"22":1,"23":0,"24":0,"25":0,"26":2,"27":2},"f":{"0":72,"1":75,"2":5,"3":5,"4":5,"5":0,"6":3,"7":0},"b":{"0":[72,72],"1":[72,72],"2":[56,19],"3":[75,19,0,0],"4":[2,3],"5":[5,3],"6":[1,2],"7":[0,0]}}
,"/home/user/EasyTurno_C_PWA/src/services/toast.service.ts": {"path":"/home/user/EasyTurno_C_PWA/src/services/toast.service.ts","statementMap":{"0":{"start":{"line":1,"column":0},"end":{"line":1,"column":51}},"1":{"start":{"line":11,"column":7},"end":{"line":48,"column":null}},"2":{"start":{"line":12,"column":2},"end":{"line":12,"column":31}},"3":{"start":{"line":15,"column":15},"end":{"line":15,"column":34}},"4":{"start":{"line":16,"column":25},"end":{"line":16,"column":56}},"5":{"start":{"line":18,"column":4},"end":{"line":18,"column":53}},"6":{"start":{"line":18,"column":33},"end":{"line":18,"column":51}},"7":{"start":{"line":20,"column":4},"end":{"line":22,"column":5}},"8":{"start":{"line":21,"column":6},"end":{"line":21,"column":51}},"9":{"start":{"line":21,"column":23},"end":{"line":21,"column":39}},"10":{"start":{"line":26,"column":4},"end":{"line":26,"column":44}},"11":{"start":{"line":30,"column":4},"end":{"line":30,"column":42}},"12":{"start":{"line":34,"column":4},"end":{"line":34,"column":44}},"13":{"start":{"line":38,"column":4},"end":{"line":38,"column":41}},"14":{"start":{"line":42,"column":4},"end":{"line":42,"column":66}},"15":{"start":{"line":42,"column":33},"end":{"line":42,"column":64}},"16":{"start":{"line":42,"column":52},"end":{"line":42,"column":63}},"17":{"start":{"line":46,"column":4},"end":{"line":46,"column":24}},"18":{"start":{"line":11,"column":13},"end":{"line":11,"column":25}},"19":{"start":{"line":11,"column":13},"end":{"line":48,"column":null}}},"fnMap":{"0":{"name":"(anonymous_1)","decl":{"start":{"line":11,"column":7},"end":{"line":11,"column":13}},"loc":{"start":{"line":11,"column":7},"end":{"line":48,"column":1}}},"1":{"name":"(anonymous_2)","decl":{"start":{"line":14,"column":2},"end":{"line":14,"column":6}},"loc":{"start":{"line":14,"column":69},"end":{"line":23,"column":3}}},"2":{"name":"(anonymous_3)","decl":{"start":{"line":18,"column":23},"end":{"line":18,"column":29}},"loc":{"start":{"line":18,"column":33},"end":{"line":18,"column":51}}},"3":{"name":"(anonymous_4)","decl":{"start":{"line":21,"column":17},"end":{"line":21,"column":20}},"loc":{"start":{"line":21,"column":23},"end":{"line":21,"column":39}}},"4":{"name":"(anonymous_5)","decl":{"start":{"line":25,"column":2},"end":{"line":25,"column":9}},"loc":{"start":{"line":25,"column":42},"end":{"line":27,"column":3}}},"5":{"name":"(anonymous_6)","decl":{"start":{"line":29,"column":2},"end":{"line":29,"column":7}},"loc":{"start":{"line":29,"column":40},"end":{"line":31,"column":3}}},"6":{"name":"(anonymous_7)","decl":{"start":{"line":33,"column":2},"end":{"line":33,"column":9}},"loc":{"start":{"line":33,"column":42},"end":{"line":35,"column":3}}},"7":{"name":"(anonymous_8)","decl":{"start":{"line":37,"column":2},"end":{"line":37,"column":6}},"loc":{"start":{"line":37,"column":39},"end":{"line":39,"column":3}}},"8":{"name":"(anonymous_9)","decl":{"start":{"line":41,"column":2},"end":{"line":41,"column":9}},"loc":{"start":{"line":41,"column":20},"end":{"line":43,"column":3}}},"9":{"name":"(anonymous_10)","decl":{"start":{"line":42,"column":23},"end":{"line":42,"column":29}},"loc":{"start":{"line":42,"column":33},"end":{"line":42,"column":64}}},"10":{"name":"(anonymous_11)","decl":{"start":{"line":42,"column":47},"end":{"line":42,"column":48}},"loc":{"start":{"line":42,"column":52},"end":{"line":42,"column":63}}},"11":{"name":"(anonymous_12)","decl":{"start":{"line":45,"column":2},"end":{"line":45,"column":12}},"loc":{"start":{"line":45,"column":12},"end":{"line":47,"column":3}}}},"branchMap":{"0":{"loc":{"start":{"line":14,"column":24},"end":{"line":14,"column":52}},"type":"default-arg","locations":[{"start":{"line":14,"column":46},"end":{"line":14,"column":52}}]},"1":{"loc":{"start":{"line":14,"column":54},"end":{"line":14,"column":69}},"type":"default-arg","locations":[{"start":{"line":14,"column":65},"end":{"line":14,"column":69}}]},"2":{"loc":{"start":{"line":20,"column":4},"end":{"line":22,"column":5}},"type":"if","locations":[{"start":{"line":20,"column":4},"end":{"line":22,"column":5}},{"start":{},"end":{}}]},"3":{"loc":{"start":{"line":25,"column":27},"end":{"line":25,"column":42}},"type":"default-arg","locations":[{"start":{"line":25,"column":38},"end":{"line":25,"column":42}}]},"4":{"loc":{"start":{"line":29,"column":25},"end":{"line":29,"column":40}},"type":"default-arg","locations":[{"start":{"line":29,"column":36},"end":{"line":29,"column":40}}]},"5":{"loc":{"start":{"line":33,"column":27},"end":{"line":33,"column":42}},"type":"default-arg","locations":[{"start":{"line":33,"column":38},"end":{"line":33,"column":42}}]},"6":{"loc":{"start":{"line":37,"column":24},"end":{"line":37,"column":39}},"type":"default-arg","locations":[{"start":{"line":37,"column":35},"end":{"line":37,"column":39}}]}},"s":{"0":3,"1":3,"2":138,"3":35,"4":35,"5":35,"6":35,"7":35,"8":34,"9":3,"10":6,"11":5,"12":2,"13":2,"14":6,"15":6,"16":8,"17":2,"18":3,"19":3},"f":{"0":138,"1":35,"2":35,"3":3,"4":6,"5":5,"6":2,"7":2,"8":6,"9":6,"10":8,"11":2},"b":{"0":[14],"1":[15],"2":[34,1],"3":[5],"4":[2],"5":[1],"6":[1]}}
,"/home/user/EasyTurno_C_PWA/src/services/translation.service.ts": {"path":"/home/user/EasyTurno_C_PWA/src/services/translation.service.ts","statementMap":{"0":{"start":{"line":1,"column":0},"end":{"line":1,"column":51}},"1":{"start":{"line":4,"column":0},"end":{"line":4,"column":52}},"2":{"start":{"line":5,"column":0},"end":{"line":5,"column":52}},"3":{"start":{"line":11,"column":7},"end":{"line":48,"column":null}},"4":{"start":{"line":12,"column":2},"end":{"line":12,"column":60}},"5":{"start":{"line":14,"column":10},"end":{"line":17,"column":4}},"6":{"start":{"line":20,"column":23},"end":{"line":20,"column":61}},"7":{"start":{"line":21,"column":4},"end":{"line":23,"column":5}},"8":{"start":{"line":22,"column":6},"end":{"line":22,"column":24}},"9":{"start":{"line":24,"column":24},"end":{"line":24,"column":56}},"10":{"start":{"line":25,"column":4},"end":{"line":25,"column":46}},"11":{"start":{"line":29,"column":4},"end":{"line":29,"column":28}},"12":{"start":{"line":30,"column":4},"end":{"line":30,"column":49}},"13":{"start":{"line":34,"column":17},"end":{"line":34,"column":31}},"14":{"start":{"line":36,"column":22},"end":{"line":36,"column":56}},"15":{"start":{"line":38,"column":4},"end":{"line":44,"column":5}},"16":{"start":{"line":39,"column":6},"end":{"line":43,"column":7}},"17":{"start":{"line":40,"column":8},"end":{"line":40,"column":27}},"18":{"start":{"line":42,"column":8},"end":{"line":42,"column":19}},"19":{"start":{"line":46,"column":4},"end":{"line":46,"column":53}},"20":{"start":{"line":11,"column":13},"end":{"line":11,"column":31}},"21":{"start":{"line":11,"column":13},"end":{"line":48,"column":null}}},"fnMap":{"0":{"name":"(anonymous_2)","decl":{"start":{"line":11,"column":7},"end":{"line":11,"column":13}},"loc":{"start":{"line":11,"column":7},"end":{"line":48,"column":1}}},"1":{"name":"(anonymous_3)","decl":{"start":{"line":19,"column":10},"end":{"line":19,"column":28}},"loc":{"start":{"line":19,"column":28},"end":{"line":26,"column":3}}},"2":{"name":"(anonymous_4)","decl":{"start":{"line":28,"column":2},"end":{"line":28,"column":13}},"loc":{"start":{"line":28,"column":31},"end":{"line":31,"column":3}}},"3":{"name":"(anonymous_5)","decl":{"start":{"line":33,"column":2},"end":{"line":33,"column":11}},"loc":{"start":{"line":33,"column":23},"end":{"line":47,"column":3}}}},"branchMap":{"0":{"loc":{"start":{"line":21,"column":4},"end":{"line":23,"column":5}},"type":"if","locations":[{"start":{"line":21,"column":4},"end":{"line":23,"column":5}},{"start":{},"end":{}}]},"1":{"loc":{"start":{"line":21,"column":8},"end":{"line":21,"column":50}},"type":"binary-expr","locations":[{"start":{"line":21,"column":8},"end":{"line":21,"column":27}},{"start":{"line":21,"column":31},"end":{"line":21,"column":50}}]},"2":{"loc":{"start":{"line":25,"column":11},"end":{"line":25,"column":45}},"type":"cond-expr","locations":[{"start":{"line":25,"column":34},"end":{"line":25,"column":38}},{"start":{"line":25,"column":41},"end":{"line":25,"column":45}}]},"3":{"loc":{"start":{"line":39,"column":6},"end":{"line":43,"column":7}},"type":"if","locations":[{"start":{"line":39,"column":6},"end":{"line":43,"column":7}},{"start":{"line":41,"column":13},"end":{"line":43,"column":7}}]},"4":{"loc":{"start":{"line":39,"column":10},"end":{"line":39,"column":70}},"type":"binary-expr","locations":[{"start":{"line":39,"column":10},"end":{"line":39,"column":36}},{"start":{"line":39,"column":40},"end":{"line":39,"column":55}},{"start":{"line":39,"column":59},"end":{"line":39,"column":70}}]},"5":{"loc":{"start":{"line":46,"column":11},"end":{"line":46,"column":52}},"type":"cond-expr","locations":[{"start":{"line":46,"column":40},"end":{"line":46,"column":46}},{"start":{"line":46,"column":49},"end":{"line":46,"column":52}}]}},"s":{"0":7,"1":7,"2":7,"3":7,"4":227,"5":227,"6":227,"7":227,"8":75,"9":152,"10":152,"11":89,"12":89,"13":235,"14":235,"15":235,"16":405,"17":381,"18":24,"19":211,"20":7,"21":7},"f":{"0":227,"1":227,"2":89,"3":235},"b":{"0":[75,152],"1":[227,169],"2":[1,151],"3":[381,24],"4":[405,405,405],"5":[211,0]}}
}
