TN:
SF:src/app.component.ts
FN:140,(anonymous_1)
FN:136,(anonymous_2)
FN:137,(anonymous_3)
FN:238,(anonymous_4)
FN:241,(anonymous_5)
FN:245,(anonymous_6)
FN:627,(anonymous_7)
FN:639,(anonymous_8)
FN:641,(anonymous_9)
FN:648,(anonymous_10)
FN:692,(anonymous_11)
FN:693,(anonymous_12)
FN:149,(anonymous_13)
FN:161,(anonymous_14)
FN:162,(anonymous_15)
FN:183,(anonymous_16)
FN:227,(anonymous_17)
FN:251,(anonymous_18)
FN:264,(anonymous_19)
FN:274,(anonymous_20)
FN:277,(anonymous_21)
FN:278,(anonymous_22)
FN:281,(anonymous_23)
FN:285,(anonymous_24)
FN:290,(anonymous_25)
FN:296,(anonymous_26)
FN:326,(anonymous_27)
FN:337,(anonymous_28)
FN:368,(anonymous_29)
FN:391,(anonymous_30)
FN:413,(anonymous_31)
FN:448,(anonymous_32)
FN:452,(anonymous_33)
FN:455,(anonymous_34)
FN:457,(anonymous_35)
FN:460,(anonymous_36)
FN:465,(anonymous_37)
FN:471,(anonymous_38)
FN:480,(anonymous_39)
FN:494,(anonymous_40)
FN:526,(anonymous_41)
FN:532,(anonymous_42)
FN:552,(anonymous_43)
FN:556,(anonymous_44)
FN:563,(anonymous_45)
FN:579,(anonymous_46)
FN:587,(anonymous_47)
FN:591,(anonymous_48)
FN:598,(anonymous_49)
FN:604,(anonymous_50)
FN:607,(anonymous_51)
FN:608,(anonymous_52)
FN:608,(anonymous_53)
FN:611,(anonymous_54)
FN:613,(anonymous_55)
FN:614,(anonymous_56)
FN:618,(anonymous_57)
FN:620,(anonymous_58)
FN:621,(anonymous_59)
FN:695,(anonymous_60)
FN:700,(anonymous_61)
FN:705,(anonymous_62)
FN:706,(anonymous_63)
FN:709,(anonymous_64)
FN:720,(anonymous_65)
FNF:65
FNH:46
FNDA:55,(anonymous_1)
FNDA:9,(anonymous_2)
FNDA:9,(anonymous_3)
FNDA:9,(anonymous_4)
FNDA:397,(anonymous_5)
FNDA:8,(anonymous_6)
FNDA:8,(anonymous_7)
FNDA:8,(anonymous_8)
FNDA:14,(anonymous_9)
FNDA:8,(anonymous_10)
FNDA:0,(anonymous_11)
FNDA:0,(anonymous_12)
FNDA:7,(anonymous_13)
FNDA:4,(anonymous_14)
FNDA:0,(anonymous_15)
FNDA:0,(anonymous_16)
FNDA:55,(anonymous_17)
FNDA:9,(anonymous_18)
FNDA:100,(anonymous_19)
FNDA:303,(anonymous_20)
FNDA:1,(anonymous_21)
FNDA:1,(anonymous_22)
FNDA:35,(anonymous_23)
FNDA:3,(anonymous_24)
FNDA:18,(anonymous_25)
FNDA:6,(anonymous_26)
FNDA:2,(anonymous_27)
FNDA:12,(anonymous_28)
FNDA:3,(anonymous_29)
FNDA:0,(anonymous_30)
FNDA:86,(anonymous_31)
FNDA:0,(anonymous_32)
FNDA:0,(anonymous_33)
FNDA:0,(anonymous_34)
FNDA:0,(anonymous_35)
FNDA:1,(anonymous_36)
FNDA:1,(anonymous_37)
FNDA:5,(anonymous_38)
FNDA:3,(anonymous_39)
FNDA:0,(anonymous_40)
FNDA:1,(anonymous_41)
FNDA:1,(anonymous_42)
FNDA:0,(anonymous_43)
FNDA:1,(anonymous_44)
FNDA:0,(anonymous_45)
FNDA:0,(anonymous_46)
FNDA:2,(anonymous_47)
FNDA:1,(anonymous_48)
FNDA:8,(anonymous_49)
FNDA:8,(anonymous_50)
FNDA:1,(anonymous_51)
FNDA:1,(anonymous_52)
FNDA:2,(anonymous_53)
FNDA:4,(anonymous_54)
FNDA:4,(anonymous_55)
FNDA:5,(anonymous_56)
FNDA:4,(anonymous_57)
FNDA:4,(anonymous_58)
FNDA:5,(anonymous_59)
FNDA:0,(anonymous_60)
FNDA:0,(anonymous_61)
FNDA:0,(anonymous_62)
FNDA:0,(anonymous_63)
FNDA:0,(anonymous_64)
FNDA:0,(anonymous_65)
DA:1,1
DA:10,1
DA:11,1
DA:12,1
DA:14,1
DA:15,1
DA:16,1
DA:17,1
DA:18,1
DA:19,1
DA:20,1
DA:21,1
DA:22,1
DA:23,1
DA:71,1
DA:72,55
DA:73,55
DA:74,55
DA:75,55
DA:76,55
DA:77,55
DA:78,55
DA:81,55
DA:84,55
DA:88,55
DA:89,55
DA:90,55
DA:91,55
DA:94,55
DA:95,55
DA:96,55
DA:97,55
DA:98,55
DA:99,55
DA:100,55
DA:101,55
DA:102,55
DA:103,55
DA:104,55
DA:105,55
DA:106,55
DA:109,55
DA:112,55
DA:113,55
DA:116,55
DA:117,55
DA:118,55
DA:121,55
DA:122,55
DA:123,55
DA:124,55
DA:126,55
DA:127,55
DA:128,55
DA:136,55
DA:137,55
DA:142,55
DA:145,55
DA:146,55
DA:147,55
DA:149,55
DA:150,7
DA:151,7
DA:152,7
DA:153,4
DA:155,3
DA:160,55
DA:162,4
DA:164,0
DA:165,0
DA:166,0
DA:169,0
DA:170,0
DA:171,0
DA:174,0
DA:175,0
DA:176,0
DA:180,4
DA:183,4
DA:188,55
DA:191,55
DA:192,55
DA:193,0
DA:194,0
DA:195,0
DA:197,55
DA:201,55
DA:202,55
DA:205,55
DA:206,55
DA:208,55
DA:209,0
DA:210,0
DA:211,0
DA:212,0
DA:213,0
DA:215,55
DA:216,55
DA:220,55
DA:221,0
DA:224,55
DA:228,55
DA:229,55
DA:230,0
DA:232,0
DA:233,0
DA:238,55
DA:239,9
DA:241,397
DA:245,55
DA:246,8
DA:247,8
DA:248,8
DA:252,9
DA:253,9
DA:255,9
DA:256,1
DA:257,1
DA:258,1
DA:260,1
DA:261,1
DA:262,1
DA:264,1
DA:265,100
DA:266,100
DA:268,100
DA:272,8
DA:274,303
DA:278,1
DA:282,35
DA:286,3
DA:291,18
DA:292,18
DA:293,18
DA:297,6
DA:298,6
DA:301,6
DA:302,6
DA:303,6
DA:304,6
DA:306,6
DA:307,0
DA:308,0
DA:309,0
DA:310,0
DA:311,0
DA:312,0
DA:313,0
DA:315,6
DA:316,6
DA:317,6
DA:318,6
DA:321,6
DA:322,6
DA:323,6
DA:324,6
DA:326,6
DA:330,6
DA:331,6
DA:332,1
DA:334,6
DA:339,12
DA:340,1
DA:341,1
DA:344,11
DA:345,11
DA:348,11
DA:349,0
DA:350,0
DA:354,11
DA:356,11
DA:368,3
DA:373,10
DA:374,10
DA:375,3
DA:376,3
DA:377,0
DA:379,3
DA:380,3
DA:381,3
DA:382,3
DA:385,7
DA:386,7
DA:387,7
DA:392,0
DA:393,0
DA:394,0
DA:396,0
DA:397,0
DA:398,0
DA:401,0
DA:407,0
DA:409,0
DA:410,0
DA:414,86
DA:415,86
DA:416,86
DA:419,86
DA:420,86
DA:421,86
DA:422,86
DA:424,86
DA:425,0
DA:426,0
DA:427,0
DA:428,0
DA:429,0
DA:431,86
DA:432,86
DA:433,86
DA:434,86
DA:437,86
DA:438,86
DA:439,86
DA:440,86
DA:441,86
DA:442,86
DA:443,86
DA:444,86
DA:445,86
DA:449,0
DA:450,0
DA:451,0
DA:452,0
DA:456,0
DA:457,0
DA:462,1
DA:467,1
DA:472,5
DA:473,5
DA:474,1
DA:476,4
DA:481,3
DA:482,3
DA:484,3
DA:485,1
DA:487,2
DA:489,3
DA:490,3
DA:495,0
DA:496,0
DA:497,0
DA:498,0
DA:501,0
DA:503,0
DA:506,0
DA:507,0
DA:508,0
DA:512,0
DA:513,0
DA:514,0
DA:517,0
DA:518,0
DA:519,0
DA:521,0
DA:522,0
DA:527,1
DA:528,1
DA:533,1
DA:534,1
DA:535,1
DA:536,1
DA:537,1
DA:538,1
DA:539,1
DA:540,1
DA:541,1
DA:542,1
DA:543,1
DA:545,0
DA:546,0
DA:548,1
DA:553,0
DA:557,1
DA:558,1
DA:560,1
DA:561,1
DA:563,1
DA:564,0
DA:565,0
DA:566,0
DA:567,0
DA:568,0
DA:569,0
DA:571,0
DA:572,0
DA:575,0
DA:576,0
DA:579,1
DA:580,0
DA:581,0
DA:584,1
DA:588,2
DA:592,1
DA:593,1
DA:594,1
DA:599,8
DA:604,8
DA:608,2
DA:612,4
DA:613,4
DA:614,5
DA:619,4
DA:620,4
DA:621,5
DA:627,55
DA:628,8
DA:629,8
DA:630,8
DA:631,8
DA:632,8
DA:639,55
DA:640,8
DA:641,8
DA:642,14
DA:643,14
DA:648,55
DA:649,8
DA:652,8
DA:653,1
DA:663,7
DA:671,7
DA:673,12
DA:674,12
DA:675,12
DA:678,12
DA:681,12
DA:682,10
DA:683,15
DA:688,7
DA:692,55
DA:693,55
DA:696,0
DA:701,0
DA:706,0
DA:710,0
DA:711,0
DA:715,0
DA:721,0
DA:736,0
LF:340
LH:248
BRDA:643,0,0,14
BRDA:643,0,1,12
BRDA:652,1,0,1
BRDA:652,1,1,7
BRDA:675,2,0,12
BRDA:675,2,1,2
BRDA:678,3,0,12
BRDA:678,3,1,12
BRDA:681,4,0,10
BRDA:681,4,1,2
BRDA:683,5,0,15
BRDA:683,5,1,10
BRDA:147,6,0,55
BRDA:147,6,1,53
BRDA:147,7,0,1
BRDA:147,7,1,52
BRDA:152,8,0,4
BRDA:152,8,1,3
BRDA:164,9,0,0
BRDA:164,9,1,0
BRDA:164,10,0,0
BRDA:164,10,1,0
BRDA:164,10,2,0
BRDA:169,11,0,0
BRDA:169,11,1,0
BRDA:169,12,0,0
BRDA:169,12,1,0
BRDA:174,13,0,0
BRDA:174,13,1,0
BRDA:174,14,0,0
BRDA:174,14,1,0
BRDA:174,14,2,0
BRDA:174,14,3,0
BRDA:192,15,0,0
BRDA:192,15,1,55
BRDA:195,16,0,0
BRDA:195,16,1,0
BRDA:208,17,0,0
BRDA:208,17,1,55
BRDA:208,18,0,55
BRDA:208,18,1,55
BRDA:212,19,0,0
BRDA:212,19,1,0
BRDA:213,20,0,0
BRDA:213,20,1,0
BRDA:220,21,0,0
BRDA:220,21,1,55
BRDA:229,22,0,0
BRDA:229,22,1,55
BRDA:255,23,0,1
BRDA:255,23,1,8
BRDA:268,24,0,100
BRDA:268,24,1,5
BRDA:306,25,0,0
BRDA:306,25,1,6
BRDA:306,26,0,6
BRDA:306,26,1,6
BRDA:306,26,2,6
BRDA:306,26,3,6
BRDA:310,27,0,0
BRDA:310,27,1,0
BRDA:312,28,0,0
BRDA:312,28,1,0
BRDA:323,29,0,6
BRDA:323,29,1,5
BRDA:324,30,0,6
BRDA:324,30,1,4
BRDA:326,31,0,6
BRDA:326,31,1,4
BRDA:331,32,0,1
BRDA:331,32,1,5
BRDA:339,33,0,1
BRDA:339,33,1,11
BRDA:348,34,0,0
BRDA:348,34,1,11
BRDA:362,35,0,0
BRDA:362,35,1,10
BRDA:363,36,0,10
BRDA:363,36,1,8
BRDA:364,37,0,4
BRDA:364,37,1,6
BRDA:367,38,0,3
BRDA:367,38,1,7
BRDA:374,39,0,3
BRDA:374,39,1,7
BRDA:376,40,0,0
BRDA:376,40,1,3
BRDA:394,41,0,0
BRDA:394,41,1,0
BRDA:394,42,0,0
BRDA:394,42,1,0
BRDA:396,43,0,0
BRDA:396,43,1,0
BRDA:424,44,0,0
BRDA:424,44,1,86
BRDA:424,45,0,86
BRDA:424,45,1,86
BRDA:424,45,2,86
BRDA:424,45,3,86
BRDA:426,46,0,0
BRDA:426,46,1,0
BRDA:428,47,0,0
BRDA:428,47,1,0
BRDA:451,48,0,0
BRDA:451,48,1,0
BRDA:451,48,2,0
BRDA:473,49,0,1
BRDA:473,49,1,4
BRDA:480,50,0,2
BRDA:482,51,0,0
BRDA:482,51,1,3
BRDA:484,52,0,1
BRDA:484,52,1,2
BRDA:496,53,0,0
BRDA:496,53,1,0
BRDA:506,54,0,0
BRDA:506,54,1,0
BRDA:512,55,0,0
BRDA:512,55,1,0
BRDA:512,56,0,0
BRDA:512,56,1,0
BRDA:558,57,0,0
BRDA:558,57,1,1
BRDA:565,58,0,0
BRDA:565,58,1,0
BRDA:567,59,0,0
BRDA:567,59,1,0
BRDA:571,60,0,0
BRDA:571,60,1,0
BRDA:614,61,0,4
BRDA:614,61,1,1
BRDA:621,62,0,4
BRDA:621,62,1,1
BRDA:706,63,0,0
BRDA:706,63,1,0
BRDA:710,64,0,0
BRDA:710,64,1,0
BRF:137
BRH:70
end_of_record
TN:
SF:src/components/calendar.component.ts
FN:202,(anonymous_1)
FN:207,(anonymous_2)
FN:211,(anonymous_3)
FN:218,(anonymous_4)
FN:223,(anonymous_5)
FN:228,(anonymous_6)
FN:234,(anonymous_7)
FN:244,(anonymous_8)
FN:249,(anonymous_9)
FN:255,(anonymous_10)
FN:257,(anonymous_11)
FN:260,(anonymous_12)
FN:272,(anonymous_13)
FN:276,(anonymous_14)
FN:280,(anonymous_15)
FNF:15
FNH:0
FNDA:0,(anonymous_1)
FNDA:0,(anonymous_2)
FNDA:0,(anonymous_3)
FNDA:0,(anonymous_4)
FNDA:0,(anonymous_5)
FNDA:0,(anonymous_6)
FNDA:0,(anonymous_7)
FNDA:0,(anonymous_8)
FNDA:0,(anonymous_9)
FNDA:0,(anonymous_10)
FNDA:0,(anonymous_11)
FNDA:0,(anonymous_12)
FNDA:0,(anonymous_13)
FNDA:0,(anonymous_14)
FNDA:0,(anonymous_15)
DA:1,1
DA:10,1
DA:11,1
DA:12,1
DA:190,1
DA:191,0
DA:192,0
DA:195,0
DA:196,0
DA:197,0
DA:200,0
DA:202,0
DA:205,0
DA:207,0
DA:208,0
DA:211,0
DA:212,0
DA:213,0
DA:214,0
DA:219,0
DA:220,0
DA:224,0
DA:225,0
DA:229,0
DA:230,0
DA:235,0
DA:236,0
DA:237,0
DA:239,0
DA:240,0
DA:245,0
DA:246,0
DA:250,0
DA:251,0
DA:256,0
DA:257,0
DA:261,0
DA:262,0
DA:263,0
DA:273,0
DA:277,0
DA:281,0
DA:284,0
DA:285,0
DA:289,0
DA:290,0
DA:294,0
DA:295,0
LF:48
LH:5
BRDA:213,0,0,0
BRDA:213,0,1,0
BRDA:236,1,0,0
BRDA:236,1,1,0
BRDA:236,2,0,0
BRDA:236,2,1,0
BRDA:251,3,0,0
BRDA:251,3,1,0
BRDA:262,4,0,0
BRDA:262,4,1,0
BRDA:273,5,0,0
BRDA:273,5,1,0
BRDA:277,6,0,0
BRDA:277,6,1,0
BRDA:284,7,0,0
BRDA:284,7,1,0
BRDA:289,8,0,0
BRDA:289,8,1,0
BRF:18
BRH:0
end_of_record
TN:
SF:src/components/shift-list-item.component.ts
FN:98,(anonymous_10)
FNF:1
FNH:0
FNDA:0,(anonymous_10)
DA:1,1
DA:3,1
DA:4,1
DA:98,1
DA:99,0
DA:100,0
DA:101,0
DA:102,0
LF:8
LH:4
BRF:0
BRH:0
end_of_record
TN:
SF:src/components/toast-container.component.ts
FN:149,(anonymous_1)
FNF:1
FNH:0
FNDA:0,(anonymous_1)
DA:1,1
DA:2,1
DA:3,1
DA:149,1
DA:150,0
LF:5
LH:4
BRF:0
BRH:0
end_of_record
TN:
SF:src/pipes/date-format.pipe.ts
FN:10,(anonymous_1)
FN:14,(anonymous_2)
FNF:2
FNH:2
FNDA:17,(anonymous_1)
FNDA:17,(anonymous_2)
DA:1,2
DA:2,2
DA:3,2
DA:10,2
DA:11,17
DA:12,17
DA:18,17
DA:19,17
DA:22,17
DA:24,6
DA:25,6
DA:27,1
DA:28,1
DA:30,1
DA:31,1
DA:33,0
DA:34,0
DA:36,1
DA:37,1
DA:39,2
DA:40,2
DA:42,6
DA:43,6
DA:46,17
LF:24
LH:22
BRDA:16,0,0,4
BRDA:19,1,0,8
BRDA:19,1,1,9
BRDA:22,2,0,6
BRDA:22,2,1,1
BRDA:22,2,2,1
BRDA:22,2,3,0
BRDA:22,2,4,1
BRDA:22,2,5,2
BRDA:22,2,6,6
BRDA:24,3,0,2
BRDA:24,3,1,4
BRDA:42,4,0,2
BRDA:42,4,1,4
BRF:14
BRH:13
end_of_record
TN:
SF:src/pipes/translate.pipe.ts
FN:10,(anonymous_1)
FN:13,(anonymous_2)
FNF:2
FNH:2
FNDA:291,(anonymous_1)
FNDA:40,(anonymous_2)
DA:1,2
DA:2,2
DA:3,2
DA:10,2
DA:11,291
DA:14,40
LF:6
LH:6
BRF:0
BRH:0
end_of_record
TN:
SF:src/services/calendar.service.ts
FN:15,(anonymous_1)
FN:20,(anonymous_2)
FN:21,(anonymous_3)
FN:27,(anonymous_4)
FN:36,(anonymous_5)
FN:37,(anonymous_6)
FN:47,(anonymous_7)
FN:48,(anonymous_8)
FN:58,(anonymous_9)
FN:65,(anonymous_10)
FN:73,(anonymous_11)
FN:145,(anonymous_12)
FN:161,(anonymous_13)
FN:169,(anonymous_14)
FN:180,(anonymous_15)
FNF:15
FNH:15
FNDA:25,(anonymous_1)
FNDA:21,(anonymous_2)
FNDA:21,(anonymous_3)
FNDA:11,(anonymous_4)
FNDA:2,(anonymous_5)
FNDA:2,(anonymous_6)
FNDA:5,(anonymous_7)
FNDA:5,(anonymous_8)
FNDA:2,(anonymous_9)
FNDA:10,(anonymous_10)
FNDA:11,(anonymous_11)
FNDA:2,(anonymous_12)
FNDA:2,(anonymous_13)
FNDA:2,(anonymous_14)
FNDA:2,(anonymous_15)
DA:1,2
DA:15,2
DA:17,25
DA:20,25
DA:21,25
DA:27,25
DA:28,11
DA:29,11
DA:30,11
DA:37,2
DA:38,2
DA:39,2
DA:40,2
DA:48,5
DA:49,5
DA:50,5
DA:51,5
DA:59,2
DA:66,10
DA:82,11
DA:83,11
DA:84,11
DA:88,11
DA:89,11
DA:96,11
DA:97,11
DA:98,11
DA:101,11
DA:102,11
DA:103,32
DA:104,32
DA:105,32
DA:114,11
DA:115,332
DA:116,332
DA:117,332
DA:126,11
DA:127,11
DA:128,98
DA:129,98
DA:130,98
DA:138,11
DA:146,2
DA:147,2
DA:149,2
DA:150,14
DA:151,14
DA:152,14
DA:155,2
DA:162,2
DA:163,2
DA:170,2
DA:181,2
DA:182,2
DA:183,2
DA:184,2
LF:56
LH:56
BRDA:89,0,0,0
BRDA:89,0,1,11
BRDA:145,1,0,0
BRDA:161,2,0,0
BRDA:171,3,0,2
BRDA:171,3,1,2
BRDA:171,3,2,2
BRF:7
BRH:4
end_of_record
TN:
SF:src/services/crypto.service.ts
FN:12,(anonymous_1)
FN:23,(anonymous_2)
FN:62,(anonymous_3)
FN:92,(anonymous_4)
FN:119,(anonymous_5)
FN:131,(anonymous_6)
FN:144,(anonymous_7)
FNF:7
FNH:7
FNDA:32,(anonymous_1)
FNDA:73,(anonymous_2)
FNDA:38,(anonymous_3)
FNDA:35,(anonymous_4)
FNDA:10,(anonymous_5)
FNDA:61,(anonymous_6)
FNDA:85,(anonymous_7)
DA:1,3
DA:12,3
DA:13,32
DA:14,32
DA:15,32
DA:16,32
DA:17,32
DA:25,73
DA:27,73
DA:28,50
DA:30,50
DA:31,49
DA:39,1
DA:44,24
DA:51,24
DA:52,24
DA:54,24
DA:63,38
DA:64,38
DA:65,38
DA:66,38
DA:69,38
DA:72,38
DA:75,37
DA:76,37
DA:77,37
DA:80,37
DA:82,1
DA:83,1
DA:93,35
DA:94,35
DA:97,35
DA:98,34
DA:101,34
DA:102,34
DA:105,34
DA:108,32
DA:109,32
DA:111,3
DA:112,3
DA:122,10
DA:124,7
DA:125,7
DA:132,61
DA:133,61
DA:134,61
DA:135,8134
DA:138,61
DA:146,85
DA:147,83
DA:148,83
DA:149,8829
DA:151,83
LF:53
LH:53
BRDA:27,0,0,50
BRDA:27,0,1,23
BRDA:122,1,0,3
BRDA:122,1,1,7
BRDA:122,2,0,10
BRDA:122,2,1,7
BRDA:125,3,0,7
BRDA:125,3,1,5
BRF:8
BRH:8
end_of_record
TN:
SF:src/services/notification.service.ts
FN:13,(anonymous_1)
FN:18,(anonymous_2)
FN:32,(anonymous_3)
FN:46,(anonymous_4)
FN:74,(anonymous_5)
FN:85,(anonymous_6)
FN:142,(anonymous_7)
FN:148,(anonymous_8)
FN:152,(anonymous_9)
FN:162,(anonymous_10)
FN:169,(anonymous_11)
FN:179,(anonymous_12)
FN:190,(anonymous_13)
FNF:13
FNH:12
FNDA:123,(anonymous_1)
FNDA:3,(anonymous_2)
FNDA:0,(anonymous_3)
FNDA:1,(anonymous_4)
FNDA:1,(anonymous_5)
FNDA:682,(anonymous_6)
FNDA:328,(anonymous_7)
FNDA:3,(anonymous_8)
FNDA:2,(anonymous_9)
FNDA:2,(anonymous_10)
FNDA:3,(anonymous_11)
FNDA:634,(anonymous_12)
FNDA:1,(anonymous_13)
DA:1,3
DA:2,3
DA:3,3
DA:13,3
DA:14,123
DA:15,123
DA:16,123
DA:19,3
DA:20,1
DA:21,1
DA:25,2
DA:26,2
DA:27,1
DA:28,1
DA:32,1
DA:33,0
DA:38,1
DA:40,1
DA:47,1
DA:49,1
DA:50,1
DA:53,1
DA:54,1
DA:55,0
DA:56,0
DA:61,0
DA:63,1
DA:64,1
DA:75,1
DA:77,1
DA:78,1
DA:79,1
DA:82,1
DA:86,682
DA:87,681
DA:90,1
DA:91,1
DA:92,1
DA:93,1
DA:96,1
DA:99,1
DA:100,1
DA:113,1
DA:114,0
DA:115,0
DA:116,0
DA:118,0
DA:119,0
DA:132,1
DA:133,1
DA:134,1
DA:137,0
DA:143,328
DA:145,1
DA:147,1
DA:148,3
DA:150,1
DA:151,1
DA:152,2
DA:154,1
DA:157,0
DA:163,2
DA:165,1
DA:166,1
DA:167,1
DA:168,1
DA:169,3
DA:171,1
DA:174,0
DA:180,634
DA:181,634
DA:191,1
LF:72
LH:60
BRDA:19,0,0,1
BRDA:19,0,1,2
BRDA:26,1,0,1
BRDA:26,1,1,1
BRDA:47,2,0,0
BRDA:47,2,1,1
BRDA:55,3,0,0
BRDA:55,3,1,0
BRDA:74,4,0,0
BRDA:77,5,0,1
BRDA:77,5,1,0
BRDA:86,6,0,681
BRDA:86,6,1,1
BRDA:86,7,0,682
BRDA:86,7,1,2
BRDA:99,8,0,1
BRDA:99,8,1,0
BRDA:113,9,0,0
BRDA:113,9,1,1
BRDA:118,10,0,0
BRDA:118,10,1,0
BRDA:132,11,0,1
BRDA:132,11,1,0
BRDA:143,12,0,327
BRDA:143,12,1,1
BRDA:150,13,0,1
BRDA:150,13,1,0
BRDA:163,14,0,1
BRDA:163,14,1,1
BRDA:167,15,0,1
BRDA:167,15,1,0
BRDA:181,16,0,1
BRDA:181,16,1,633
BRF:33
BRH:21
end_of_record
TN:
SF:src/services/shift.service.ts
FN:20,(anonymous_1)
FN:22,(anonymous_2)
FN:27,(anonymous_3)
FN:39,(anonymous_4)
FN:42,(anonymous_5)
FN:60,(anonymous_6)
FN:67,(anonymous_7)
FN:82,(anonymous_8)
FN:92,(anonymous_9)
FN:98,(anonymous_10)
FN:104,(anonymous_11)
FN:110,(anonymous_12)
FN:116,(anonymous_13)
FN:164,(anonymous_14)
FN:169,(anonymous_15)
FN:174,(anonymous_16)
FN:175,(anonymous_17)
FN:175,(anonymous_18)
FN:178,(anonymous_19)
FN:184,(anonymous_20)
FN:186,(anonymous_21)
FN:186,(anonymous_22)
FN:189,(anonymous_23)
FN:191,(anonymous_24)
FN:192,(anonymous_25)
FN:193,(anonymous_26)
FN:193,(anonymous_27)
FN:196,(anonymous_28)
FN:204,(anonymous_29)
FN:218,(anonymous_30)
FN:245,(anonymous_31)
FN:253,(anonymous_32)
FNF:32
FNH:31
FNDA:109,(anonymous_1)
FNDA:56,(anonymous_2)
FNDA:109,(anonymous_3)
FNDA:0,(anonymous_4)
FNDA:1,(anonymous_5)
FNDA:56,(anonymous_6)
FNDA:55,(anonymous_7)
FNDA:1,(anonymous_8)
FNDA:1347,(anonymous_9)
FNDA:33,(anonymous_10)
FNDA:16,(anonymous_11)
FNDA:577,(anonymous_12)
FNDA:564,(anonymous_13)
FNDA:13,(anonymous_14)
FNDA:115,(anonymous_15)
FNDA:6,(anonymous_16)
FNDA:6,(anonymous_17)
FNDA:6,(anonymous_18)
FNDA:1,(anonymous_19)
FNDA:7,(anonymous_20)
FNDA:7,(anonymous_21)
FNDA:9,(anonymous_22)
FNDA:4,(anonymous_23)
FNDA:319,(anonymous_24)
FNDA:319,(anonymous_25)
FNDA:4,(anonymous_26)
FNDA:319,(anonymous_27)
FNDA:14,(anonymous_28)
FNDA:1011,(anonymous_29)
FNDA:1011,(anonymous_30)
FNDA:2009,(anonymous_31)
FNDA:20,(anonymous_32)
DA:1,2
DA:3,2
DA:4,2
DA:5,2
DA:8,2
DA:9,109
DA:10,109
DA:11,109
DA:12,109
DA:13,109
DA:15,109
DA:16,109
DA:17,109
DA:18,109
DA:21,109
DA:22,109
DA:23,56
DA:28,109
DA:29,109
DA:30,107
DA:31,107
DA:35,2
DA:37,1
DA:40,0
DA:43,1
DA:44,1
DA:45,1
DA:49,1
DA:50,1
DA:51,1
DA:54,0
DA:55,0
DA:61,56
DA:62,56
DA:65,56
DA:68,55
DA:69,55
DA:71,1
DA:72,1
DA:73,1
DA:78,0
DA:83,1
DA:84,1
DA:87,0
DA:88,0
DA:93,1347
DA:94,1347
DA:95,1347
DA:99,33
DA:100,33
DA:101,33
DA:105,16
DA:106,16
DA:107,16
DA:111,577
DA:113,577
DA:114,564
DA:115,564
DA:116,564
DA:119,564
DA:121,13
DA:122,13
DA:123,13
DA:124,13
DA:127,13
DA:129,13
DA:130,13
DA:131,13
DA:133,1383
DA:134,1383
DA:141,1383
DA:143,1383
DA:145,1026
DA:146,1026
DA:148,321
DA:152,321
DA:154,33
DA:155,33
DA:157,3
DA:158,3
DA:160,1383
DA:164,13
DA:167,13
DA:168,13
DA:169,115
DA:175,6
DA:179,1
DA:180,1
DA:181,1
DA:185,7
DA:186,9
DA:191,319
DA:192,319
DA:193,319
DA:197,14
DA:198,14
DA:200,13
DA:201,1
DA:204,1011
DA:206,12
DA:207,7
DA:210,5
DA:211,5
DA:213,1
DA:214,1
DA:219,1011
DA:220,1
DA:223,1010
DA:225,1010
DA:246,2009
DA:247,0
DA:249,2009
DA:250,2009
DA:254,20
LF:114
LH:107
BRDA:29,0,0,107
BRDA:29,0,1,2
BRDA:35,1,0,1
BRDA:35,1,1,1
BRDA:71,2,0,1
BRDA:71,2,1,0
BRDA:71,3,0,1
BRDA:71,3,1,1
BRDA:113,4,0,564
BRDA:113,4,1,13
BRDA:113,5,0,577
BRDA:113,5,1,13
BRDA:131,6,0,1396
BRDA:131,6,1,1386
BRDA:143,7,0,1026
BRDA:143,7,1,321
BRDA:143,7,2,33
BRDA:143,7,3,3
BRDA:175,8,0,5
BRDA:175,8,1,1
BRDA:200,9,0,1
BRDA:200,9,1,12
BRDA:206,10,0,7
BRDA:206,10,1,5
BRDA:219,11,0,1
BRDA:219,11,1,1010
BRDA:219,12,0,1011
BRDA:219,12,1,1011
BRDA:226,13,0,1010
BRDA:226,13,1,1008
BRDA:226,13,2,1008
BRDA:226,13,3,1007
BRDA:226,13,4,1006
BRDA:226,13,5,1006
BRDA:226,13,6,1005
BRDA:226,13,7,1004
BRDA:226,13,8,1004
BRDA:226,13,9,1004
BRDA:226,13,10,1004
BRDA:226,13,11,1004
BRDA:226,13,12,1004
BRDA:226,13,13,1004
BRDA:226,13,14,1004
BRDA:226,13,15,1004
BRDA:246,14,0,0
BRDA:246,14,1,2009
BRF:46
BRH:44
end_of_record
TN:
SF:src/services/sw-update.service.ts
FN:6,(anonymous_1)
FN:10,(anonymous_2)
FN:20,(anonymous_3)
FN:25,(anonymous_4)
FN:28,(anonymous_5)
FN:37,(anonymous_6)
FN:45,(anonymous_7)
FNF:7
FNH:6
FNDA:71,(anonymous_1)
FNDA:74,(anonymous_2)
FNDA:5,(anonymous_3)
FNDA:5,(anonymous_4)
FNDA:5,(anonymous_5)
FNDA:0,(anonymous_6)
FNDA:3,(anonymous_7)
DA:1,2
DA:6,2
DA:7,71
DA:8,71
DA:11,74
DA:12,55
DA:15,19
DA:16,19
DA:20,17
DA:21,5
DA:25,17
DA:26,5
DA:28,5
DA:29,5
DA:31,2
DA:37,17
DA:38,0
DA:41,2
DA:46,3
DA:48,1
LF:20
LH:19
BRDA:11,0,0,55
BRDA:11,0,1,19
BRDA:29,1,0,2
BRDA:29,1,1,3
BRDA:29,2,0,5
BRDA:29,2,1,3
BRDA:46,3,0,1
BRDA:46,3,1,2
BRF:8
BRH:8
end_of_record
TN:
SF:src/services/toast.service.ts
FN:11,(anonymous_1)
FN:14,(anonymous_2)
FN:18,(anonymous_3)
FN:21,(anonymous_4)
FN:25,(anonymous_5)
FN:29,(anonymous_6)
FN:33,(anonymous_7)
FN:37,(anonymous_8)
FN:41,(anonymous_9)
FN:42,(anonymous_10)
FN:42,(anonymous_11)
FN:45,(anonymous_12)
FNF:12
FNH:12
FNDA:132,(anonymous_1)
FNDA:34,(anonymous_2)
FNDA:34,(anonymous_3)
FNDA:3,(anonymous_4)
FNDA:4,(anonymous_5)
FNDA:6,(anonymous_6)
FNDA:2,(anonymous_7)
FNDA:2,(anonymous_8)
FNDA:6,(anonymous_9)
FNDA:6,(anonymous_10)
FNDA:8,(anonymous_11)
FNDA:2,(anonymous_12)
DA:1,3
DA:11,3
DA:12,132
DA:15,34
DA:16,34
DA:18,34
DA:20,34
DA:21,33
DA:26,4
DA:30,6
DA:34,2
DA:38,2
DA:42,8
DA:46,2
LF:14
LH:14
BRDA:14,0,0,14
BRDA:14,1,0,15
BRDA:20,2,0,33
BRDA:20,2,1,1
BRDA:25,3,0,3
BRDA:29,4,0,2
BRDA:33,5,0,1
BRDA:37,6,0,1
BRF:8
BRH:8
end_of_record
TN:
SF:src/services/translation.service.ts
FN:11,(anonymous_2)
FN:19,(anonymous_3)
FN:28,(anonymous_4)
FN:33,(anonymous_5)
FNF:4
FNH:4
FNDA:97,(anonymous_2)
FNDA:97,(anonymous_3)
FNDA:39,(anonymous_4)
FNDA:50,(anonymous_5)
DA:1,4
DA:4,4
DA:5,4
DA:11,4
DA:12,97
DA:14,97
DA:20,97
DA:21,97
DA:22,26
DA:24,71
DA:25,71
DA:29,39
DA:30,39
DA:34,50
DA:36,50
DA:38,50
DA:39,58
DA:40,34
DA:42,24
DA:46,26
LF:20
LH:20
BRDA:21,0,0,26
BRDA:21,0,1,71
BRDA:21,1,0,97
BRDA:21,1,1,88
BRDA:25,2,0,1
BRDA:25,2,1,70
BRDA:39,3,0,34
BRDA:39,3,1,24
BRDA:39,4,0,58
BRDA:39,4,1,58
BRDA:39,4,2,58
BRDA:46,5,0,26
BRDA:46,5,1,0
BRF:13
BRH:12
end_of_record
