TN:
SF:src/app.component.ts
FN:136,(anonymous_1)
FN:132,(anonymous_2)
FN:133,(anonymous_3)
FN:182,(anonymous_4)
FN:185,(anonymous_5)
FN:189,(anonymous_6)
FN:490,(anonymous_7)
FN:501,(anonymous_8)
FN:523,(anonymous_9)
FN:142,(anonymous_10)
FN:171,(anonymous_11)
FN:195,(anonymous_12)
FN:208,(anonymous_13)
FN:218,(anonymous_14)
FN:221,(anonymous_15)
FN:222,(anonymous_16)
FN:225,(anonymous_17)
FN:229,(anonymous_18)
FN:234,(anonymous_19)
FN:240,(anonymous_20)
FN:258,(anonymous_21)
FN:308,(anonymous_22)
FN:330,(anonymous_23)
FN:349,(anonymous_24)
FN:353,(anonymous_25)
FN:356,(anonymous_26)
FN:358,(anonymous_27)
FN:361,(anonymous_28)
FN:368,(anonymous_29)
FN:376,(anonymous_30)
FN:385,(anonymous_31)
FN:399,(anonymous_32)
FN:411,(anonymous_33)
FN:417,(anonymous_34)
FN:428,(anonymous_35)
FN:432,(anonymous_36)
FN:437,(anonymous_37)
FN:454,(anonymous_38)
FN:458,(anonymous_39)
FN:465,(anonymous_40)
FN:467,(anonymous_41)
FN:470,(anonymous_42)
FN:471,(anonymous_43)
FN:471,(anonymous_44)
FN:474,(anonymous_45)
FN:476,(anonymous_46)
FN:477,(anonymous_47)
FN:481,(anonymous_48)
FN:483,(anonymous_49)
FN:484,(anonymous_50)
FN:543,(anonymous_51)
FN:548,(anonymous_52)
FN:553,(anonymous_53)
FNF:53
FNH:42
FNDA:55,(anonymous_1)
FNDA:9,(anonymous_2)
FNDA:9,(anonymous_3)
FNDA:9,(anonymous_4)
FNDA:397,(anonymous_5)
FNDA:8,(anonymous_6)
FNDA:8,(anonymous_7)
FNDA:14,(anonymous_8)
FNDA:15,(anonymous_9)
FNDA:7,(anonymous_10)
FNDA:55,(anonymous_11)
FNDA:9,(anonymous_12)
FNDA:100,(anonymous_13)
FNDA:303,(anonymous_14)
FNDA:1,(anonymous_15)
FNDA:1,(anonymous_16)
FNDA:35,(anonymous_17)
FNDA:3,(anonymous_18)
FNDA:18,(anonymous_19)
FNDA:6,(anonymous_20)
FNDA:12,(anonymous_21)
FNDA:0,(anonymous_22)
FNDA:86,(anonymous_23)
FNDA:0,(anonymous_24)
FNDA:0,(anonymous_25)
FNDA:0,(anonymous_26)
FNDA:0,(anonymous_27)
FNDA:1,(anonymous_28)
FNDA:1,(anonymous_29)
FNDA:5,(anonymous_30)
FNDA:3,(anonymous_31)
FNDA:0,(anonymous_32)
FNDA:1,(anonymous_33)
FNDA:1,(anonymous_34)
FNDA:0,(anonymous_35)
FNDA:1,(anonymous_36)
FNDA:0,(anonymous_37)
FNDA:2,(anonymous_38)
FNDA:1,(anonymous_39)
FNDA:8,(anonymous_40)
FNDA:8,(anonymous_41)
FNDA:1,(anonymous_42)
FNDA:1,(anonymous_43)
FNDA:2,(anonymous_44)
FNDA:4,(anonymous_45)
FNDA:4,(anonymous_46)
FNDA:5,(anonymous_47)
FNDA:4,(anonymous_48)
FNDA:4,(anonymous_49)
FNDA:5,(anonymous_50)
FNDA:0,(anonymous_51)
FNDA:0,(anonymous_52)
FNDA:0,(anonymous_53)
DA:1,1
DA:10,1
DA:11,1
DA:12,1
DA:14,1
DA:15,1
DA:16,1
DA:17,1
DA:18,1
DA:19,1
DA:20,1
DA:21,1
DA:22,1
DA:68,1
DA:69,55
DA:70,55
DA:71,55
DA:72,55
DA:73,55
DA:74,55
DA:77,55
DA:80,55
DA:83,55
DA:87,55
DA:90,55
DA:91,55
DA:92,55
DA:93,55
DA:94,55
DA:95,55
DA:96,55
DA:97,55
DA:98,55
DA:99,55
DA:100,55
DA:101,55
DA:102,55
DA:105,55
DA:108,55
DA:109,55
DA:112,55
DA:113,55
DA:114,55
DA:117,55
DA:118,55
DA:119,55
DA:120,55
DA:122,55
DA:123,55
DA:124,55
DA:132,55
DA:133,55
DA:138,55
DA:139,55
DA:140,55
DA:142,55
DA:143,7
DA:144,7
DA:145,7
DA:146,4
DA:148,3
DA:152,55
DA:153,55
DA:156,55
DA:157,55
DA:160,55
DA:161,55
DA:164,55
DA:165,0
DA:168,55
DA:172,55
DA:173,55
DA:174,0
DA:176,0
DA:177,0
DA:182,55
DA:183,9
DA:185,397
DA:189,55
DA:190,8
DA:191,8
DA:192,8
DA:196,9
DA:197,9
DA:199,9
DA:200,1
DA:201,1
DA:202,1
DA:204,1
DA:205,1
DA:206,1
DA:208,1
DA:209,100
DA:210,100
DA:212,100
DA:216,8
DA:218,303
DA:222,1
DA:226,35
DA:230,3
DA:235,18
DA:236,18
DA:237,18
DA:241,6
DA:242,6
DA:243,6
DA:244,6
DA:245,6
DA:246,6
DA:247,6
DA:248,6
DA:249,6
DA:250,6
DA:251,6
DA:252,6
DA:253,1
DA:255,6
DA:260,12
DA:261,1
DA:262,1
DA:265,11
DA:266,11
DA:269,11
DA:270,0
DA:271,0
DA:275,11
DA:277,11
DA:290,10
DA:291,10
DA:292,3
DA:293,3
DA:294,0
DA:296,3
DA:297,3
DA:298,3
DA:299,3
DA:302,7
DA:303,7
DA:304,7
DA:309,0
DA:310,0
DA:311,0
DA:313,0
DA:314,0
DA:315,0
DA:318,0
DA:324,0
DA:326,0
DA:327,0
DA:331,86
DA:332,86
DA:333,86
DA:334,86
DA:335,86
DA:336,86
DA:337,86
DA:338,86
DA:339,86
DA:340,86
DA:341,86
DA:342,86
DA:343,86
DA:344,86
DA:345,86
DA:346,86
DA:350,0
DA:351,0
DA:352,0
DA:353,0
DA:357,0
DA:358,0
DA:362,1
DA:363,1
DA:365,1
DA:369,1
DA:370,1
DA:372,1
DA:377,5
DA:378,5
DA:379,1
DA:381,4
DA:386,3
DA:387,3
DA:389,3
DA:390,1
DA:392,2
DA:394,3
DA:395,3
DA:400,0
DA:401,0
DA:402,0
DA:403,0
DA:404,0
DA:405,0
DA:406,0
DA:408,0
DA:412,1
DA:413,1
DA:418,1
DA:419,1
DA:420,1
DA:421,1
DA:422,1
DA:423,1
DA:424,1
DA:425,1
DA:429,0
DA:433,1
DA:434,1
DA:436,1
DA:437,1
DA:438,0
DA:439,0
DA:440,0
DA:441,0
DA:442,0
DA:443,0
DA:445,0
DA:446,0
DA:449,0
DA:451,1
DA:455,2
DA:459,1
DA:460,1
DA:461,1
DA:466,8
DA:467,8
DA:471,2
DA:475,4
DA:476,4
DA:477,5
DA:482,4
DA:483,4
DA:484,5
DA:490,55
DA:491,8
DA:492,8
DA:493,8
DA:495,8
DA:496,8
DA:497,8
DA:500,8
DA:502,14
DA:505,14
DA:507,12
DA:510,12
DA:511,12
DA:512,12
DA:515,12
DA:518,12
DA:519,12
DA:522,12
DA:523,10
DA:524,15
DA:525,15
DA:531,14
DA:544,0
DA:549,0
DA:554,0
DA:569,0
LF:260
LH:215
BRDA:505,0,0,12
BRDA:505,0,1,2
BRDA:505,1,0,14
BRDA:505,1,1,12
BRDA:515,2,0,12
BRDA:515,2,1,2
BRDA:519,3,0,12
BRDA:519,3,1,12
BRDA:522,4,0,10
BRDA:522,4,1,2
BRDA:526,5,0,15
BRDA:526,5,1,10
BRDA:140,6,0,55
BRDA:140,6,1,53
BRDA:140,7,0,1
BRDA:140,7,1,52
BRDA:145,8,0,4
BRDA:145,8,1,3
BRDA:153,9,0,55
BRDA:153,9,1,0
BRDA:160,10,0,55
BRDA:160,10,1,0
BRDA:161,11,0,55
BRDA:161,11,1,0
BRDA:164,12,0,0
BRDA:164,12,1,55
BRDA:173,13,0,0
BRDA:173,13,1,55
BRDA:199,14,0,1
BRDA:199,14,1,8
BRDA:212,15,0,100
BRDA:212,15,1,6
BRDA:243,16,0,6
BRDA:243,16,1,0
BRDA:244,17,0,6
BRDA:244,17,1,0
BRDA:245,18,0,6
BRDA:245,18,1,0
BRDA:246,19,0,6
BRDA:246,19,1,0
BRDA:249,20,0,6
BRDA:249,20,1,5
BRDA:250,21,0,6
BRDA:250,21,1,4
BRDA:251,22,0,6
BRDA:251,22,1,4
BRDA:252,23,0,1
BRDA:252,23,1,5
BRDA:260,24,0,1
BRDA:260,24,1,11
BRDA:269,25,0,0
BRDA:269,25,1,11
BRDA:283,26,0,0
BRDA:283,26,1,10
BRDA:284,27,0,10
BRDA:284,27,1,8
BRDA:285,28,0,4
BRDA:285,28,1,6
BRDA:286,29,0,3
BRDA:286,29,1,7
BRDA:291,30,0,3
BRDA:291,30,1,7
BRDA:293,31,0,0
BRDA:293,31,1,3
BRDA:311,32,0,0
BRDA:311,32,1,0
BRDA:311,33,0,0
BRDA:311,33,1,0
BRDA:313,34,0,0
BRDA:313,34,1,0
BRDA:334,35,0,86
BRDA:334,35,1,0
BRDA:335,36,0,86
BRDA:335,36,1,0
BRDA:336,37,0,86
BRDA:336,37,1,0
BRDA:337,38,0,86
BRDA:337,38,1,0
BRDA:352,39,0,0
BRDA:352,39,1,0
BRDA:352,39,2,0
BRDA:378,40,0,1
BRDA:378,40,1,4
BRDA:385,41,0,2
BRDA:387,42,0,0
BRDA:387,42,1,3
BRDA:389,43,0,1
BRDA:389,43,1,2
BRDA:400,44,0,0
BRDA:400,44,1,0
BRDA:402,45,0,0
BRDA:402,45,1,0
BRDA:403,46,0,0
BRDA:403,46,1,0
BRDA:404,47,0,0
BRDA:404,47,1,0
BRDA:434,48,0,0
BRDA:434,48,1,1
BRDA:439,49,0,0
BRDA:439,49,1,0
BRDA:441,50,0,0
BRDA:441,50,1,0
BRDA:445,51,0,0
BRDA:445,51,1,0
BRDA:477,52,0,4
BRDA:477,52,1,1
BRDA:484,53,0,4
BRDA:484,53,1,1
BRF:108
BRH:67
end_of_record
TN:
SF:src/components/shift-list-item.component.ts
FN:92,(anonymous_1)
FNF:1
FNH:1
FNDA:1,(anonymous_1)
DA:1,1
DA:2,1
DA:4,1
DA:5,1
DA:92,1
DA:94,1
DA:95,1
LF:7
LH:7
BRF:0
BRH:0
end_of_record
TN:
SF:src/components/toast-container.component.ts
FN:149,(anonymous_1)
FNF:1
FNH:1
FNDA:55,(anonymous_1)
DA:1,1
DA:2,1
DA:3,1
DA:149,1
DA:150,55
LF:5
LH:5
BRF:0
BRH:0
end_of_record
TN:
SF:src/directives/modal-focus.directive.ts
FN:11,(anonymous_1)
FN:13,(anonymous_2)
FN:18,(anonymous_3)
FN:24,(anonymous_4)
FN:35,(anonymous_5)
FN:45,(anonymous_6)
FN:60,(anonymous_7)
FN:67,(anonymous_8)
FNF:8
FNH:8
FNDA:14,(anonymous_1)
FNDA:14,(anonymous_2)
FNDA:14,(anonymous_3)
FNDA:14,(anonymous_4)
FNDA:15,(anonymous_5)
FNDA:14,(anonymous_6)
FNDA:14,(anonymous_7)
FNDA:11,(anonymous_8)
DA:1,2
DA:7,2
DA:8,14
DA:9,14
DA:11,14
DA:15,14
DA:18,14
DA:19,14
DA:20,14
DA:26,14
DA:30,13
DA:36,15
DA:37,11
DA:38,4
DA:41,1
DA:46,14
DA:55,14
DA:61,14
DA:62,14
DA:63,13
DA:68,11
DA:69,1
DA:72,10
DA:73,10
DA:74,10
DA:76,10
DA:77,0
DA:80,10
DA:82,1
DA:83,1
DA:84,1
DA:88,9
DA:89,8
DA:90,8
LF:34
LH:33
BRDA:26,0,0,13
BRDA:26,0,1,1
BRDA:27,1,0,14
BRDA:27,1,1,13
BRDA:36,2,0,11
BRDA:36,2,1,4
BRDA:38,3,0,1
BRDA:38,3,1,3
BRDA:62,4,0,13
BRDA:62,4,1,1
BRDA:68,5,0,1
BRDA:68,5,1,10
BRDA:76,6,0,0
BRDA:76,6,1,10
BRDA:76,7,0,10
BRDA:76,7,1,10
BRDA:80,8,0,1
BRDA:80,8,1,9
BRDA:82,9,0,1
BRDA:82,9,1,0
BRDA:88,10,0,8
BRDA:88,10,1,1
BRF:22
BRH:20
end_of_record
TN:
SF:src/pipes/date-format.pipe.ts
FN:10,(anonymous_1)
FN:14,(anonymous_2)
FNF:2
FNH:2
FNDA:22,(anonymous_1)
FNDA:22,(anonymous_2)
DA:1,2
DA:2,2
DA:3,2
DA:10,2
DA:11,22
DA:12,22
DA:18,22
DA:19,22
DA:22,22
DA:24,6
DA:25,6
DA:27,2
DA:28,2
DA:30,1
DA:31,1
DA:33,1
DA:34,1
DA:36,2
DA:37,2
DA:39,4
DA:40,4
DA:42,6
DA:43,6
DA:46,22
LF:24
LH:24
BRDA:16,0,0,4
BRDA:19,1,0,8
BRDA:19,1,1,14
BRDA:22,2,0,6
BRDA:22,2,1,2
BRDA:22,2,2,1
BRDA:22,2,3,1
BRDA:22,2,4,2
BRDA:22,2,5,4
BRDA:22,2,6,6
BRDA:24,3,0,2
BRDA:24,3,1,4
BRDA:42,4,0,2
BRDA:42,4,1,4
BRF:14
BRH:14
end_of_record
TN:
SF:src/pipes/translate.pipe.ts
FN:10,(anonymous_1)
FN:13,(anonymous_2)
FNF:2
FNH:2
FNDA:292,(anonymous_1)
FNDA:41,(anonymous_2)
DA:1,2
DA:2,2
DA:3,2
DA:10,2
DA:11,292
DA:14,41
LF:6
LH:6
BRF:0
BRH:0
end_of_record
TN:
SF:src/services/notification.service.ts
FN:13,(anonymous_1)
FN:16,(anonymous_2)
FN:30,(anonymous_3)
FN:38,(anonymous_4)
FN:90,(anonymous_5)
FN:95,(anonymous_6)
FN:99,(anonymous_7)
FN:104,(anonymous_8)
FN:109,(anonymous_9)
FN:114,(anonymous_10)
FN:125,(anonymous_11)
FNF:11
FNH:10
FNDA:123,(anonymous_1)
FNDA:3,(anonymous_2)
FNDA:0,(anonymous_3)
FNDA:682,(anonymous_4)
FNDA:322,(anonymous_5)
FNDA:3,(anonymous_6)
FNDA:2,(anonymous_7)
FNDA:2,(anonymous_8)
FNDA:3,(anonymous_9)
FNDA:634,(anonymous_10)
FNDA:1,(anonymous_11)
DA:1,3
DA:2,3
DA:3,3
DA:13,3
DA:14,123
DA:17,3
DA:18,1
DA:19,1
DA:23,2
DA:24,2
DA:25,1
DA:26,1
DA:30,1
DA:31,0
DA:35,1
DA:39,682
DA:40,681
DA:43,1
DA:44,1
DA:45,1
DA:48,1
DA:51,1
DA:52,1
DA:65,1
DA:66,0
DA:67,0
DA:68,0
DA:70,0
DA:71,0
DA:84,1
DA:85,1
DA:86,1
DA:91,322
DA:94,1
DA:95,3
DA:97,1
DA:98,1
DA:99,2
DA:105,2
DA:106,1
DA:107,1
DA:108,1
DA:109,3
DA:115,634
DA:116,634
DA:126,1
LF:46
LH:40
BRDA:17,0,0,1
BRDA:17,0,1,2
BRDA:24,1,0,1
BRDA:24,1,1,1
BRDA:39,2,0,681
BRDA:39,2,1,1
BRDA:39,3,0,682
BRDA:39,3,1,2
BRDA:51,4,0,1
BRDA:51,4,1,0
BRDA:65,5,0,0
BRDA:65,5,1,1
BRDA:70,6,0,0
BRDA:70,6,1,0
BRDA:84,7,0,1
BRDA:84,7,1,0
BRDA:91,8,0,321
BRDA:91,8,1,1
BRDA:97,9,0,1
BRDA:97,9,1,0
BRDA:105,10,0,1
BRDA:105,10,1,1
BRDA:107,11,0,1
BRDA:107,11,1,0
BRDA:116,12,0,1
BRDA:116,12,1,633
BRF:26
BRH:19
end_of_record
TN:
SF:src/services/shift.service.ts
FN:18,(anonymous_1)
FN:20,(anonymous_2)
FN:25,(anonymous_3)
FN:30,(anonymous_4)
FN:48,(anonymous_5)
FN:54,(anonymous_6)
FN:60,(anonymous_7)
FN:66,(anonymous_8)
FN:72,(anonymous_9)
FN:120,(anonymous_10)
FN:125,(anonymous_11)
FN:130,(anonymous_12)
FN:131,(anonymous_13)
FN:131,(anonymous_14)
FN:134,(anonymous_15)
FN:140,(anonymous_16)
FN:142,(anonymous_17)
FN:142,(anonymous_18)
FN:145,(anonymous_19)
FN:147,(anonymous_20)
FN:148,(anonymous_21)
FN:149,(anonymous_22)
FN:149,(anonymous_23)
FN:152,(anonymous_24)
FN:160,(anonymous_25)
FN:174,(anonymous_26)
FN:201,(anonymous_27)
FN:209,(anonymous_28)
FNF:28
FNH:28
FNDA:109,(anonymous_1)
FNDA:56,(anonymous_2)
FNDA:109,(anonymous_3)
FNDA:56,(anonymous_4)
FNDA:1333,(anonymous_5)
FNDA:32,(anonymous_6)
FNDA:16,(anonymous_7)
FNDA:577,(anonymous_8)
FNDA:564,(anonymous_9)
FNDA:13,(anonymous_10)
FNDA:115,(anonymous_11)
FNDA:6,(anonymous_12)
FNDA:6,(anonymous_13)
FNDA:6,(anonymous_14)
FNDA:1,(anonymous_15)
FNDA:7,(anonymous_16)
FNDA:7,(anonymous_17)
FNDA:9,(anonymous_18)
FNDA:4,(anonymous_19)
FNDA:313,(anonymous_20)
FNDA:313,(anonymous_21)
FNDA:4,(anonymous_22)
FNDA:313,(anonymous_23)
FNDA:14,(anonymous_24)
FNDA:1011,(anonymous_25)
FNDA:1011,(anonymous_26)
FNDA:2009,(anonymous_27)
FNDA:20,(anonymous_28)
DA:1,2
DA:3,2
DA:4,2
DA:7,2
DA:8,109
DA:9,109
DA:10,109
DA:11,109
DA:12,109
DA:14,109
DA:15,109
DA:16,109
DA:19,109
DA:20,108
DA:21,56
DA:26,109
DA:27,109
DA:31,56
DA:32,56
DA:33,56
DA:35,2
DA:36,1
DA:37,1
DA:42,1
DA:43,1
DA:49,1333
DA:50,1333
DA:51,1333
DA:55,32
DA:56,32
DA:57,32
DA:61,16
DA:62,16
DA:63,16
DA:67,577
DA:69,577
DA:70,564
DA:71,564
DA:72,564
DA:75,564
DA:77,13
DA:78,13
DA:79,13
DA:80,13
DA:83,13
DA:85,13
DA:86,13
DA:87,13
DA:89,1368
DA:90,1368
DA:97,1368
DA:99,1368
DA:101,1018
DA:102,1018
DA:104,315
DA:108,315
DA:110,32
DA:111,32
DA:113,3
DA:114,3
DA:116,1368
DA:120,13
DA:123,13
DA:124,13
DA:125,115
DA:131,6
DA:135,1
DA:136,1
DA:137,1
DA:141,7
DA:142,9
DA:147,313
DA:148,313
DA:149,313
DA:153,14
DA:154,14
DA:156,13
DA:157,1
DA:160,1011
DA:162,12
DA:163,7
DA:166,5
DA:167,5
DA:169,1
DA:170,1
DA:175,1011
DA:176,1
DA:179,1010
DA:181,1010
DA:202,2009
DA:203,0
DA:205,2009
DA:206,2009
DA:210,20
LF:94
LH:93
BRDA:27,0,0,2
BRDA:27,0,1,107
BRDA:35,1,0,1
BRDA:35,1,1,1
BRDA:35,2,0,2
BRDA:35,2,1,1
BRDA:69,3,0,564
BRDA:69,3,1,13
BRDA:69,4,0,577
BRDA:69,4,1,13
BRDA:87,5,0,1381
BRDA:87,5,1,1371
BRDA:99,6,0,1018
BRDA:99,6,1,315
BRDA:99,6,2,32
BRDA:99,6,3,3
BRDA:131,7,0,5
BRDA:131,7,1,1
BRDA:156,8,0,1
BRDA:156,8,1,12
BRDA:162,9,0,7
BRDA:162,9,1,5
BRDA:175,10,0,1
BRDA:175,10,1,1010
BRDA:175,11,0,1011
BRDA:175,11,1,1011
BRDA:182,12,0,1010
BRDA:182,12,1,1008
BRDA:182,12,2,1008
BRDA:182,12,3,1007
BRDA:182,12,4,1006
BRDA:182,12,5,1006
BRDA:182,12,6,1005
BRDA:182,12,7,1004
BRDA:182,12,8,1004
BRDA:182,12,9,1004
BRDA:182,12,10,1004
BRDA:182,12,11,1004
BRDA:182,12,12,1004
BRDA:182,12,13,1004
BRDA:182,12,14,1004
BRDA:182,12,15,1004
BRDA:202,13,0,0
BRDA:202,13,1,2009
BRF:44
BRH:43
end_of_record
TN:
SF:src/services/toast.service.ts
FN:11,(anonymous_1)
FN:14,(anonymous_2)
FN:18,(anonymous_3)
FN:21,(anonymous_4)
FN:25,(anonymous_5)
FN:29,(anonymous_6)
FN:33,(anonymous_7)
FN:37,(anonymous_8)
FN:41,(anonymous_9)
FN:42,(anonymous_10)
FN:42,(anonymous_11)
FN:45,(anonymous_12)
FNF:12
FNH:12
FNDA:132,(anonymous_1)
FNDA:32,(anonymous_2)
FNDA:32,(anonymous_3)
FNDA:3,(anonymous_4)
FNDA:3,(anonymous_5)
FNDA:5,(anonymous_6)
FNDA:2,(anonymous_7)
FNDA:2,(anonymous_8)
FNDA:6,(anonymous_9)
FNDA:6,(anonymous_10)
FNDA:8,(anonymous_11)
FNDA:2,(anonymous_12)
DA:1,3
DA:11,3
DA:12,132
DA:15,32
DA:16,32
DA:18,32
DA:20,32
DA:21,31
DA:26,3
DA:30,5
DA:34,2
DA:38,2
DA:42,8
DA:46,2
LF:14
LH:14
BRDA:14,0,0,14
BRDA:14,1,0,15
BRDA:20,2,0,31
BRDA:20,2,1,1
BRDA:25,3,0,2
BRDA:29,4,0,2
BRDA:33,5,0,1
BRDA:37,6,0,1
BRF:8
BRH:8
end_of_record
TN:
SF:src/services/translation.service.ts
FN:8,(anonymous_2)
FN:16,(anonymous_3)
FN:25,(anonymous_4)
FN:30,(anonymous_5)
FNF:4
FNH:4
FNDA:97,(anonymous_2)
FNDA:97,(anonymous_3)
FNDA:39,(anonymous_4)
FNDA:50,(anonymous_5)
DA:1,4
DA:4,4
DA:5,4
DA:8,4
DA:9,97
DA:11,97
DA:17,97
DA:18,97
DA:19,26
DA:21,71
DA:22,71
DA:26,39
DA:27,39
DA:31,50
LF:14
LH:14
BRDA:18,0,0,26
BRDA:18,0,1,71
BRDA:18,1,0,97
BRDA:18,1,1,88
BRDA:22,2,0,1
BRDA:22,2,1,70
BRDA:31,3,0,50
BRDA:31,3,1,23
BRF:8
BRH:8
end_of_record
